Determining if the pthread_create exist failed with the following output:
Change Dir: /home/mohammadreza/Documents/CMU-Project/RED/catkin_ws/build/sick_visionary_t_driver/CMakeFiles/CMakeTmp

Run Build Command:"/usr/bin/make" "cmTC_4f5cc/fast"
/usr/bin/make -f CMakeFiles/cmTC_4f5cc.dir/build.make CMakeFiles/cmTC_4f5cc.dir/build
make[1]: Entering directory '/home/mohammadreza/Documents/CMU-Project/RED/catkin_ws/build/sick_visionary_t_driver/CMakeFiles/CMakeTmp'
Building C object CMakeFiles/cmTC_4f5cc.dir/CheckSymbolExists.c.o
/usr/bin/cc     -o CMakeFiles/cmTC_4f5cc.dir/CheckSymbolExists.c.o   -c /home/mohammadreza/Documents/CMU-Project/RED/catkin_ws/build/sick_visionary_t_driver/CMakeFiles/CMakeTmp/CheckSymbolExists.c
Linking C executable cmTC_4f5cc
/usr/bin/cmake -E cmake_link_script CMakeFiles/cmTC_4f5cc.dir/link.txt --verbose=1
/usr/bin/cc       CMakeFiles/cmTC_4f5cc.dir/CheckSymbolExists.c.o  -o cmTC_4f5cc -rdynamic 
CMakeFiles/cmTC_4f5cc.dir/CheckSymbolExists.c.o: In function `main':
CheckSymbolExists.c:(.text+0x16): undefined reference to `pthread_create'
collect2: error: ld returned 1 exit status
CMakeFiles/cmTC_4f5cc.dir/build.make:97: recipe for target 'cmTC_4f5cc' failed
make[1]: *** [cmTC_4f5cc] Error 1
make[1]: Leaving directory '/home/mohammadreza/Documents/CMU-Project/RED/catkin_ws/build/sick_visionary_t_driver/CMakeFiles/CMakeTmp'
Makefile:126: recipe for target 'cmTC_4f5cc/fast' failed
make: *** [cmTC_4f5cc/fast] Error 2

File /home/mohammadreza/Documents/CMU-Project/RED/catkin_ws/build/sick_visionary_t_driver/CMakeFiles/CMakeTmp/CheckSymbolExists.c:
/* */
#include <pthread.h>

int main(int argc, char** argv)
{
  (void)argv;
#ifndef pthread_create
  return ((int*)(&pthread_create))[argc];
#else
  (void)argc;
  return 0;
#endif
}

Determining if the function pthread_create exists in the pthreads failed with the following output:
Change Dir: /home/mohammadreza/Documents/CMU-Project/RED/catkin_ws/build/sick_visionary_t_driver/CMakeFiles/CMakeTmp

Run Build Command:"/usr/bin/make" "cmTC_c2622/fast"
/usr/bin/make -f CMakeFiles/cmTC_c2622.dir/build.make CMakeFiles/cmTC_c2622.dir/build
make[1]: Entering directory '/home/mohammadreza/Documents/CMU-Project/RED/catkin_ws/build/sick_visionary_t_driver/CMakeFiles/CMakeTmp'
Building C object CMakeFiles/cmTC_c2622.dir/CheckFunctionExists.c.o
/usr/bin/cc    -DCHECK_FUNCTION_EXISTS=pthread_create   -o CMakeFiles/cmTC_c2622.dir/CheckFunctionExists.c.o   -c /usr/share/cmake-3.5/Modules/CheckFunctionExists.c
Linking C executable cmTC_c2622
/usr/bin/cmake -E cmake_link_script CMakeFiles/cmTC_c2622.dir/link.txt --verbose=1
/usr/bin/cc   -DCHECK_FUNCTION_EXISTS=pthread_create    CMakeFiles/cmTC_c2622.dir/CheckFunctionExists.c.o  -o cmTC_c2622 -rdynamic -lpthreads 
/usr/bin/ld: cannot find -lpthreads
collect2: error: ld returned 1 exit status
CMakeFiles/cmTC_c2622.dir/build.make:97: recipe for target 'cmTC_c2622' failed
make[1]: *** [cmTC_c2622] Error 1
make[1]: Leaving directory '/home/mohammadreza/Documents/CMU-Project/RED/catkin_ws/build/sick_visionary_t_driver/CMakeFiles/CMakeTmp'
Makefile:126: recipe for target 'cmTC_c2622/fast' failed
make: *** [cmTC_c2622/fast] Error 2


