[01m[K/home/mohammadreza/Documents/CMU-Project/RED/catkin_ws/src/subscriber/my_subscriber.cpp:[m[K In function ‘[01m[Kvoid imageCallback(const ImageConstPtr&)[m[K’:
[01m[K/home/mohammadreza/Documents/CMU-Project/RED/catkin_ws/src/subscriber/my_subscriber.cpp:37:11:[m[K [01;31m[Kerror: [m[Kexpected ‘[01m[K;[m[K’ before ‘[01m[Kclose_cut[m[K’
           close_cut.at<uint16_t>(cv::Point(j, i)) = my_img.at<uint16_t>(cv::Point(j, i)); 
[01;32m[K           ^[m[K
[01m[K/home/mohammadreza/Documents/CMU-Project/RED/catkin_ws/src/subscriber/my_subscriber.cpp:39:9:[m[K [01;31m[Kerror: [m[K‘[01m[Kelse[m[K’ without a previous ‘[01m[Kif[m[K’
         else
[01;32m[K         ^[m[K
[01m[K/home/mohammadreza/Documents/CMU-Project/RED/catkin_ws/src/subscriber/my_subscriber.cpp:41:44:[m[K [01;31m[Kerror: [m[Kname lookup of ‘[01m[Kj[m[K’ changed for ISO ‘[01m[Kfor[m[K’ scoping [-fpermissive]
           close_cut.at<uint16_t>(cv::Point(j, i)) = 42000;
[01;32m[K                                            ^[m[K
[01m[K/home/mohammadreza/Documents/CMU-Project/RED/catkin_ws/src/subscriber/my_subscriber.cpp:41:44:[m[K [01;36m[Knote: [m[K(if you use ‘[01m[K-fpermissive[m[K’ G++ will accept your code)
[01m[K/home/mohammadreza/Documents/CMU-Project/RED/catkin_ws/src/subscriber/my_subscriber.cpp:46:5:[m[K [01;31m[Kerror: [m[Kexpected ‘[01m[Kcatch[m[K’ before ‘[01m[Kstd[m[K’
     std::cout << "min = " << min << " max = " << max << "\n";
[01;32m[K     ^[m[K
[01m[K/home/mohammadreza/Documents/CMU-Project/RED/catkin_ws/src/subscriber/my_subscriber.cpp:46:5:[m[K [01;31m[Kerror: [m[Kexpected ‘[01m[K([m[K’ before ‘[01m[Kstd[m[K’
[01m[K/home/mohammadreza/Documents/CMU-Project/RED/catkin_ws/src/subscriber/my_subscriber.cpp:46:10:[m[K [01;31m[Kerror: [m[K‘[01m[Kcout[m[K’ in namespace ‘[01m[Kstd[m[K’ does not name a type
     std::cout << "min = " << min << " max = " << max << "\n";
[01;32m[K          ^[m[K
[01m[K/home/mohammadreza/Documents/CMU-Project/RED/catkin_ws/src/subscriber/my_subscriber.cpp:46:15:[m[K [01;31m[Kerror: [m[Kexpected ‘[01m[K)[m[K’ before ‘[01m[K<<[m[K’ token
     std::cout << "min = " << min << " max = " << max << "\n";
[01;32m[K               ^[m[K
[01m[K/home/mohammadreza/Documents/CMU-Project/RED/catkin_ws/src/subscriber/my_subscriber.cpp:46:15:[m[K [01;31m[Kerror: [m[Kexpected ‘[01m[K{[m[K’ before ‘[01m[K<<[m[K’ token
[01m[K/home/mohammadreza/Documents/CMU-Project/RED/catkin_ws/src/subscriber/my_subscriber.cpp:46:15:[m[K [01;31m[Kerror: [m[Kexpected primary-expression before ‘[01m[K<<[m[K’ token
[01m[K/home/mohammadreza/Documents/CMU-Project/RED/catkin_ws/src/subscriber/my_subscriber.cpp:46:30:[m[K [01;31m[Kerror: [m[K‘[01m[Kmin[m[K’ was not declared in this scope
     std::cout << "min = " << min << " max = " << max << "\n";
[01;32m[K                              ^[m[K
[01m[K/home/mohammadreza/Documents/CMU-Project/RED/catkin_ws/src/subscriber/my_subscriber.cpp:46:30:[m[K [01;36m[Knote: [m[Ksuggested alternatives:
In file included from [01m[K/usr/include/c++/5/bits/char_traits.h:39:0[m[K,
                 from [01m[K/usr/include/c++/5/string:40[m[K,
                 from [01m[K/opt/ros/kinetic/include/ros/platform.h:55[m[K,
                 from [01m[K/opt/ros/kinetic/include/ros/time.h:53[m[K,
                 from [01m[K/opt/ros/kinetic/include/ros/ros.h:38[m[K,
                 from [01m[K/home/mohammadreza/Documents/CMU-Project/RED/catkin_ws/src/subscriber/my_subscriber.cpp:1[m[K:
[01m[K/usr/include/c++/5/bits/stl_algobase.h:243:5:[m[K [01;36m[Knote: [m[K  ‘[01m[Kstd::min[m[K’
     min(const _Tp& __a, const _Tp& __b, _Compare __comp)
[01;32m[K     ^[m[K
In file included from [01m[K/opt/ros/kinetic/include/opencv-3.3.1/opencv2/highgui.hpp:46:0[m[K,
                 from [01m[K/opt/ros/kinetic/include/opencv-3.3.1/opencv2/highgui/highgui.hpp:48[m[K,
                 from [01m[K/home/mohammadreza/Documents/CMU-Project/RED/catkin_ws/src/subscriber/my_subscriber.cpp:3[m[K:
[01m[K/opt/ros/kinetic/include/opencv-3.3.1/opencv2/core.hpp:1428:17:[m[K [01;36m[Knote: [m[K  ‘[01m[Kcv::min[m[K’
 CV_EXPORTS void min(const UMat& src1, const UMat& src2, UMat& dst);
[01;32m[K                 ^[m[K
[01m[K/home/mohammadreza/Documents/CMU-Project/RED/catkin_ws/src/subscriber/my_subscriber.cpp:46:50:[m[K [01;31m[Kerror: [m[K‘[01m[Kmax[m[K’ was not declared in this scope
     std::cout << "min = " << min << " max = " << max << "\n";
[01;32m[K                                                  ^[m[K
[01m[K/home/mohammadreza/Documents/CMU-Project/RED/catkin_ws/src/subscriber/my_subscriber.cpp:46:50:[m[K [01;36m[Knote: [m[Ksuggested alternatives:
In file included from [01m[K/usr/include/c++/5/bits/char_traits.h:39:0[m[K,
                 from [01m[K/usr/include/c++/5/string:40[m[K,
                 from [01m[K/opt/ros/kinetic/include/ros/platform.h:55[m[K,
                 from [01m[K/opt/ros/kinetic/include/ros/time.h:53[m[K,
                 from [01m[K/opt/ros/kinetic/include/ros/ros.h:38[m[K,
                 from [01m[K/home/mohammadreza/Documents/CMU-Project/RED/catkin_ws/src/subscriber/my_subscriber.cpp:1[m[K:
[01m[K/usr/include/c++/5/bits/stl_algobase.h:265:5:[m[K [01;36m[Knote: [m[K  ‘[01m[Kstd::max[m[K’
     max(const _Tp& __a, const _Tp& __b, _Compare __comp)
[01;32m[K     ^[m[K
In file included from [01m[K/usr/include/boost/math/special_functions/round.hpp:13:0[m[K,
                 from [01m[K/opt/ros/kinetic/include/ros/time.h:58[m[K,
                 from [01m[K/opt/ros/kinetic/include/ros/ros.h:38[m[K,
                 from [01m[K/home/mohammadreza/Documents/CMU-Project/RED/catkin_ws/src/subscriber/my_subscriber.cpp:1[m[K:
[01m[K/usr/include/boost/math/tools/config.hpp:298:10:[m[K [01;36m[Knote: [m[K  ‘[01m[Kboost::math::tools::max[m[K’
 inline T max BOOST_PREVENT_MACRO_SUBSTITUTION(T a, T b, T c, T d)
[01;32m[K          ^[m[K
In file included from [01m[K/opt/ros/kinetic/include/opencv-3.3.1/opencv2/highgui.hpp:46:0[m[K,
                 from [01m[K/opt/ros/kinetic/include/opencv-3.3.1/opencv2/highgui/highgui.hpp:48[m[K,
                 from [01m[K/home/mohammadreza/Documents/CMU-Project/RED/catkin_ws/src/subscriber/my_subscriber.cpp:3[m[K:
[01m[K/opt/ros/kinetic/include/opencv-3.3.1/opencv2/core.hpp:1449:17:[m[K [01;36m[Knote: [m[K  ‘[01m[Kcv::max[m[K’
 CV_EXPORTS void max(const UMat& src1, const UMat& src2, UMat& dst);
[01;32m[K                 ^[m[K
[01m[K/home/mohammadreza/Documents/CMU-Project/RED/catkin_ws/src/subscriber/my_subscriber.cpp:47:5:[m[K [01;31m[Kerror: [m[K‘[01m[Kmy_img[m[K’ was not declared in this scope
     my_img.convertTo(my_img, CV_8U);
[01;32m[K     ^[m[K
[01m[K/home/mohammadreza/Documents/CMU-Project/RED/catkin_ws/src/subscriber/my_subscriber.cpp:50:29:[m[K [01;31m[Kerror: [m[K‘[01m[KlowThreshold[m[K’ was not declared in this scope
     cv::Canny(my_img, edge, lowThreshold, lowThreshold*3);
[01;32m[K                             ^[m[K
[01m[K/home/mohammadreza/Documents/CMU-Project/RED/catkin_ws/src/subscriber/my_subscriber.cpp:67:26:[m[K [01;31m[Kerror: [m[K‘[01m[Kclose_cut[m[K’ was not declared in this scope
       cv::imshow("edge", close_cut);
[01;32m[K                          ^[m[K
[01m[K/home/mohammadreza/Documents/CMU-Project/RED/catkin_ws/src/subscriber/my_subscriber.cpp:[m[K At global scope:
[01m[K/home/mohammadreza/Documents/CMU-Project/RED/catkin_ws/src/subscriber/my_subscriber.cpp:72:3:[m[K [01;31m[Kerror: [m[Kexpected unqualified-id before ‘[01m[Kcatch[m[K’
   catch (cv_bridge::Exception& e)
[01;32m[K   ^[m[K
make[2]: *** [CMakeFiles/my_subscriber.dir/my_subscriber.cpp.o] Error 1
make[1]: *** [CMakeFiles/my_subscriber.dir/all] Error 2
make: *** [all] Error 2
