[01m[K/home/mohammadreza/Documents/CMU-Project/RED/catkin_ws/src/subscriber/my_subscriber.cpp:[m[K In function ‘[01m[Kvoid imageCallback(const ImageConstPtr&)[m[K’:
[01m[K/home/mohammadreza/Documents/CMU-Project/RED/catkin_ws/src/subscriber/my_subscriber.cpp:29:3:[m[K [01;31m[Kerror: [m[K‘[01m[KPtr[m[K’ was not declared in this scope
   Ptr<cv::xfeatures2d::SURF> detector = SURF::create( minHessian );
[01;32m[K   ^[m[K
[01m[K/home/mohammadreza/Documents/CMU-Project/RED/catkin_ws/src/subscriber/my_subscriber.cpp:29:3:[m[K [01;36m[Knote: [m[Ksuggested alternative:
In file included from [01m[K/opt/ros/kinetic/include/opencv-3.3.1/opencv2/core/base.hpp:58:0[m[K,
                 from [01m[K/opt/ros/kinetic/include/opencv-3.3.1/opencv2/core.hpp:54[m[K,
                 from [01m[K/opt/ros/kinetic/include/opencv-3.3.1/opencv2/highgui.hpp:46[m[K,
                 from [01m[K/opt/ros/kinetic/include/opencv-3.3.1/opencv2/highgui/highgui.hpp:48[m[K,
                 from [01m[K/home/mohammadreza/Documents/CMU-Project/RED/catkin_ws/src/subscriber/my_subscriber.cpp:3[m[K:
[01m[K/opt/ros/kinetic/include/opencv-3.3.1/opencv2/core/cvstd.hpp:261:8:[m[K [01;36m[Knote: [m[K  ‘[01m[Kcv::Ptr[m[K’
 struct Ptr
[01;32m[K        ^[m[K
[01m[K/home/mohammadreza/Documents/CMU-Project/RED/catkin_ws/src/subscriber/my_subscriber.cpp:29:28:[m[K [01;31m[Kerror: [m[Kexpected primary-expression before ‘[01m[K>[m[K’ token
   Ptr<cv::xfeatures2d::SURF> detector = SURF::create( minHessian );
[01;32m[K                            ^[m[K
[01m[K/home/mohammadreza/Documents/CMU-Project/RED/catkin_ws/src/subscriber/my_subscriber.cpp:29:30:[m[K [01;31m[Kerror: [m[K‘[01m[Kdetector[m[K’ was not declared in this scope
   Ptr<cv::xfeatures2d::SURF> detector = SURF::create( minHessian );
[01;32m[K                              ^[m[K
[01m[K/home/mohammadreza/Documents/CMU-Project/RED/catkin_ws/src/subscriber/my_subscriber.cpp:31:15:[m[K [01;31m[Kerror: [m[K‘[01m[KKeyPoint[m[K’ was not declared in this scope
   std::vector<KeyPoint> keypoints;
[01;32m[K               ^[m[K
[01m[K/home/mohammadreza/Documents/CMU-Project/RED/catkin_ws/src/subscriber/my_subscriber.cpp:31:15:[m[K [01;36m[Knote: [m[Ksuggested alternative:
In file included from [01m[K/opt/ros/kinetic/include/opencv-3.3.1/opencv2/core.hpp:58:0[m[K,
                 from [01m[K/opt/ros/kinetic/include/opencv-3.3.1/opencv2/highgui.hpp:46[m[K,
                 from [01m[K/opt/ros/kinetic/include/opencv-3.3.1/opencv2/highgui/highgui.hpp:48[m[K,
                 from [01m[K/home/mohammadreza/Documents/CMU-Project/RED/catkin_ws/src/subscriber/my_subscriber.cpp:3[m[K:
[01m[K/opt/ros/kinetic/include/opencv-3.3.1/opencv2/core/types.hpp:707:27:[m[K [01;36m[Knote: [m[K  ‘[01m[Kcv::KeyPoint[m[K’
 class CV_EXPORTS_W_SIMPLE KeyPoint
[01;32m[K                           ^[m[K
[01m[K/home/mohammadreza/Documents/CMU-Project/RED/catkin_ws/src/subscriber/my_subscriber.cpp:31:23:[m[K [01;31m[Kerror: [m[Ktemplate argument 1 is invalid
   std::vector<KeyPoint> keypoints;
[01;32m[K                       ^[m[K
[01m[K/home/mohammadreza/Documents/CMU-Project/RED/catkin_ws/src/subscriber/my_subscriber.cpp:31:23:[m[K [01;31m[Kerror: [m[Ktemplate argument 2 is invalid
[01m[K/home/mohammadreza/Documents/CMU-Project/RED/catkin_ws/src/subscriber/my_subscriber.cpp:35:45:[m[K [01;31m[Kerror: [m[K‘[01m[KScalar[m[K’ has not been declared
   drawKeypoints( my_img, keypoints, my_img, Scalar::all(-1), DrawMatchesFlags::DEFAULT );
[01;32m[K                                             ^[m[K
[01m[K/home/mohammadreza/Documents/CMU-Project/RED/catkin_ws/src/subscriber/my_subscriber.cpp:35:62:[m[K [01;31m[Kerror: [m[K‘[01m[KDrawMatchesFlags[m[K’ has not been declared
   drawKeypoints( my_img, keypoints, my_img, Scalar::all(-1), DrawMatchesFlags::DEFAULT );
[01;32m[K                                                              ^[m[K
make[2]: *** [CMakeFiles/my_subscriber.dir/my_subscriber.cpp.o] Error 1
make[1]: *** [CMakeFiles/my_subscriber.dir/all] Error 2
make: *** [all] Error 2
