CMakeFiles/my_subscriber.dir/my_subscriber.cpp.o: In function `imageCallback(boost::shared_ptr<sensor_msgs::Image_<std::allocator<void> > const> const&)':
my_subscriber.cpp:(.text+0x64): undefined reference to `cv_bridge::toCvShare(boost::shared_ptr<sensor_msgs::Image_<std::allocator<void> > const> const&, std::__cxx11::basic_string<char, std::char_traits<char>, std::allocator<char> > const&)'
my_subscriber.cpp:(.text+0xb0): undefined reference to `cv::imshow(cv::String const&, cv::_InputArray const&)'
my_subscriber.cpp:(.text+0xff): undefined reference to `cv::waitKey(int)'
CMakeFiles/my_subscriber.dir/my_subscriber.cpp.o: In function `main':
my_subscriber.cpp:(.text+0x411): undefined reference to `cv::namedWindow(cv::String const&, int)'
my_subscriber.cpp:(.text+0x425): undefined reference to `cv::startWindowThread()'
my_subscriber.cpp:(.text+0x43e): undefined reference to `image_transport::ImageTransport::ImageTransport(ros::NodeHandle const&)'
my_subscriber.cpp:(.text+0x677): undefined reference to `cv::destroyWindow(cv::String const&)'
my_subscriber.cpp:(.text+0x6a4): undefined reference to `image_transport::ImageTransport::~ImageTransport()'
my_subscriber.cpp:(.text+0x935): undefined reference to `image_transport::ImageTransport::~ImageTransport()'
CMakeFiles/my_subscriber.dir/my_subscriber.cpp.o: In function `image_transport::ImageTransport::subscribe(std::__cxx11::basic_string<char, std::char_traits<char>, std::allocator<char> > const&, unsigned int, void (*)(boost::shared_ptr<sensor_msgs::Image_<std::allocator<void> > const> const&), image_transport::TransportHints const&)':
my_subscriber.cpp:(.text._ZN15image_transport14ImageTransport9subscribeERKNSt7__cxx1112basic_stringIcSt11char_traitsIcESaIcEEEjPFvRKN5boost10shared_ptrIKN11sensor_msgs6Image_ISaIvEEEEEERKNS_14TransportHintsE[_ZN15image_transport14ImageTransport9subscribeERKNSt7__cxx1112basic_stringIcSt11char_traitsIcESaIcEEEjPFvRKN5boost10shared_ptrIKN11sensor_msgs6Image_ISaIvEEEEEERKNS_14TransportHintsE]+0x7b): undefined reference to `image_transport::ImageTransport::subscribe(std::__cxx11::basic_string<char, std::char_traits<char>, std::allocator<char> > const&, unsigned int, boost::function<void (boost::shared_ptr<sensor_msgs::Image_<std::allocator<void> > const> const&)> const&, boost::shared_ptr<void> const&, image_transport::TransportHints const&)'
CMakeFiles/my_subscriber.dir/my_subscriber.cpp.o: In function `cv::String::String(char const*)':
my_subscriber.cpp:(.text._ZN2cv6StringC2EPKc[_ZN2cv6StringC5EPKc]+0x4d): undefined reference to `cv::String::allocate(unsigned long)'
CMakeFiles/my_subscriber.dir/my_subscriber.cpp.o: In function `cv::String::~String()':
my_subscriber.cpp:(.text._ZN2cv6StringD2Ev[_ZN2cv6StringD5Ev]+0x14): undefined reference to `cv::String::deallocate()'
collect2: error: ld returned 1 exit status
make[2]: *** [/home/mohammadreza/Documents/CMU-Project/RED/catkin_ws/devel/.private/my_subscriber/lib/my_subscriber/my_subscriber] Error 1
make[1]: *** [CMakeFiles/my_subscriber.dir/all] Error 2
make: *** [all] Error 2
