CMakeFiles/my_subscriber.dir/my_subscriber.cpp.o: In function `imageCallback(boost::shared_ptr<sensor_msgs::Image_<std::allocator<void> > const> const&)':
my_subscriber.cpp:(.text+0x64): undefined reference to `cv_bridge::toCvShare(boost::shared_ptr<sensor_msgs::Image_<std::allocator<void> > const> const&, std::__cxx11::basic_string<char, std::char_traits<char>, std::allocator<char> > const&)'
my_subscriber.cpp:(.text+0x193): undefined reference to `ros::console::g_initialized'
my_subscriber.cpp:(.text+0x1a3): undefined reference to `ros::console::initialize()'
my_subscriber.cpp:(.text+0x1ec): undefined reference to `ros::console::initializeLogLocation(ros::console::LogLocation*, std::__cxx11::basic_string<char, std::char_traits<char>, std::allocator<char> > const&, ros::console::levels::Level)'
my_subscriber.cpp:(.text+0x227): undefined reference to `ros::console::setLogLocationLevel(ros::console::LogLocation*, ros::console::levels::Level)'
my_subscriber.cpp:(.text+0x231): undefined reference to `ros::console::checkLogLocationEnabled(ros::console::LogLocation*)'
my_subscriber.cpp:(.text+0x29e): undefined reference to `ros::console::print(ros::console::FilterBase*, void*, ros::console::levels::Level, char const*, int, char const*, char const*, ...)'
CMakeFiles/my_subscriber.dir/my_subscriber.cpp.o: In function `main':
my_subscriber.cpp:(.text+0x36f): undefined reference to `ros::init(int&, char**, std::__cxx11::basic_string<char, std::char_traits<char>, std::allocator<char> > const&, unsigned int)'
my_subscriber.cpp:(.text+0x3cb): undefined reference to `ros::NodeHandle::NodeHandle(std::__cxx11::basic_string<char, std::char_traits<char>, std::allocator<char> > const&, std::map<std::__cxx11::basic_string<char, std::char_traits<char>, std::allocator<char> >, std::__cxx11::basic_string<char, std::char_traits<char>, std::allocator<char> >, std::less<std::__cxx11::basic_string<char, std::char_traits<char>, std::allocator<char> > >, std::allocator<std::pair<std::__cxx11::basic_string<char, std::char_traits<char>, std::allocator<char> > const, std::__cxx11::basic_string<char, std::char_traits<char>, std::allocator<char> > > > > const&)'
my_subscriber.cpp:(.text+0x43e): undefined reference to `image_transport::ImageTransport::ImageTransport(ros::NodeHandle const&)'
my_subscriber.cpp:(.text+0x4c1): undefined reference to `ros::NodeHandle::NodeHandle(std::__cxx11::basic_string<char, std::char_traits<char>, std::allocator<char> > const&, std::map<std::__cxx11::basic_string<char, std::char_traits<char>, std::allocator<char> >, std::__cxx11::basic_string<char, std::char_traits<char>, std::allocator<char> >, std::less<std::__cxx11::basic_string<char, std::char_traits<char>, std::allocator<char> > >, std::allocator<std::pair<std::__cxx11::basic_string<char, std::char_traits<char>, std::allocator<char> > const, std::__cxx11::basic_string<char, std::char_traits<char>, std::allocator<char> > > > > const&)'
my_subscriber.cpp:(.text+0x604): undefined reference to `ros::NodeHandle::~NodeHandle()'
my_subscriber.cpp:(.text+0x654): undefined reference to `ros::spin()'
my_subscriber.cpp:(.text+0x6a4): undefined reference to `image_transport::ImageTransport::~ImageTransport()'
my_subscriber.cpp:(.text+0x6b3): undefined reference to `ros::NodeHandle::~NodeHandle()'
my_subscriber.cpp:(.text+0x727): undefined reference to `ros::NodeHandle::~NodeHandle()'
my_subscriber.cpp:(.text+0x758): undefined reference to `ros::NodeHandle::~NodeHandle()'
my_subscriber.cpp:(.text+0x84a): undefined reference to `ros::NodeHandle::~NodeHandle()'
my_subscriber.cpp:(.text+0x935): undefined reference to `image_transport::ImageTransport::~ImageTransport()'
my_subscriber.cpp:(.text+0x949): undefined reference to `ros::NodeHandle::~NodeHandle()'
CMakeFiles/my_subscriber.dir/my_subscriber.cpp.o: In function `image_transport::TransportHints::TransportHints(std::__cxx11::basic_string<char, std::char_traits<char>, std::allocator<char> > const&, ros::TransportHints const&, ros::NodeHandle const&, std::__cxx11::basic_string<char, std::char_traits<char>, std::allocator<char> > const&)':
my_subscriber.cpp:(.text._ZN15image_transport14TransportHintsC2ERKNSt7__cxx1112basic_stringIcSt11char_traitsIcESaIcEEERKN3ros14TransportHintsERKNS9_10NodeHandleES8_[_ZN15image_transport14TransportHintsC5ERKNSt7__cxx1112basic_stringIcSt11char_traitsIcESaIcEEERKN3ros14TransportHintsERKNS9_10NodeHandleES8_]+0x53): undefined reference to `ros::NodeHandle::NodeHandle(ros::NodeHandle const&)'
my_subscriber.cpp:(.text._ZN15image_transport14TransportHintsC2ERKNSt7__cxx1112basic_stringIcSt11char_traitsIcESaIcEEERKN3ros14TransportHintsERKNS9_10NodeHandleES8_[_ZN15image_transport14TransportHintsC5ERKNSt7__cxx1112basic_stringIcSt11char_traitsIcESaIcEEERKN3ros14TransportHintsERKNS9_10NodeHandleES8_]+0x84): undefined reference to `ros::NodeHandle::~NodeHandle()'
CMakeFiles/my_subscriber.dir/my_subscriber.cpp.o: In function `image_transport::TransportHints::~TransportHints()':
my_subscriber.cpp:(.text._ZN15image_transport14TransportHintsD2Ev[_ZN15image_transport14TransportHintsD5Ev]+0x19): undefined reference to `ros::NodeHandle::~NodeHandle()'
CMakeFiles/my_subscriber.dir/my_subscriber.cpp.o: In function `image_transport::ImageTransport::subscribe(std::__cxx11::basic_string<char, std::char_traits<char>, std::allocator<char> > const&, unsigned int, void (*)(boost::shared_ptr<sensor_msgs::Image_<std::allocator<void> > const> const&), image_transport::TransportHints const&)':
my_subscriber.cpp:(.text._ZN15image_transport14ImageTransport9subscribeERKNSt7__cxx1112basic_stringIcSt11char_traitsIcESaIcEEEjPFvRKN5boost10shared_ptrIKN11sensor_msgs6Image_ISaIvEEEEEERKNS_14TransportHintsE[_ZN15image_transport14ImageTransport9subscribeERKNSt7__cxx1112basic_stringIcSt11char_traitsIcESaIcEEEjPFvRKN5boost10shared_ptrIKN11sensor_msgs6Image_ISaIvEEEEEERKNS_14TransportHintsE]+0x7b): undefined reference to `image_transport::ImageTransport::subscribe(std::__cxx11::basic_string<char, std::char_traits<char>, std::allocator<char> > const&, unsigned int, boost::function<void (boost::shared_ptr<sensor_msgs::Image_<std::allocator<void> > const> const&)> const&, boost::shared_ptr<void> const&, image_transport::TransportHints const&)'
CMakeFiles/my_subscriber.dir/my_subscriber.cpp.o: In function `bool ros::NodeHandle::param<std::__cxx11::basic_string<char, std::char_traits<char>, std::allocator<char> > >(std::__cxx11::basic_string<char, std::char_traits<char>, std::allocator<char> > const&, std::__cxx11::basic_string<char, std::char_traits<char>, std::allocator<char> >&, std::__cxx11::basic_string<char, std::char_traits<char>, std::allocator<char> > const&) const':
my_subscriber.cpp:(.text._ZNK3ros10NodeHandle5paramINSt7__cxx1112basic_stringIcSt11char_traitsIcESaIcEEEEEbRKS7_RT_RKSA_[_ZNK3ros10NodeHandle5paramINSt7__cxx1112basic_stringIcSt11char_traitsIcESaIcEEEEEbRKS7_RT_RKSA_]+0x27): undefined reference to `ros::NodeHandle::hasParam(std::__cxx11::basic_string<char, std::char_traits<char>, std::allocator<char> > const&) const'
my_subscriber.cpp:(.text._ZNK3ros10NodeHandle5paramINSt7__cxx1112basic_stringIcSt11char_traitsIcESaIcEEEEEbRKS7_RT_RKSA_[_ZNK3ros10NodeHandle5paramINSt7__cxx1112basic_stringIcSt11char_traitsIcESaIcEEEEEbRKS7_RT_RKSA_]+0x42): undefined reference to `ros::NodeHandle::getParam(std::__cxx11::basic_string<char, std::char_traits<char>, std::allocator<char> > const&, std::__cxx11::basic_string<char, std::char_traits<char>, std::allocator<char> >&) const'
collect2: error: ld returned 1 exit status
make[2]: *** [/home/mohammadreza/Documents/CMU-Project/RED/catkin_ws/devel/.private/my_subscriber/lib/my_subscriber/my_subscriber] Error 1
make[1]: *** [CMakeFiles/my_subscriber.dir/all] Error 2
make: *** [all] Error 2
