Determining if the pthread_create exist failed with the following output:
Change Dir: /home/mohammadreza/Documents/CMU-Project/RED/catkin_ws/build/rqt_gui_cpp/CMakeFiles/CMakeTmp

Run Build Command:"/usr/bin/make" "cmTC_1fd22/fast"
/usr/bin/make -f CMakeFiles/cmTC_1fd22.dir/build.make CMakeFiles/cmTC_1fd22.dir/build
make[1]: Entering directory '/home/mohammadreza/Documents/CMU-Project/RED/catkin_ws/build/rqt_gui_cpp/CMakeFiles/CMakeTmp'
Building C object CMakeFiles/cmTC_1fd22.dir/CheckSymbolExists.c.o
/usr/bin/cc     -o CMakeFiles/cmTC_1fd22.dir/CheckSymbolExists.c.o   -c /home/mohammadreza/Documents/CMU-Project/RED/catkin_ws/build/rqt_gui_cpp/CMakeFiles/CMakeTmp/CheckSymbolExists.c
Linking C executable cmTC_1fd22
/usr/bin/cmake -E cmake_link_script CMakeFiles/cmTC_1fd22.dir/link.txt --verbose=1
/usr/bin/cc       CMakeFiles/cmTC_1fd22.dir/CheckSymbolExists.c.o  -o cmTC_1fd22 -rdynamic 
CMakeFiles/cmTC_1fd22.dir/CheckSymbolExists.c.o: In function `main':
CheckSymbolExists.c:(.text+0x16): undefined reference to `pthread_create'
collect2: error: ld returned 1 exit status
CMakeFiles/cmTC_1fd22.dir/build.make:97: recipe for target 'cmTC_1fd22' failed
make[1]: *** [cmTC_1fd22] Error 1
make[1]: Leaving directory '/home/mohammadreza/Documents/CMU-Project/RED/catkin_ws/build/rqt_gui_cpp/CMakeFiles/CMakeTmp'
Makefile:126: recipe for target 'cmTC_1fd22/fast' failed
make: *** [cmTC_1fd22/fast] Error 2

File /home/mohammadreza/Documents/CMU-Project/RED/catkin_ws/build/rqt_gui_cpp/CMakeFiles/CMakeTmp/CheckSymbolExists.c:
/* */
#include <pthread.h>

int main(int argc, char** argv)
{
  (void)argv;
#ifndef pthread_create
  return ((int*)(&pthread_create))[argc];
#else
  (void)argc;
  return 0;
#endif
}

Determining if the function pthread_create exists in the pthreads failed with the following output:
Change Dir: /home/mohammadreza/Documents/CMU-Project/RED/catkin_ws/build/rqt_gui_cpp/CMakeFiles/CMakeTmp

Run Build Command:"/usr/bin/make" "cmTC_015bd/fast"
/usr/bin/make -f CMakeFiles/cmTC_015bd.dir/build.make CMakeFiles/cmTC_015bd.dir/build
make[1]: Entering directory '/home/mohammadreza/Documents/CMU-Project/RED/catkin_ws/build/rqt_gui_cpp/CMakeFiles/CMakeTmp'
Building C object CMakeFiles/cmTC_015bd.dir/CheckFunctionExists.c.o
/usr/bin/cc    -DCHECK_FUNCTION_EXISTS=pthread_create   -o CMakeFiles/cmTC_015bd.dir/CheckFunctionExists.c.o   -c /usr/share/cmake-3.5/Modules/CheckFunctionExists.c
Linking C executable cmTC_015bd
/usr/bin/cmake -E cmake_link_script CMakeFiles/cmTC_015bd.dir/link.txt --verbose=1
/usr/bin/cc   -DCHECK_FUNCTION_EXISTS=pthread_create    CMakeFiles/cmTC_015bd.dir/CheckFunctionExists.c.o  -o cmTC_015bd -rdynamic -lpthreads 
/usr/bin/ld: cannot find -lpthreads
collect2: error: ld returned 1 exit status
CMakeFiles/cmTC_015bd.dir/build.make:97: recipe for target 'cmTC_015bd' failed
make[1]: *** [cmTC_015bd] Error 1
make[1]: Leaving directory '/home/mohammadreza/Documents/CMU-Project/RED/catkin_ws/build/rqt_gui_cpp/CMakeFiles/CMakeTmp'
Makefile:126: recipe for target 'cmTC_015bd/fast' failed
make: *** [cmTC_015bd/fast] Error 2


