/usr/lib/gcc/x86_64-linux-gnu/5/../../../x86_64-linux-gnu/crt1.o: In function `_start':
(.text+0x20): undefined reference to `main'
CMakeFiles/pcl_processor.dir/pcl_processor.cpp.o: In function `__static_initialization_and_destruction_0(int, int)':
pcl_processor.cpp:(.text+0x202): undefined reference to `boost::system::generic_category()'
pcl_processor.cpp:(.text+0x20e): undefined reference to `boost::system::generic_category()'
pcl_processor.cpp:(.text+0x21a): undefined reference to `boost::system::system_category()'
pcl_processor.cpp:(.text+0x56b): undefined reference to `vtkDebugLeaksManager::vtkDebugLeaksManager()'
pcl_processor.cpp:(.text+0x57a): undefined reference to `vtkDebugLeaksManager::~vtkDebugLeaksManager()'
CMakeFiles/pcl_processor.dir/pcl_processor.cpp.o: In function `vtkRenderingCore_AutoInit::vtkRenderingCore_AutoInit()':
pcl_processor.cpp:(.text._ZN25vtkRenderingCore_AutoInitC2Ev[_ZN25vtkRenderingCore_AutoInitC5Ev]+0xd): undefined reference to `vtkInteractionStyle_AutoInit_Construct()'
pcl_processor.cpp:(.text._ZN25vtkRenderingCore_AutoInitC2Ev[_ZN25vtkRenderingCore_AutoInitC5Ev]+0x12): undefined reference to `vtkRenderingFreeType_AutoInit_Construct()'
pcl_processor.cpp:(.text._ZN25vtkRenderingCore_AutoInitC2Ev[_ZN25vtkRenderingCore_AutoInitC5Ev]+0x17): undefined reference to `vtkRenderingFreeTypeOpenGL_AutoInit_Construct()'
pcl_processor.cpp:(.text._ZN25vtkRenderingCore_AutoInitC2Ev[_ZN25vtkRenderingCore_AutoInitC5Ev]+0x1c): undefined reference to `vtkRenderingOpenGL_AutoInit_Construct()'
CMakeFiles/pcl_processor.dir/pcl_processor.cpp.o: In function `vtkRenderingCore_AutoInit::~vtkRenderingCore_AutoInit()':
pcl_processor.cpp:(.text._ZN25vtkRenderingCore_AutoInitD2Ev[_ZN25vtkRenderingCore_AutoInitD5Ev]+0xd): undefined reference to `vtkInteractionStyle_AutoInit_Destruct()'
pcl_processor.cpp:(.text._ZN25vtkRenderingCore_AutoInitD2Ev[_ZN25vtkRenderingCore_AutoInitD5Ev]+0x12): undefined reference to `vtkRenderingFreeType_AutoInit_Destruct()'
pcl_processor.cpp:(.text._ZN25vtkRenderingCore_AutoInitD2Ev[_ZN25vtkRenderingCore_AutoInitD5Ev]+0x17): undefined reference to `vtkRenderingFreeTypeOpenGL_AutoInit_Destruct()'
pcl_processor.cpp:(.text._ZN25vtkRenderingCore_AutoInitD2Ev[_ZN25vtkRenderingCore_AutoInitD5Ev]+0x1c): undefined reference to `vtkRenderingOpenGL_AutoInit_Destruct()'
CMakeFiles/pcl_processor.dir/pcl_processor.cpp.o: In function `vtkRenderingFreeType_AutoInit::vtkRenderingFreeType_AutoInit()':
pcl_processor.cpp:(.text._ZN29vtkRenderingFreeType_AutoInitC2Ev[_ZN29vtkRenderingFreeType_AutoInitC5Ev]+0xd): undefined reference to `vtkRenderingFreeTypeFontConfig_AutoInit_Construct()'
pcl_processor.cpp:(.text._ZN29vtkRenderingFreeType_AutoInitC2Ev[_ZN29vtkRenderingFreeType_AutoInitC5Ev]+0x12): undefined reference to `vtkRenderingMatplotlib_AutoInit_Construct()'
CMakeFiles/pcl_processor.dir/pcl_processor.cpp.o: In function `vtkRenderingFreeType_AutoInit::~vtkRenderingFreeType_AutoInit()':
pcl_processor.cpp:(.text._ZN29vtkRenderingFreeType_AutoInitD2Ev[_ZN29vtkRenderingFreeType_AutoInitD5Ev]+0xd): undefined reference to `vtkRenderingFreeTypeFontConfig_AutoInit_Destruct()'
pcl_processor.cpp:(.text._ZN29vtkRenderingFreeType_AutoInitD2Ev[_ZN29vtkRenderingFreeType_AutoInitD5Ev]+0x12): undefined reference to `vtkRenderingMatplotlib_AutoInit_Destruct()'
CMakeFiles/pcl_processor.dir/pcl_processor.cpp.o: In function `void pcl::detail::FieldMapper<pcl::PointXYZ>::operator()<pcl::fields::x>()':
pcl_processor.cpp:(.text._ZN3pcl6detail11FieldMapperINS_8PointXYZEEclINS_6fields1xEEEvv[_ZN3pcl6detail11FieldMapperINS_8PointXYZEEclINS_6fields1xEEEvv]+0x2a2): undefined reference to `pcl::console::print(pcl::console::VERBOSITY_LEVEL, char const*, ...)'
CMakeFiles/pcl_processor.dir/pcl_processor.cpp.o: In function `void pcl::detail::FieldMapper<pcl::PointXYZ>::operator()<pcl::fields::y>()':
pcl_processor.cpp:(.text._ZN3pcl6detail11FieldMapperINS_8PointXYZEEclINS_6fields1yEEEvv[_ZN3pcl6detail11FieldMapperINS_8PointXYZEEclINS_6fields1yEEEvv]+0x2a2): undefined reference to `pcl::console::print(pcl::console::VERBOSITY_LEVEL, char const*, ...)'
CMakeFiles/pcl_processor.dir/pcl_processor.cpp.o: In function `void pcl::detail::FieldMapper<pcl::PointXYZ>::operator()<pcl::fields::z>()':
pcl_processor.cpp:(.text._ZN3pcl6detail11FieldMapperINS_8PointXYZEEclINS_6fields1zEEEvv[_ZN3pcl6detail11FieldMapperINS_8PointXYZEEclINS_6fields1zEEEvv]+0x2a2): undefined reference to `pcl::console::print(pcl::console::VERBOSITY_LEVEL, char const*, ...)'
collect2: error: ld returned 1 exit status
make[2]: *** [/home/mohammad/Documents/CMU/RED/catkin_ws/devel/.private/pcl_processor/lib/pcl_processor/pcl_processor] Error 1
make[1]: *** [CMakeFiles/pcl_processor.dir/all] Error 2
make[1]: *** Waiting for unfinished jobs....
CMakeFiles/cylider_seg.dir/cylider_seg.cpp.o: In function `cloud_cb(boost::shared_ptr<sensor_msgs::PointCloud2_<std::allocator<void> > const> const&)':
cylider_seg.cpp:(.text+0x216): undefined reference to `pcl_processor::pcl_processor()'
cylider_seg.cpp:(.text+0x28b): undefined reference to `pcl_processor::convert_to_pcl(boost::shared_ptr<sensor_msgs::PointCloud2_<std::allocator<void> > const> const&)'
collect2: error: ld returned 1 exit status
make[2]: *** [/home/mohammad/Documents/CMU/RED/catkin_ws/devel/.private/pcl_processor/lib/pcl_processor/cylider_seg] Error 1
make[1]: *** [CMakeFiles/cylider_seg.dir/all] Error 2
make: *** [all] Error 2
