[35m[1mScanning dependencies of target cylider_seg[0m
[ 50%] Built target pcl_subscriber
[ 75%] [32mBuilding CXX object CMakeFiles/cylider_seg.dir/cylider_seg.cpp.o[0m
[01m[K/home/mohammadreza/Documents/CMU-Project/RED/catkin_ws/src/pointcloud/cylider_seg.cpp:[m[K In function ‘[01m[Kvoid cloud_cb(const PointCloud2ConstPtr&)[m[K’:
[01m[K/home/mohammadreza/Documents/CMU-Project/RED/catkin_ws/src/pointcloud/cylider_seg.cpp:188:51:[m[K [01;31m[Kerror: [m[Kredeclaration of ‘[01m[Kpcl::PCLPointCloud2ConstPtr cloudPtr[m[K’
   pcl::PCLPointCloud2ConstPtr cloudPtr(cloud_temp4);
[01;32m[K                                                   ^[m[K
[01m[K/home/mohammadreza/Documents/CMU-Project/RED/catkin_ws/src/pointcloud/cylider_seg.cpp:53:31:[m[K [01;36m[Knote: [m[K‘[01m[Kpcl::PCLPointCloud2ConstPtr cloudPtr[m[K’ previously declared here
   pcl::PCLPointCloud2ConstPtr cloudPtr(cloud_temp);
[01;32m[K                               ^[m[K
[01m[K/home/mohammadreza/Documents/CMU-Project/RED/catkin_ws/src/pointcloud/cylider_seg.cpp:190:38:[m[K [01;31m[Kerror: [m[Kredeclaration of ‘[01m[Kpcl::PointCloud<pcl::PointXYZ>::Ptr cloud[m[K’
   pcl::PointCloud<PointT>::Ptr cloud (new pcl::PointCloud<PointT>);
[01;32m[K                                      ^[m[K
[01m[K/home/mohammadreza/Documents/CMU-Project/RED/catkin_ws/src/pointcloud/cylider_seg.cpp:55:32:[m[K [01;36m[Knote: [m[K‘[01m[Kpcl::PointCloud<pcl::PointXYZ>::Ptr cloud[m[K’ previously declared here
   pcl::PointCloud<PointT>::Ptr cloud (new pcl::PointCloud<PointT>);
[01;32m[K                                ^[m[K
CMakeFiles/cylider_seg.dir/build.make:62: recipe for target 'CMakeFiles/cylider_seg.dir/cylider_seg.cpp.o' failed
make[2]: *** [CMakeFiles/cylider_seg.dir/cylider_seg.cpp.o] Error 1
CMakeFiles/Makefile2:1672: recipe for target 'CMakeFiles/cylider_seg.dir/all' failed
make[1]: *** [CMakeFiles/cylider_seg.dir/all] Error 2
Makefile:138: recipe for target 'all' failed
make: *** [all] Error 2
