[01m[K/home/mohammadreza/Documents/CMU-Project/RED/catkin_ws/src/pointcloud/pcl_subscriber.cpp:11:56:[m[K [01;31m[Kerror: [m[KISO C++ forbids declaration of ‘[01m[Kcloud_cb[m[K’ with no type [-fpermissive]
 cloud_cb (const sensor_msgs::PointCloud2ConstPtr& input)
[01;32m[K                                                        ^[m[K
[01m[K/home/mohammadreza/Documents/CMU-Project/RED/catkin_ws/src/pointcloud/pcl_subscriber.cpp:[m[K In function ‘[01m[Kint main(int, char**)[m[K’:
[01m[K/home/mohammadreza/Documents/CMU-Project/RED/catkin_ws/src/pointcloud/pcl_subscriber.cpp:30:59:[m[K [01;31m[Kerror: [m[Kno matching function for call to ‘[01m[Kros::NodeHandle::subscribe(const char [6], int, int (&)(const PointCloud2ConstPtr&))[m[K’
   ros::Subscriber sub = nh.subscribe ("input", 1, cloud_cb);
[01;32m[K                                                           ^[m[K
In file included from [01m[K/opt/ros/kinetic/include/ros/ros.h:45:0[m[K,
                 from [01m[K/home/mohammadreza/Documents/CMU-Project/RED/catkin_ws/src/pointcloud/pcl_subscriber.cpp:1[m[K:
[01m[K/opt/ros/kinetic/include/ros/node_handle.h:402:14:[m[K [01;36m[Knote: [m[Kcandidate: template<class M, class T> ros::Subscriber ros::NodeHandle::subscribe(const string&, uint32_t, void (T::*)(M), T*, const ros::TransportHints&)
   Subscriber subscribe(const std::string& topic, uint32_t queue_size, void(T::*fp)(M), T* obj, 
[01;32m[K              ^[m[K
[01m[K/opt/ros/kinetic/include/ros/node_handle.h:402:14:[m[K [01;36m[Knote: [m[K  template argument deduction/substitution failed:
[01m[K/home/mohammadreza/Documents/CMU-Project/RED/catkin_ws/src/pointcloud/pcl_subscriber.cpp:30:59:[m[K [01;36m[Knote: [m[K  mismatched types ‘[01m[Kvoid (T::*)(M)[m[K’ and ‘[01m[Kint (*)(const PointCloud2ConstPtr&) {aka int (*)(const boost::shared_ptr<const sensor_msgs::PointCloud2_<std::allocator<void> > >&)}[m[K’
   ros::Subscriber sub = nh.subscribe ("input", 1, cloud_cb);
[01;32m[K                                                           ^[m[K
In file included from [01m[K/opt/ros/kinetic/include/ros/ros.h:45:0[m[K,
                 from [01m[K/home/mohammadreza/Documents/CMU-Project/RED/catkin_ws/src/pointcloud/pcl_subscriber.cpp:1[m[K:
[01m[K/opt/ros/kinetic/include/ros/node_handle.h:413:14:[m[K [01;36m[Knote: [m[Kcandidate: template<class M, class T> ros::Subscriber ros::NodeHandle::subscribe(const string&, uint32_t, void (T::*)(M) const, T*, const ros::TransportHints&)
   Subscriber subscribe(const std::string& topic, uint32_t queue_size, void(T::*fp)(M) const, T* obj, 
[01;32m[K              ^[m[K
[01m[K/opt/ros/kinetic/include/ros/node_handle.h:413:14:[m[K [01;36m[Knote: [m[K  template argument deduction/substitution failed:
[01m[K/home/mohammadreza/Documents/CMU-Project/RED/catkin_ws/src/pointcloud/pcl_subscriber.cpp:30:59:[m[K [01;36m[Knote: [m[K  mismatched types ‘[01m[Kvoid (T::*)(M) const[m[K’ and ‘[01m[Kint (*)(const PointCloud2ConstPtr&) {aka int (*)(const boost::shared_ptr<const sensor_msgs::PointCloud2_<std::allocator<void> > >&)}[m[K’
   ros::Subscriber sub = nh.subscribe ("input", 1, cloud_cb);
[01;32m[K                                                           ^[m[K
In file included from [01m[K/opt/ros/kinetic/include/ros/ros.h:45:0[m[K,
                 from [01m[K/home/mohammadreza/Documents/CMU-Project/RED/catkin_ws/src/pointcloud/pcl_subscriber.cpp:1[m[K:
[01m[K/opt/ros/kinetic/include/ros/node_handle.h:465:14:[m[K [01;36m[Knote: [m[Kcandidate: template<class M, class T> ros::Subscriber ros::NodeHandle::subscribe(const string&, uint32_t, void (T::*)(const boost::shared_ptr<const M>&), T*, const ros::TransportHints&)
   Subscriber subscribe(const std::string& topic, uint32_t queue_size, 
[01;32m[K              ^[m[K
[01m[K/opt/ros/kinetic/include/ros/node_handle.h:465:14:[m[K [01;36m[Knote: [m[K  template argument deduction/substitution failed:
[01m[K/home/mohammadreza/Documents/CMU-Project/RED/catkin_ws/src/pointcloud/pcl_subscriber.cpp:30:59:[m[K [01;36m[Knote: [m[K  mismatched types ‘[01m[Kvoid (T::*)(const boost::shared_ptr<const M>&)[m[K’ and ‘[01m[Kint (*)(const PointCloud2ConstPtr&) {aka int (*)(const boost::shared_ptr<const sensor_msgs::PointCloud2_<std::allocator<void> > >&)}[m[K’
   ros::Subscriber sub = nh.subscribe ("input", 1, cloud_cb);
[01;32m[K                                                           ^[m[K
In file included from [01m[K/opt/ros/kinetic/include/ros/ros.h:45:0[m[K,
                 from [01m[K/home/mohammadreza/Documents/CMU-Project/RED/catkin_ws/src/pointcloud/pcl_subscriber.cpp:1[m[K:
[01m[K/opt/ros/kinetic/include/ros/node_handle.h:475:14:[m[K [01;36m[Knote: [m[Kcandidate: template<class M, class T> ros::Subscriber ros::NodeHandle::subscribe(const string&, uint32_t, void (T::*)(const boost::shared_ptr<const M>&) const, T*, const ros::TransportHints&)
   Subscriber subscribe(const std::string& topic, uint32_t queue_size, 
[01;32m[K              ^[m[K
[01m[K/opt/ros/kinetic/include/ros/node_handle.h:475:14:[m[K [01;36m[Knote: [m[K  template argument deduction/substitution failed:
[01m[K/home/mohammadreza/Documents/CMU-Project/RED/catkin_ws/src/pointcloud/pcl_subscriber.cpp:30:59:[m[K [01;36m[Knote: [m[K  mismatched types ‘[01m[Kvoid (T::*)(const boost::shared_ptr<const M>&) const[m[K’ and ‘[01m[Kint (*)(const PointCloud2ConstPtr&) {aka int (*)(const boost::shared_ptr<const sensor_msgs::PointCloud2_<std::allocator<void> > >&)}[m[K’
   ros::Subscriber sub = nh.subscribe ("input", 1, cloud_cb);
[01;32m[K                                                           ^[m[K
In file included from [01m[K/opt/ros/kinetic/include/ros/ros.h:45:0[m[K,
                 from [01m[K/home/mohammadreza/Documents/CMU-Project/RED/catkin_ws/src/pointcloud/pcl_subscriber.cpp:1[m[K:
[01m[K/opt/ros/kinetic/include/ros/node_handle.h:529:14:[m[K [01;36m[Knote: [m[Kcandidate: template<class M, class T> ros::Subscriber ros::NodeHandle::subscribe(const string&, uint32_t, void (T::*)(M), const boost::shared_ptr<U>&, const ros::TransportHints&)
   Subscriber subscribe(const std::string& topic, uint32_t queue_size, void(T::*fp)(M), 
[01;32m[K              ^[m[K
[01m[K/opt/ros/kinetic/include/ros/node_handle.h:529:14:[m[K [01;36m[Knote: [m[K  template argument deduction/substitution failed:
[01m[K/home/mohammadreza/Documents/CMU-Project/RED/catkin_ws/src/pointcloud/pcl_subscriber.cpp:30:59:[m[K [01;36m[Knote: [m[K  mismatched types ‘[01m[Kvoid (T::*)(M)[m[K’ and ‘[01m[Kint (*)(const PointCloud2ConstPtr&) {aka int (*)(const boost::shared_ptr<const sensor_msgs::PointCloud2_<std::allocator<void> > >&)}[m[K’
   ros::Subscriber sub = nh.subscribe ("input", 1, cloud_cb);
[01;32m[K                                                           ^[m[K
In file included from [01m[K/opt/ros/kinetic/include/ros/ros.h:45:0[m[K,
                 from [01m[K/home/mohammadreza/Documents/CMU-Project/RED/catkin_ws/src/pointcloud/pcl_subscriber.cpp:1[m[K:
[01m[K/opt/ros/kinetic/include/ros/node_handle.h:540:14:[m[K [01;36m[Knote: [m[Kcandidate: template<class M, class T> ros::Subscriber ros::NodeHandle::subscribe(const string&, uint32_t, void (T::*)(M) const, const boost::shared_ptr<U>&, const ros::TransportHints&)
   Subscriber subscribe(const std::string& topic, uint32_t queue_size, void(T::*fp)(M) const, 
[01;32m[K              ^[m[K
[01m[K/opt/ros/kinetic/include/ros/node_handle.h:540:14:[m[K [01;36m[Knote: [m[K  template argument deduction/substitution failed:
[01m[K/home/mohammadreza/Documents/CMU-Project/RED/catkin_ws/src/pointcloud/pcl_subscriber.cpp:30:59:[m[K [01;36m[Knote: [m[K  mismatched types ‘[01m[Kvoid (T::*)(M) const[m[K’ and ‘[01m[Kint (*)(const PointCloud2ConstPtr&) {aka int (*)(const boost::shared_ptr<const sensor_msgs::PointCloud2_<std::allocator<void> > >&)}[m[K’
   ros::Subscriber sub = nh.subscribe ("input", 1, cloud_cb);
[01;32m[K                                                           ^[m[K
In file included from [01m[K/opt/ros/kinetic/include/ros/ros.h:45:0[m[K,
                 from [01m[K/home/mohammadreza/Documents/CMU-Project/RED/catkin_ws/src/pointcloud/pcl_subscriber.cpp:1[m[K:
[01m[K/opt/ros/kinetic/include/ros/node_handle.h:594:14:[m[K [01;36m[Knote: [m[Kcandidate: template<class M, class T> ros::Subscriber ros::NodeHandle::subscribe(const string&, uint32_t, void (T::*)(const boost::shared_ptr<const M>&), const boost::shared_ptr<U>&, const ros::TransportHints&)
   Subscriber subscribe(const std::string& topic, uint32_t queue_size, 
[01;32m[K              ^[m[K
[01m[K/opt/ros/kinetic/include/ros/node_handle.h:594:14:[m[K [01;36m[Knote: [m[K  template argument deduction/substitution failed:
[01m[K/home/mohammadreza/Documents/CMU-Project/RED/catkin_ws/src/pointcloud/pcl_subscriber.cpp:30:59:[m[K [01;36m[Knote: [m[K  mismatched types ‘[01m[Kvoid (T::*)(const boost::shared_ptr<const M>&)[m[K’ and ‘[01m[Kint (*)(const PointCloud2ConstPtr&) {aka int (*)(const boost::shared_ptr<const sensor_msgs::PointCloud2_<std::allocator<void> > >&)}[m[K’
   ros::Subscriber sub = nh.subscribe ("input", 1, cloud_cb);
[01;32m[K                                                           ^[m[K
In file included from [01m[K/opt/ros/kinetic/include/ros/ros.h:45:0[m[K,
                 from [01m[K/home/mohammadreza/Documents/CMU-Project/RED/catkin_ws/src/pointcloud/pcl_subscriber.cpp:1[m[K:
[01m[K/opt/ros/kinetic/include/ros/node_handle.h:605:14:[m[K [01;36m[Knote: [m[Kcandidate: template<class M, class T> ros::Subscriber ros::NodeHandle::subscribe(const string&, uint32_t, void (T::*)(const boost::shared_ptr<const M>&) const, const boost::shared_ptr<U>&, const ros::TransportHints&)
   Subscriber subscribe(const std::string& topic, uint32_t queue_size, 
[01;32m[K              ^[m[K
[01m[K/opt/ros/kinetic/include/ros/node_handle.h:605:14:[m[K [01;36m[Knote: [m[K  template argument deduction/substitution failed:
[01m[K/home/mohammadreza/Documents/CMU-Project/RED/catkin_ws/src/pointcloud/pcl_subscriber.cpp:30:59:[m[K [01;36m[Knote: [m[K  mismatched types ‘[01m[Kvoid (T::*)(const boost::shared_ptr<const M>&) const[m[K’ and ‘[01m[Kint (*)(const PointCloud2ConstPtr&) {aka int (*)(const boost::shared_ptr<const sensor_msgs::PointCloud2_<std::allocator<void> > >&)}[m[K’
   ros::Subscriber sub = nh.subscribe ("input", 1, cloud_cb);
[01;32m[K                                                           ^[m[K
In file included from [01m[K/opt/ros/kinetic/include/ros/ros.h:45:0[m[K,
                 from [01m[K/home/mohammadreza/Documents/CMU-Project/RED/catkin_ws/src/pointcloud/pcl_subscriber.cpp:1[m[K:
[01m[K/opt/ros/kinetic/include/ros/node_handle.h:656:14:[m[K [01;36m[Knote: [m[Kcandidate: template<class M> ros::Subscriber ros::NodeHandle::subscribe(const string&, uint32_t, void (*)(M), const ros::TransportHints&)
   Subscriber subscribe(const std::string& topic, uint32_t queue_size, void(*fp)(M), const TransportHints& transport_hints = TransportHints())
[01;32m[K              ^[m[K
[01m[K/opt/ros/kinetic/include/ros/node_handle.h:656:14:[m[K [01;36m[Knote: [m[K  template argument deduction/substitution failed:
[01m[K/home/mohammadreza/Documents/CMU-Project/RED/catkin_ws/src/pointcloud/pcl_subscriber.cpp:30:59:[m[K [01;36m[Knote: [m[K  mismatched types ‘[01m[Kvoid[m[K’ and ‘[01m[Kint[m[K’
   ros::Subscriber sub = nh.subscribe ("input", 1, cloud_cb);
[01;32m[K                                                           ^[m[K
In file included from [01m[K/opt/ros/kinetic/include/ros/ros.h:45:0[m[K,
                 from [01m[K/home/mohammadreza/Documents/CMU-Project/RED/catkin_ws/src/pointcloud/pcl_subscriber.cpp:1[m[K:
[01m[K/opt/ros/kinetic/include/ros/node_handle.h:704:14:[m[K [01;36m[Knote: [m[Kcandidate: template<class M> ros::Subscriber ros::NodeHandle::subscribe(const string&, uint32_t, void (*)(const boost::shared_ptr<const M>&), const ros::TransportHints&)
   Subscriber subscribe(const std::string& topic, uint32_t queue_size, void(*fp)(const boost::shared_ptr<M const>&), const TransportHints& transport_hints = TransportHints())
[01;32m[K              ^[m[K
[01m[K/opt/ros/kinetic/include/ros/node_handle.h:704:14:[m[K [01;36m[Knote: [m[K  template argument deduction/substitution failed:
[01m[K/home/mohammadreza/Documents/CMU-Project/RED/catkin_ws/src/pointcloud/pcl_subscriber.cpp:30:59:[m[K [01;36m[Knote: [m[K  mismatched types ‘[01m[Kvoid[m[K’ and ‘[01m[Kint[m[K’
   ros::Subscriber sub = nh.subscribe ("input", 1, cloud_cb);
[01;32m[K                                                           ^[m[K
In file included from [01m[K/opt/ros/kinetic/include/ros/ros.h:45:0[m[K,
                 from [01m[K/home/mohammadreza/Documents/CMU-Project/RED/catkin_ws/src/pointcloud/pcl_subscriber.cpp:1[m[K:
[01m[K/opt/ros/kinetic/include/ros/node_handle.h:750:14:[m[K [01;36m[Knote: [m[Kcandidate: template<class M> ros::Subscriber ros::NodeHandle::subscribe(const string&, uint32_t, const boost::function<void(const boost::shared_ptr<const M>&)>&, const VoidConstPtr&, const ros::TransportHints&)
   Subscriber subscribe(const std::string& topic, uint32_t queue_size, const boost::function<void (const boost::shared_ptr<M const>&)>& callback,
[01;32m[K              ^[m[K
[01m[K/opt/ros/kinetic/include/ros/node_handle.h:750:14:[m[K [01;36m[Knote: [m[K  template argument deduction/substitution failed:
[01m[K/home/mohammadreza/Documents/CMU-Project/RED/catkin_ws/src/pointcloud/pcl_subscriber.cpp:30:59:[m[K [01;36m[Knote: [m[K  mismatched types ‘[01m[Kconst boost::function<void(const boost::shared_ptr<const M>&)>[m[K’ and ‘[01m[Kint(const PointCloud2ConstPtr&) {aka int(const boost::shared_ptr<const sensor_msgs::PointCloud2_<std::allocator<void> > >&)}[m[K’
   ros::Subscriber sub = nh.subscribe ("input", 1, cloud_cb);
[01;32m[K                                                           ^[m[K
In file included from [01m[K/opt/ros/kinetic/include/ros/ros.h:45:0[m[K,
                 from [01m[K/home/mohammadreza/Documents/CMU-Project/RED/catkin_ws/src/pointcloud/pcl_subscriber.cpp:1[m[K:
[01m[K/opt/ros/kinetic/include/ros/node_handle.h:799:14:[m[K [01;36m[Knote: [m[Kcandidate: template<class M, class C> ros::Subscriber ros::NodeHandle::subscribe(const string&, uint32_t, const boost::function<void(C)>&, const VoidConstPtr&, const ros::TransportHints&)
   Subscriber subscribe(const std::string& topic, uint32_t queue_size, const boost::function<void (C)>& callback,
[01;32m[K              ^[m[K
[01m[K/opt/ros/kinetic/include/ros/node_handle.h:799:14:[m[K [01;36m[Knote: [m[K  template argument deduction/substitution failed:
[01m[K/home/mohammadreza/Documents/CMU-Project/RED/catkin_ws/src/pointcloud/pcl_subscriber.cpp:30:59:[m[K [01;36m[Knote: [m[K  mismatched types ‘[01m[Kconst boost::function<void(C)>[m[K’ and ‘[01m[Kint(const PointCloud2ConstPtr&) {aka int(const boost::shared_ptr<const sensor_msgs::PointCloud2_<std::allocator<void> > >&)}[m[K’
   ros::Subscriber sub = nh.subscribe ("input", 1, cloud_cb);
[01;32m[K                                                           ^[m[K
In file included from [01m[K/opt/ros/kinetic/include/ros/ros.h:45:0[m[K,
                 from [01m[K/home/mohammadreza/Documents/CMU-Project/RED/catkin_ws/src/pointcloud/pcl_subscriber.cpp:1[m[K:
[01m[K/opt/ros/kinetic/include/ros/node_handle.h:836:14:[m[K [01;36m[Knote: [m[Kcandidate: ros::Subscriber ros::NodeHandle::subscribe(ros::SubscribeOptions&)
   Subscriber subscribe(SubscribeOptions& ops);
[01;32m[K              ^[m[K
[01m[K/opt/ros/kinetic/include/ros/node_handle.h:836:14:[m[K [01;36m[Knote: [m[K  candidate expects 1 argument, 3 provided
make[2]: *** [CMakeFiles/pcl_subscriber.dir/pcl_subscriber.cpp.o] Error 1
make[1]: *** [CMakeFiles/pcl_subscriber.dir/all] Error 2
make: *** [all] Error 2
