/usr/lib/gcc/x86_64-linux-gnu/5/../../../x86_64-linux-gnu/crt1.o: In function `_start':
(.text+0x20): undefined reference to `main'
CMakeFiles/pcl_processor.dir/pcl_processor.cpp.o: In function `__static_initialization_and_destruction_0(int, int)':
pcl_processor.cpp:(.text+0x201): undefined reference to `boost::system::generic_category()'
pcl_processor.cpp:(.text+0x20d): undefined reference to `boost::system::generic_category()'
pcl_processor.cpp:(.text+0x219): undefined reference to `boost::system::system_category()'
CMakeFiles/pcl_processor.dir/pcl_processor.cpp.o: In function `void pcl::detail::FieldMapper<pcl::PointXYZ>::operator()<pcl::fields::x>()':
pcl_processor.cpp:(.text._ZN3pcl6detail11FieldMapperINS_8PointXYZEEclINS_6fields1xEEEvv[_ZN3pcl6detail11FieldMapperINS_8PointXYZEEclINS_6fields1xEEEvv]+0x2a2): undefined reference to `pcl::console::print(pcl::console::VERBOSITY_LEVEL, char const*, ...)'
CMakeFiles/pcl_processor.dir/pcl_processor.cpp.o: In function `void pcl::detail::FieldMapper<pcl::PointXYZ>::operator()<pcl::fields::y>()':
pcl_processor.cpp:(.text._ZN3pcl6detail11FieldMapperINS_8PointXYZEEclINS_6fields1yEEEvv[_ZN3pcl6detail11FieldMapperINS_8PointXYZEEclINS_6fields1yEEEvv]+0x2a2): undefined reference to `pcl::console::print(pcl::console::VERBOSITY_LEVEL, char const*, ...)'
CMakeFiles/pcl_processor.dir/pcl_processor.cpp.o: In function `void pcl::detail::FieldMapper<pcl::PointXYZ>::operator()<pcl::fields::z>()':
pcl_processor.cpp:(.text._ZN3pcl6detail11FieldMapperINS_8PointXYZEEclINS_6fields1zEEEvv[_ZN3pcl6detail11FieldMapperINS_8PointXYZEEclINS_6fields1zEEEvv]+0x2a2): undefined reference to `pcl::console::print(pcl::console::VERBOSITY_LEVEL, char const*, ...)'
collect2: error: ld returned 1 exit status
make[2]: *** [/home/mohammad/Documents/CMU/RED/catkin_ws/devel/.private/pcl_processor/lib/pcl_processor/pcl_processor] Error 1
make[1]: *** [CMakeFiles/pcl_processor.dir/all] Error 2
make[1]: *** Waiting for unfinished jobs....
CMakeFiles/cylider_seg.dir/cylider_seg.cpp.o: In function `cloud_cb(boost::shared_ptr<sensor_msgs::PointCloud2_<std::allocator<void> > const> const&)':
cylider_seg.cpp:(.text+0x216): undefined reference to `pcl_processor::pcl_processor()'
cylider_seg.cpp:(.text+0x28b): undefined reference to `pcl_processor::convert_to_pcl(boost::shared_ptr<sensor_msgs::PointCloud2_<std::allocator<void> > const> const&)'
collect2: error: ld returned 1 exit status
make[2]: *** [/home/mohammad/Documents/CMU/RED/catkin_ws/devel/.private/pcl_processor/lib/pcl_processor/cylider_seg] Error 1
make[1]: *** [CMakeFiles/cylider_seg.dir/all] Error 2
make: *** [all] Error 2
