Linked: (/home/mohammad/Documents/CMU/RED/catkin_ws/devel/.private/pcl_processor/include/pcl_processor/safeguard.h, /home/mohammad/Documents/CMU/RED/catkin_ws/devel/include/pcl_processor/safeguard.h)
Linked: (/home/mohammad/Documents/CMU/RED/catkin_ws/devel/.private/pcl_processor/lib/pkgconfig/pcl_processor.pc, /home/mohammad/Documents/CMU/RED/catkin_ws/devel/lib/pkgconfig/pcl_processor.pc)
Linked: (/home/mohammad/Documents/CMU/RED/catkin_ws/devel/.private/pcl_processor/lib/python2.7/dist-packages/pcl_processor/__init__.py, /home/mohammad/Documents/CMU/RED/catkin_ws/devel/lib/python2.7/dist-packages/pcl_processor/__init__.py)
Linked: (/home/mohammad/Documents/CMU/RED/catkin_ws/devel/.private/pcl_processor/lib/python2.7/dist-packages/pcl_processor/msg/__init__.py, /home/mohammad/Documents/CMU/RED/catkin_ws/devel/lib/python2.7/dist-packages/pcl_processor/msg/__init__.py)
Linked: (/home/mohammad/Documents/CMU/RED/catkin_ws/devel/.private/pcl_processor/lib/python2.7/dist-packages/pcl_processor/msg/_safeguard.py, /home/mohammad/Documents/CMU/RED/catkin_ws/devel/lib/python2.7/dist-packages/pcl_processor/msg/_safeguard.py)
Linked: (/home/mohammad/Documents/CMU/RED/catkin_ws/devel/.private/pcl_processor/lib/pcl_processor/safeguard_main, /home/mohammad/Documents/CMU/RED/catkin_ws/devel/lib/pcl_processor/safeguard_main)
Linked: (/home/mohammad/Documents/CMU/RED/catkin_ws/devel/.private/pcl_processor/lib/pcl_processor/cylider_seg, /home/mohammad/Documents/CMU/RED/catkin_ws/devel/lib/pcl_processor/cylider_seg)
Linked: (/home/mohammad/Documents/CMU/RED/catkin_ws/devel/.private/pcl_processor/lib/pcl_processor/pcl_subscriber, /home/mohammad/Documents/CMU/RED/catkin_ws/devel/lib/pcl_processor/pcl_subscriber)
Linked: (/home/mohammad/Documents/CMU/RED/catkin_ws/devel/.private/pcl_processor/share/common-lisp/ros/pcl_processor/msg/safeguard.lisp, /home/mohammad/Documents/CMU/RED/catkin_ws/devel/share/common-lisp/ros/pcl_processor/msg/safeguard.lisp)
Linked: (/home/mohammad/Documents/CMU/RED/catkin_ws/devel/.private/pcl_processor/share/common-lisp/ros/pcl_processor/msg/_package_safeguard.lisp, /home/mohammad/Documents/CMU/RED/catkin_ws/devel/share/common-lisp/ros/pcl_processor/msg/_package_safeguard.lisp)
Linked: (/home/mohammad/Documents/CMU/RED/catkin_ws/devel/.private/pcl_processor/share/common-lisp/ros/pcl_processor/msg/_package.lisp, /home/mohammad/Documents/CMU/RED/catkin_ws/devel/share/common-lisp/ros/pcl_processor/msg/_package.lisp)
Linked: (/home/mohammad/Documents/CMU/RED/catkin_ws/devel/.private/pcl_processor/share/common-lisp/ros/pcl_processor/msg/pcl_processor-msg.asd, /home/mohammad/Documents/CMU/RED/catkin_ws/devel/share/common-lisp/ros/pcl_processor/msg/pcl_processor-msg.asd)
Linked: (/home/mohammad/Documents/CMU/RED/catkin_ws/devel/.private/pcl_processor/share/gennodejs/ros/pcl_processor/_index.js, /home/mohammad/Documents/CMU/RED/catkin_ws/devel/share/gennodejs/ros/pcl_processor/_index.js)
Linked: (/home/mohammad/Documents/CMU/RED/catkin_ws/devel/.private/pcl_processor/share/gennodejs/ros/pcl_processor/msg/_index.js, /home/mohammad/Documents/CMU/RED/catkin_ws/devel/share/gennodejs/ros/pcl_processor/msg/_index.js)
Linked: (/home/mohammad/Documents/CMU/RED/catkin_ws/devel/.private/pcl_processor/share/gennodejs/ros/pcl_processor/msg/safeguard.js, /home/mohammad/Documents/CMU/RED/catkin_ws/devel/share/gennodejs/ros/pcl_processor/msg/safeguard.js)
Linked: (/home/mohammad/Documents/CMU/RED/catkin_ws/devel/.private/pcl_processor/share/roseus/ros/pcl_processor/manifest.l, /home/mohammad/Documents/CMU/RED/catkin_ws/devel/share/roseus/ros/pcl_processor/manifest.l)
Linked: (/home/mohammad/Documents/CMU/RED/catkin_ws/devel/.private/pcl_processor/share/roseus/ros/pcl_processor/msg/safeguard.l, /home/mohammad/Documents/CMU/RED/catkin_ws/devel/share/roseus/ros/pcl_processor/msg/safeguard.l)
Linked: (/home/mohammad/Documents/CMU/RED/catkin_ws/devel/.private/pcl_processor/share/pcl_processor/cmake/pcl_processorConfig.cmake, /home/mohammad/Documents/CMU/RED/catkin_ws/devel/share/pcl_processor/cmake/pcl_processorConfig.cmake)
Linked: (/home/mohammad/Documents/CMU/RED/catkin_ws/devel/.private/pcl_processor/share/pcl_processor/cmake/pcl_processor-msg-extras.cmake, /home/mohammad/Documents/CMU/RED/catkin_ws/devel/share/pcl_processor/cmake/pcl_processor-msg-extras.cmake)
Linked: (/home/mohammad/Documents/CMU/RED/catkin_ws/devel/.private/pcl_processor/share/pcl_processor/cmake/pcl_processorConfig-version.cmake, /home/mohammad/Documents/CMU/RED/catkin_ws/devel/share/pcl_processor/cmake/pcl_processorConfig-version.cmake)
Linked: (/home/mohammad/Documents/CMU/RED/catkin_ws/devel/.private/pcl_processor/share/pcl_processor/cmake/pcl_processor-msg-paths.cmake, /home/mohammad/Documents/CMU/RED/catkin_ws/devel/share/pcl_processor/cmake/pcl_processor-msg-paths.cmake)
