[01m[K/home/mohammadreza/Documents/CMU-Project/RED/catkin_ws/src/pointcloud/cylider_seg.cpp:[m[K In function ‘[01m[Kvoid cloud_cb(const PointCloud2ConstPtr&)[m[K’:
[01m[K/home/mohammadreza/Documents/CMU-Project/RED/catkin_ws/src/pointcloud/cylider_seg.cpp:48:45:[m[K [01;31m[Kerror: [m[Kno matching function for call to ‘[01m[Kboost::shared_ptr<const pcl::PCLPointCloud2>::shared_ptr(pcl::PointCloud<pcl::PointXYZ>::Ptr&)[m[K’
   pcl::PCLPointCloud2ConstPtr cloudPtr(cloud);
[01;32m[K                                             ^[m[K
In file included from [01m[K/usr/include/boost/shared_ptr.hpp:17:0[m[K,
                 from [01m[K/usr/include/boost/format/alt_sstream.hpp:21[m[K,
                 from [01m[K/usr/include/boost/format/internals.hpp:23[m[K,
                 from [01m[K/usr/include/boost/format.hpp:38[m[K,
                 from [01m[K/usr/include/boost/math/policies/error_handling.hpp:31[m[K,
                 from [01m[K/usr/include/boost/math/special_functions/round.hpp:14[m[K,
                 from [01m[K/opt/ros/kinetic/include/ros/time.h:58[m[K,
                 from [01m[K/opt/ros/kinetic/include/ros/ros.h:38[m[K,
                 from [01m[K/home/mohammadreza/Documents/CMU-Project/RED/catkin_ws/src/pointcloud/cylider_seg.cpp:1[m[K:
[01m[K/usr/include/boost/smart_ptr/shared_ptr.hpp:467:14:[m[K [01;36m[Knote: [m[Kcandidate: template<class Ap> boost::shared_ptr<T>::shared_ptr(Ap, typename boost::detail::sp_enable_if_auto_ptr<Ap, int>::type)
     explicit shared_ptr( Ap r, typename boost::detail::sp_enable_if_auto_ptr<Ap, int>::type = 0 ): px( r.get() ), pn()
[01;32m[K              ^[m[K
[01m[K/usr/include/boost/smart_ptr/shared_ptr.hpp:467:14:[m[K [01;36m[Knote: [m[K  template argument deduction/substitution failed:
/usr/include/boost/smart_ptr/shared_ptr.hpp: In substitution of ‘[01m[Ktemplate<class Ap> boost::shared_ptr<T>::shared_ptr(Ap, typename boost::detail::sp_enable_if_auto_ptr<Ap, int>::type) [with Ap = boost::shared_ptr<pcl::PointCloud<pcl::PointXYZ> >][m[K’:
[01m[K/home/mohammadreza/Documents/CMU-Project/RED/catkin_ws/src/pointcloud/cylider_seg.cpp:48:45:[m[K   required from here
[01m[K/usr/include/boost/smart_ptr/shared_ptr.hpp:467:14:[m[K [01;31m[Kerror: [m[Kno type named ‘[01m[Ktype[m[K’ in ‘[01m[Kstruct boost::detail::sp_enable_if_auto_ptr<boost::shared_ptr<pcl::PointCloud<pcl::PointXYZ> >, int>[m[K’
[01m[K/usr/include/boost/smart_ptr/shared_ptr.hpp:441:14:[m[K [01;36m[Knote: [m[Kcandidate: template<class Y> boost::shared_ptr<T>::shared_ptr(std::auto_ptr<_Tp1>&)
     explicit shared_ptr( std::auto_ptr<Y> & r ): px(r.get()), pn()
[01;32m[K              ^[m[K
[01m[K/usr/include/boost/smart_ptr/shared_ptr.hpp:441:14:[m[K [01;36m[Knote: [m[K  template argument deduction/substitution failed:
[01m[K/home/mohammadreza/Documents/CMU-Project/RED/catkin_ws/src/pointcloud/cylider_seg.cpp:48:45:[m[K [01;36m[Knote: [m[K  ‘[01m[Kpcl::PointCloud<pcl::PointXYZ>::Ptr {aka boost::shared_ptr<pcl::PointCloud<pcl::PointXYZ> >}[m[K’ is not derived from ‘[01m[Kstd::auto_ptr<Y>[m[K’
   pcl::PCLPointCloud2ConstPtr cloudPtr(cloud);
[01;32m[K                                             ^[m[K
In file included from [01m[K/usr/include/boost/shared_ptr.hpp:17:0[m[K,
                 from [01m[K/usr/include/boost/format/alt_sstream.hpp:21[m[K,
                 from [01m[K/usr/include/boost/format/internals.hpp:23[m[K,
                 from [01m[K/usr/include/boost/format.hpp:38[m[K,
                 from [01m[K/usr/include/boost/math/policies/error_handling.hpp:31[m[K,
                 from [01m[K/usr/include/boost/math/special_functions/round.hpp:14[m[K,
                 from [01m[K/opt/ros/kinetic/include/ros/time.h:58[m[K,
                 from [01m[K/opt/ros/kinetic/include/ros/ros.h:38[m[K,
                 from [01m[K/home/mohammadreza/Documents/CMU-Project/RED/catkin_ws/src/pointcloud/cylider_seg.cpp:1[m[K:
[01m[K/usr/include/boost/smart_ptr/shared_ptr.hpp:434:5:[m[K [01;36m[Knote: [m[Kcandidate: template<class Y> boost::shared_ptr<T>::shared_ptr(const boost::shared_ptr<Y>&, boost::shared_ptr<T>::element_type*)
     shared_ptr( shared_ptr<Y> const & r, element_type * p ) BOOST_NOEXCEPT : px( p ), pn( r.pn )
[01;32m[K     ^[m[K
[01m[K/usr/include/boost/smart_ptr/shared_ptr.hpp:434:5:[m[K [01;36m[Knote: [m[K  template argument deduction/substitution failed:
[01m[K/home/mohammadreza/Documents/CMU-Project/RED/catkin_ws/src/pointcloud/cylider_seg.cpp:48:45:[m[K [01;36m[Knote: [m[K  candidate expects 2 arguments, 1 provided
   pcl::PCLPointCloud2ConstPtr cloudPtr(cloud);
[01;32m[K                                             ^[m[K
In file included from [01m[K/usr/include/boost/shared_ptr.hpp:17:0[m[K,
                 from [01m[K/usr/include/boost/format/alt_sstream.hpp:21[m[K,
                 from [01m[K/usr/include/boost/format/internals.hpp:23[m[K,
                 from [01m[K/usr/include/boost/format.hpp:38[m[K,
                 from [01m[K/usr/include/boost/math/policies/error_handling.hpp:31[m[K,
                 from [01m[K/usr/include/boost/math/special_functions/round.hpp:14[m[K,
                 from [01m[K/opt/ros/kinetic/include/ros/time.h:58[m[K,
                 from [01m[K/opt/ros/kinetic/include/ros/ros.h:38[m[K,
                 from [01m[K/home/mohammadreza/Documents/CMU-Project/RED/catkin_ws/src/pointcloud/cylider_seg.cpp:1[m[K:
[01m[K/usr/include/boost/smart_ptr/shared_ptr.hpp:420:5:[m[K [01;36m[Knote: [m[Kcandidate: template<class Y> boost::shared_ptr<T>::shared_ptr(const boost::shared_ptr<Y>&, typename boost::detail::sp_enable_if_convertible<Y, T>::type)
     shared_ptr( shared_ptr<Y> const & r, typename boost::detail::sp_enable_if_convertible<Y,T>::type = boost::detail::sp_empty() )
[01;32m[K     ^[m[K
[01m[K/usr/include/boost/smart_ptr/shared_ptr.hpp:420:5:[m[K [01;36m[Knote: [m[K  template argument deduction/substitution failed:
/usr/include/boost/smart_ptr/shared_ptr.hpp: In substitution of ‘[01m[Ktemplate<class Y> boost::shared_ptr<T>::shared_ptr(const boost::shared_ptr<Y>&, typename boost::detail::sp_enable_if_convertible<Y, T>::type) [with Y = pcl::PointCloud<pcl::PointXYZ>][m[K’:
[01m[K/home/mohammadreza/Documents/CMU-Project/RED/catkin_ws/src/pointcloud/cylider_seg.cpp:48:45:[m[K   required from here
[01m[K/usr/include/boost/smart_ptr/shared_ptr.hpp:420:5:[m[K [01;31m[Kerror: [m[Kno type named ‘[01m[Ktype[m[K’ in ‘[01m[Kstruct boost::detail::sp_enable_if_convertible<pcl::PointCloud<pcl::PointXYZ>, const pcl::PCLPointCloud2>[m[K’
[01m[K/usr/include/boost/smart_ptr/shared_ptr.hpp:408:5:[m[K [01;36m[Knote: [m[Kcandidate: template<class Y> boost::shared_ptr<T>::shared_ptr(const boost::weak_ptr<Y>&, boost::detail::sp_nothrow_tag)
     shared_ptr( weak_ptr<Y> const & r, boost::detail::sp_nothrow_tag )
[01;32m[K     ^[m[K
[01m[K/usr/include/boost/smart_ptr/shared_ptr.hpp:408:5:[m[K [01;36m[Knote: [m[K  template argument deduction/substitution failed:
[01m[K/home/mohammadreza/Documents/CMU-Project/RED/catkin_ws/src/pointcloud/cylider_seg.cpp:48:45:[m[K [01;36m[Knote: [m[K  ‘[01m[Kpcl::PointCloud<pcl::PointXYZ>::Ptr {aka boost::shared_ptr<pcl::PointCloud<pcl::PointXYZ> >}[m[K’ is not derived from ‘[01m[Kconst boost::weak_ptr<Y>[m[K’
   pcl::PCLPointCloud2ConstPtr cloudPtr(cloud);
[01;32m[K                                             ^[m[K
In file included from [01m[K/usr/include/boost/shared_ptr.hpp:17:0[m[K,
                 from [01m[K/usr/include/boost/format/alt_sstream.hpp:21[m[K,
                 from [01m[K/usr/include/boost/format/internals.hpp:23[m[K,
                 from [01m[K/usr/include/boost/format.hpp:38[m[K,
                 from [01m[K/usr/include/boost/math/policies/error_handling.hpp:31[m[K,
                 from [01m[K/usr/include/boost/math/special_functions/round.hpp:14[m[K,
                 from [01m[K/opt/ros/kinetic/include/ros/time.h:58[m[K,
                 from [01m[K/opt/ros/kinetic/include/ros/ros.h:38[m[K,
                 from [01m[K/home/mohammadreza/Documents/CMU-Project/RED/catkin_ws/src/pointcloud/cylider_seg.cpp:1[m[K:
[01m[K/usr/include/boost/smart_ptr/shared_ptr.hpp:399:14:[m[K [01;36m[Knote: [m[Kcandidate: template<class Y> boost::shared_ptr<T>::shared_ptr(const boost::weak_ptr<Y>&)
     explicit shared_ptr( weak_ptr<Y> const & r ): pn( r.pn ) // may throw
[01;32m[K              ^[m[K
[01m[K/usr/include/boost/smart_ptr/shared_ptr.hpp:399:14:[m[K [01;36m[Knote: [m[K  template argument deduction/substitution failed:
[01m[K/home/mohammadreza/Documents/CMU-Project/RED/catkin_ws/src/pointcloud/cylider_seg.cpp:48:45:[m[K [01;36m[Knote: [m[K  ‘[01m[Kpcl::PointCloud<pcl::PointXYZ>::Ptr {aka boost::shared_ptr<pcl::PointCloud<pcl::PointXYZ> >}[m[K’ is not derived from ‘[01m[Kconst boost::weak_ptr<Y>[m[K’
   pcl::PCLPointCloud2ConstPtr cloudPtr(cloud);
[01;32m[K                                             ^[m[K
In file included from [01m[K/usr/include/boost/shared_ptr.hpp:17:0[m[K,
                 from [01m[K/usr/include/boost/format/alt_sstream.hpp:21[m[K,
                 from [01m[K/usr/include/boost/format/internals.hpp:23[m[K,
                 from [01m[K/usr/include/boost/format.hpp:38[m[K,
                 from [01m[K/usr/include/boost/math/policies/error_handling.hpp:31[m[K,
                 from [01m[K/usr/include/boost/math/special_functions/round.hpp:14[m[K,
                 from [01m[K/opt/ros/kinetic/include/ros/time.h:58[m[K,
                 from [01m[K/opt/ros/kinetic/include/ros/ros.h:38[m[K,
                 from [01m[K/home/mohammadreza/Documents/CMU-Project/RED/catkin_ws/src/pointcloud/cylider_seg.cpp:1[m[K:
[01m[K/usr/include/boost/smart_ptr/shared_ptr.hpp:373:41:[m[K [01;36m[Knote: [m[Kcandidate: template<class Y, class D, class A> boost::shared_ptr<T>::shared_ptr(Y*, D, A)
     template<class Y, class D, class A> shared_ptr( Y * p, D d, A a ): px( p ), pn( p, d, a )
[01;32m[K                                         ^[m[K
[01m[K/usr/include/boost/smart_ptr/shared_ptr.hpp:373:41:[m[K [01;36m[Knote: [m[K  template argument deduction/substitution failed:
[01m[K/home/mohammadreza/Documents/CMU-Project/RED/catkin_ws/src/pointcloud/cylider_seg.cpp:48:45:[m[K [01;36m[Knote: [m[K  mismatched types ‘[01m[KY*[m[K’ and ‘[01m[Kboost::shared_ptr<pcl::PointCloud<pcl::PointXYZ> >[m[K’
   pcl::PCLPointCloud2ConstPtr cloudPtr(cloud);
[01;32m[K                                             ^[m[K
In file included from [01m[K/usr/include/boost/shared_ptr.hpp:17:0[m[K,
                 from [01m[K/usr/include/boost/format/alt_sstream.hpp:21[m[K,
                 from [01m[K/usr/include/boost/format/internals.hpp:23[m[K,
                 from [01m[K/usr/include/boost/format.hpp:38[m[K,
                 from [01m[K/usr/include/boost/math/policies/error_handling.hpp:31[m[K,
                 from [01m[K/usr/include/boost/math/special_functions/round.hpp:14[m[K,
                 from [01m[K/opt/ros/kinetic/include/ros/time.h:58[m[K,
                 from [01m[K/opt/ros/kinetic/include/ros/ros.h:38[m[K,
                 from [01m[K/home/mohammadreza/Documents/CMU-Project/RED/catkin_ws/src/pointcloud/cylider_seg.cpp:1[m[K:
[01m[K/usr/include/boost/smart_ptr/shared_ptr.hpp:358:32:[m[K [01;36m[Knote: [m[Kcandidate: template<class Y, class D> boost::shared_ptr<T>::shared_ptr(Y*, D)
     template<class Y, class D> shared_ptr( Y * p, D d ): px( p ), pn( p, d )
[01;32m[K                                ^[m[K
[01m[K/usr/include/boost/smart_ptr/shared_ptr.hpp:358:32:[m[K [01;36m[Knote: [m[K  template argument deduction/substitution failed:
[01m[K/home/mohammadreza/Documents/CMU-Project/RED/catkin_ws/src/pointcloud/cylider_seg.cpp:48:45:[m[K [01;36m[Knote: [m[K  mismatched types ‘[01m[KY*[m[K’ and ‘[01m[Kboost::shared_ptr<pcl::PointCloud<pcl::PointXYZ> >[m[K’
   pcl::PCLPointCloud2ConstPtr cloudPtr(cloud);
[01;32m[K                                             ^[m[K
In file included from [01m[K/usr/include/boost/shared_ptr.hpp:17:0[m[K,
                 from [01m[K/usr/include/boost/format/alt_sstream.hpp:21[m[K,
                 from [01m[K/usr/include/boost/format/internals.hpp:23[m[K,
                 from [01m[K/usr/include/boost/format.hpp:38[m[K,
                 from [01m[K/usr/include/boost/math/policies/error_handling.hpp:31[m[K,
                 from [01m[K/usr/include/boost/math/special_functions/round.hpp:14[m[K,
                 from [01m[K/opt/ros/kinetic/include/ros/time.h:58[m[K,
                 from [01m[K/opt/ros/kinetic/include/ros/ros.h:38[m[K,
                 from [01m[K/home/mohammadreza/Documents/CMU-Project/RED/catkin_ws/src/pointcloud/cylider_seg.cpp:1[m[K:
[01m[K/usr/include/boost/smart_ptr/shared_ptr.hpp:347:14:[m[K [01;36m[Knote: [m[Kcandidate: template<class Y> boost::shared_ptr<T>::shared_ptr(Y*)
     explicit shared_ptr( Y * p ): px( p ), pn() // Y must be complete
[01;32m[K              ^[m[K
[01m[K/usr/include/boost/smart_ptr/shared_ptr.hpp:347:14:[m[K [01;36m[Knote: [m[K  template argument deduction/substitution failed:
[01m[K/home/mohammadreza/Documents/CMU-Project/RED/catkin_ws/src/pointcloud/cylider_seg.cpp:48:45:[m[K [01;36m[Knote: [m[K  mismatched types ‘[01m[KY*[m[K’ and ‘[01m[Kboost::shared_ptr<pcl::PointCloud<pcl::PointXYZ> >[m[K’
   pcl::PCLPointCloud2ConstPtr cloudPtr(cloud);
[01;32m[K                                             ^[m[K
In file included from [01m[K/usr/include/boost/shared_ptr.hpp:17:0[m[K,
                 from [01m[K/usr/include/boost/format/alt_sstream.hpp:21[m[K,
                 from [01m[K/usr/include/boost/format/internals.hpp:23[m[K,
                 from [01m[K/usr/include/boost/format.hpp:38[m[K,
                 from [01m[K/usr/include/boost/math/policies/error_handling.hpp:31[m[K,
                 from [01m[K/usr/include/boost/math/special_functions/round.hpp:14[m[K,
                 from [01m[K/opt/ros/kinetic/include/ros/time.h:58[m[K,
                 from [01m[K/opt/ros/kinetic/include/ros/ros.h:38[m[K,
                 from [01m[K/home/mohammadreza/Documents/CMU-Project/RED/catkin_ws/src/pointcloud/cylider_seg.cpp:1[m[K:
[01m[K/usr/include/boost/smart_ptr/shared_ptr.hpp:334:5:[m[K [01;36m[Knote: [m[Kcandidate: boost::shared_ptr<T>::shared_ptr() [with T = const pcl::PCLPointCloud2]
     shared_ptr() BOOST_NOEXCEPT : px( 0 ), pn() // never throws in 1.30+
[01;32m[K     ^[m[K
[01m[K/usr/include/boost/smart_ptr/shared_ptr.hpp:334:5:[m[K [01;36m[Knote: [m[K  candidate expects 0 arguments, 1 provided
[01m[K/usr/include/boost/smart_ptr/shared_ptr.hpp:323:25:[m[K [01;36m[Knote: [m[Kcandidate: boost::shared_ptr<const pcl::PCLPointCloud2>::shared_ptr(const boost::shared_ptr<const pcl::PCLPointCloud2>&)
 template<class T> class shared_ptr
[01;32m[K                         ^[m[K
[01m[K/usr/include/boost/smart_ptr/shared_ptr.hpp:323:25:[m[K [01;36m[Knote: [m[K  no known conversion for argument 1 from ‘[01m[Kpcl::PointCloud<pcl::PointXYZ>::Ptr {aka boost::shared_ptr<pcl::PointCloud<pcl::PointXYZ> >}[m[K’ to ‘[01m[Kconst boost::shared_ptr<const pcl::PCLPointCloud2>&[m[K’
[01m[K/home/mohammadreza/Documents/CMU-Project/RED/catkin_ws/src/pointcloud/cylider_seg.cpp:52:40:[m[K [01;31m[Kerror: [m[Kno matching function for call to ‘[01m[KtoPCL(const sensor_msgs::PointCloud2_<std::allocator<void> >&, pcl::PointCloud<pcl::PointXYZ>&)[m[K’
   pcl_conversions::toPCL(*input, *cloud);
[01;32m[K                                        ^[m[K
In file included from [01m[K/home/mohammadreza/Documents/CMU-Project/RED/catkin_ws/src/pointcloud/cylider_seg.cpp:4:0[m[K:
[01m[K/opt/ros/kinetic/include/pcl_conversions/pcl_conversions.h:86:8:[m[K [01;36m[Knote: [m[Kcandidate: void pcl_conversions::toPCL(const ros::Time&, uint64_t&)
   void toPCL(const ros::Time &stamp, pcl::uint64_t &pcl_stamp)
[01;32m[K        ^[m[K
[01m[K/opt/ros/kinetic/include/pcl_conversions/pcl_conversions.h:86:8:[m[K [01;36m[Knote: [m[K  no known conversion for argument 1 from ‘[01m[Kconst sensor_msgs::PointCloud2_<std::allocator<void> >[m[K’ to ‘[01m[Kconst ros::Time&[m[K’
[01m[K/opt/ros/kinetic/include/pcl_conversions/pcl_conversions.h:100:17:[m[K [01;36m[Knote: [m[Kcandidate: uint64_t pcl_conversions::toPCL(const ros::Time&)
   pcl::uint64_t toPCL(const ros::Time &stamp)
[01;32m[K                 ^[m[K
[01m[K/opt/ros/kinetic/include/pcl_conversions/pcl_conversions.h:100:17:[m[K [01;36m[Knote: [m[K  candidate expects 1 argument, 2 provided
[01m[K/opt/ros/kinetic/include/pcl_conversions/pcl_conversions.h:118:8:[m[K [01;36m[Knote: [m[Kcandidate: void pcl_conversions::toPCL(const Header&, pcl::PCLHeader&)
   void toPCL(const std_msgs::Header &header, pcl::PCLHeader &pcl_header)
[01;32m[K        ^[m[K
[01m[K/opt/ros/kinetic/include/pcl_conversions/pcl_conversions.h:118:8:[m[K [01;36m[Knote: [m[K  no known conversion for argument 1 from ‘[01m[Kconst sensor_msgs::PointCloud2_<std::allocator<void> >[m[K’ to ‘[01m[Kconst Header& {aka const std_msgs::Header_<std::allocator<void> >&}[m[K’
[01m[K/opt/ros/kinetic/include/pcl_conversions/pcl_conversions.h:134:18:[m[K [01;36m[Knote: [m[Kcandidate: pcl::PCLHeader pcl_conversions::toPCL(const Header&)
   pcl::PCLHeader toPCL(const std_msgs::Header &header)
[01;32m[K                  ^[m[K
[01m[K/opt/ros/kinetic/include/pcl_conversions/pcl_conversions.h:134:18:[m[K [01;36m[Knote: [m[K  candidate expects 1 argument, 2 provided
[01m[K/opt/ros/kinetic/include/pcl_conversions/pcl_conversions.h:180:8:[m[K [01;36m[Knote: [m[Kcandidate: void pcl_conversions::toPCL(const Image&, pcl::PCLImage&)
   void toPCL(const sensor_msgs::Image &image, pcl::PCLImage &pcl_image)
[01;32m[K        ^[m[K
[01m[K/opt/ros/kinetic/include/pcl_conversions/pcl_conversions.h:180:8:[m[K [01;36m[Knote: [m[K  no known conversion for argument 1 from ‘[01m[Kconst sensor_msgs::PointCloud2_<std::allocator<void> >[m[K’ to ‘[01m[Kconst Image& {aka const sensor_msgs::Image_<std::allocator<void> >&}[m[K’
[01m[K/opt/ros/kinetic/include/pcl_conversions/pcl_conversions.h:216:8:[m[K [01;36m[Knote: [m[Kcandidate: void pcl_conversions::toPCL(const PointField&, pcl::PCLPointField&)
   void toPCL(const sensor_msgs::PointField &pf, pcl::PCLPointField &pcl_pf)
[01;32m[K        ^[m[K
[01m[K/opt/ros/kinetic/include/pcl_conversions/pcl_conversions.h:216:8:[m[K [01;36m[Knote: [m[K  no known conversion for argument 1 from ‘[01m[Kconst sensor_msgs::PointCloud2_<std::allocator<void> >[m[K’ to ‘[01m[Kconst PointField& {aka const sensor_msgs::PointField_<std::allocator<void> >&}[m[K’
[01m[K/opt/ros/kinetic/include/pcl_conversions/pcl_conversions.h:225:8:[m[K [01;36m[Knote: [m[Kcandidate: void pcl_conversions::toPCL(const std::vector<sensor_msgs::PointField_<std::allocator<void> > >&, std::vector<pcl::PCLPointField>&)
   void toPCL(const std::vector<sensor_msgs::PointField> &pfs, std::vector<pcl::PCLPointField> &pcl_pfs)
[01;32m[K        ^[m[K
[01m[K/opt/ros/kinetic/include/pcl_conversions/pcl_conversions.h:225:8:[m[K [01;36m[Knote: [m[K  no known conversion for argument 1 from ‘[01m[Kconst sensor_msgs::PointCloud2_<std::allocator<void> >[m[K’ to ‘[01m[Kconst std::vector<sensor_msgs::PointField_<std::allocator<void> > >&[m[K’
[01m[K/opt/ros/kinetic/include/pcl_conversions/pcl_conversions.h:278:8:[m[K [01;36m[Knote: [m[Kcandidate: void pcl_conversions::toPCL(const PointCloud2&, pcl::PCLPointCloud2&)
   void toPCL(const sensor_msgs::PointCloud2 &pc2, pcl::PCLPointCloud2 &pcl_pc2)
[01;32m[K        ^[m[K
[01m[K/opt/ros/kinetic/include/pcl_conversions/pcl_conversions.h:278:8:[m[K [01;36m[Knote: [m[K  no known conversion for argument 2 from ‘[01m[Kpcl::PointCloud<pcl::PointXYZ>[m[K’ to ‘[01m[Kpcl::PCLPointCloud2&[m[K’
[01m[K/opt/ros/kinetic/include/pcl_conversions/pcl_conversions.h:308:8:[m[K [01;36m[Knote: [m[Kcandidate: void pcl_conversions::toPCL(const PointIndices&, pcl::PointIndices&)
   void toPCL(const pcl_msgs::PointIndices &pi, pcl::PointIndices &pcl_pi)
[01;32m[K        ^[m[K
[01m[K/opt/ros/kinetic/include/pcl_conversions/pcl_conversions.h:308:8:[m[K [01;36m[Knote: [m[K  no known conversion for argument 1 from ‘[01m[Kconst sensor_msgs::PointCloud2_<std::allocator<void> >[m[K’ to ‘[01m[Kconst PointIndices& {aka const pcl_msgs::PointIndices_<std::allocator<void> >&}[m[K’
[01m[K/opt/ros/kinetic/include/pcl_conversions/pcl_conversions.h:338:8:[m[K [01;36m[Knote: [m[Kcandidate: void pcl_conversions::toPCL(const ModelCoefficients&, pcl::ModelCoefficients&)
   void toPCL(const pcl_msgs::ModelCoefficients &mc, pcl::ModelCoefficients &pcl_mc)
[01;32m[K        ^[m[K
[01m[K/opt/ros/kinetic/include/pcl_conversions/pcl_conversions.h:338:8:[m[K [01;36m[Knote: [m[K  no known conversion for argument 1 from ‘[01m[Kconst sensor_msgs::PointCloud2_<std::allocator<void> >[m[K’ to ‘[01m[Kconst ModelCoefficients& {aka const pcl_msgs::ModelCoefficients_<std::allocator<void> >&}[m[K’
[01m[K/opt/ros/kinetic/include/pcl_conversions/pcl_conversions.h:388:8:[m[K [01;36m[Knote: [m[Kcandidate: void pcl_conversions::toPCL(const Vertices&, pcl::Vertices&)
   void toPCL(const pcl_msgs::Vertices &vert, pcl::Vertices &pcl_vert)
[01;32m[K        ^[m[K
[01m[K/opt/ros/kinetic/include/pcl_conversions/pcl_conversions.h:388:8:[m[K [01;36m[Knote: [m[K  no known conversion for argument 1 from ‘[01m[Kconst sensor_msgs::PointCloud2_<std::allocator<void> >[m[K’ to ‘[01m[Kconst Vertices& {aka const pcl_msgs::Vertices_<std::allocator<void> >&}[m[K’
[01m[K/opt/ros/kinetic/include/pcl_conversions/pcl_conversions.h:394:8:[m[K [01;36m[Knote: [m[Kcandidate: void pcl_conversions::toPCL(const std::vector<pcl_msgs::Vertices_<std::allocator<void> > >&, std::vector<pcl::Vertices>&)
   void toPCL(const std::vector<pcl_msgs::Vertices> &verts, std::vector<pcl::Vertices> &pcl_verts)
[01;32m[K        ^[m[K
[01m[K/opt/ros/kinetic/include/pcl_conversions/pcl_conversions.h:394:8:[m[K [01;36m[Knote: [m[K  no known conversion for argument 1 from ‘[01m[Kconst sensor_msgs::PointCloud2_<std::allocator<void> >[m[K’ to ‘[01m[Kconst std::vector<pcl_msgs::Vertices_<std::allocator<void> > >&[m[K’
[01m[K/opt/ros/kinetic/include/pcl_conversions/pcl_conversions.h:440:8:[m[K [01;36m[Knote: [m[Kcandidate: void pcl_conversions::toPCL(const PolygonMesh&, pcl::PolygonMesh&)
   void toPCL(const pcl_msgs::PolygonMesh &mesh, pcl::PolygonMesh &pcl_mesh)
[01;32m[K        ^[m[K
[01m[K/opt/ros/kinetic/include/pcl_conversions/pcl_conversions.h:440:8:[m[K [01;36m[Knote: [m[K  no known conversion for argument 1 from ‘[01m[Kconst sensor_msgs::PointCloud2_<std::allocator<void> >[m[K’ to ‘[01m[Kconst PolygonMesh& {aka const pcl_msgs::PolygonMesh_<std::allocator<void> >&}[m[K’
[01m[K/home/mohammadreza/Documents/CMU-Project/RED/catkin_ws/src/pointcloud/cylider_seg.cpp:141:51:[m[K [01;31m[Kerror: [m[Kno matching function for call to ‘[01m[KfromPCL(pcl::PointCloud<pcl::PointXYZ>&, sensor_msgs::PointCloud2&)[m[K’
   pcl_conversions::fromPCL(*cloud_cylinder, output);
[01;32m[K                                                   ^[m[K
In file included from [01m[K/home/mohammadreza/Documents/CMU-Project/RED/catkin_ws/src/pointcloud/cylider_seg.cpp:4:0[m[K:
[01m[K/opt/ros/kinetic/include/pcl_conversions/pcl_conversions.h:80:8:[m[K [01;36m[Knote: [m[Kcandidate: void pcl_conversions::fromPCL(const uint64_t&, ros::Time&)
   void fromPCL(const pcl::uint64_t &pcl_stamp, ros::Time &stamp)
[01;32m[K        ^[m[K
[01m[K/opt/ros/kinetic/include/pcl_conversions/pcl_conversions.h:80:8:[m[K [01;36m[Knote: [m[K  no known conversion for argument 1 from ‘[01m[Kpcl::PointCloud<pcl::PointXYZ>[m[K’ to ‘[01m[Kconst uint64_t& {aka const long unsigned int&}[m[K’
[01m[K/opt/ros/kinetic/include/pcl_conversions/pcl_conversions.h:92:13:[m[K [01;36m[Knote: [m[Kcandidate: ros::Time pcl_conversions::fromPCL(const uint64_t&)
   ros::Time fromPCL(const pcl::uint64_t &pcl_stamp)
[01;32m[K             ^[m[K
[01m[K/opt/ros/kinetic/include/pcl_conversions/pcl_conversions.h:92:13:[m[K [01;36m[Knote: [m[K  candidate expects 1 argument, 2 provided
[01m[K/opt/ros/kinetic/include/pcl_conversions/pcl_conversions.h:110:8:[m[K [01;36m[Knote: [m[Kcandidate: void pcl_conversions::fromPCL(const pcl::PCLHeader&, std_msgs::Header&)
   void fromPCL(const pcl::PCLHeader &pcl_header, std_msgs::Header &header)
[01;32m[K        ^[m[K
[01m[K/opt/ros/kinetic/include/pcl_conversions/pcl_conversions.h:110:8:[m[K [01;36m[Knote: [m[K  no known conversion for argument 1 from ‘[01m[Kpcl::PointCloud<pcl::PointXYZ>[m[K’ to ‘[01m[Kconst pcl::PCLHeader&[m[K’
[01m[K/opt/ros/kinetic/include/pcl_conversions/pcl_conversions.h:126:20:[m[K [01;36m[Knote: [m[Kcandidate: std_msgs::Header pcl_conversions::fromPCL(const pcl::PCLHeader&)
   std_msgs::Header fromPCL(const pcl::PCLHeader &pcl_header)
[01;32m[K                    ^[m[K
[01m[K/opt/ros/kinetic/include/pcl_conversions/pcl_conversions.h:126:20:[m[K [01;36m[Knote: [m[K  candidate expects 1 argument, 2 provided
[01m[K/opt/ros/kinetic/include/pcl_conversions/pcl_conversions.h:155:8:[m[K [01;36m[Knote: [m[Kcandidate: void pcl_conversions::fromPCL(const pcl::PCLImage&, sensor_msgs::Image&)
   void fromPCL(const pcl::PCLImage &pcl_image, sensor_msgs::Image &image)
[01;32m[K        ^[m[K
[01m[K/opt/ros/kinetic/include/pcl_conversions/pcl_conversions.h:155:8:[m[K [01;36m[Knote: [m[K  no known conversion for argument 1 from ‘[01m[Kpcl::PointCloud<pcl::PointXYZ>[m[K’ to ‘[01m[Kconst pcl::PCLImage&[m[K’
[01m[K/opt/ros/kinetic/include/pcl_conversions/pcl_conversions.h:196:8:[m[K [01;36m[Knote: [m[Kcandidate: void pcl_conversions::fromPCL(const pcl::PCLPointField&, sensor_msgs::PointField&)
   void fromPCL(const pcl::PCLPointField &pcl_pf, sensor_msgs::PointField &pf)
[01;32m[K        ^[m[K
[01m[K/opt/ros/kinetic/include/pcl_conversions/pcl_conversions.h:196:8:[m[K [01;36m[Knote: [m[K  no known conversion for argument 1 from ‘[01m[Kpcl::PointCloud<pcl::PointXYZ>[m[K’ to ‘[01m[Kconst pcl::PCLPointField&[m[K’
[01m[K/opt/ros/kinetic/include/pcl_conversions/pcl_conversions.h:205:8:[m[K [01;36m[Knote: [m[Kcandidate: void pcl_conversions::fromPCL(const std::vector<pcl::PCLPointField>&, std::vector<sensor_msgs::PointField_<std::allocator<void> > >&)
   void fromPCL(const std::vector<pcl::PCLPointField> &pcl_pfs, std::vector<sensor_msgs::PointField> &pfs)
[01;32m[K        ^[m[K
[01m[K/opt/ros/kinetic/include/pcl_conversions/pcl_conversions.h:205:8:[m[K [01;36m[Knote: [m[K  no known conversion for argument 1 from ‘[01m[Kpcl::PointCloud<pcl::PointXYZ>[m[K’ to ‘[01m[Kconst std::vector<pcl::PCLPointField>&[m[K’
[01m[K/opt/ros/kinetic/include/pcl_conversions/pcl_conversions.h:251:8:[m[K [01;36m[Knote: [m[Kcandidate: void pcl_conversions::fromPCL(const pcl::PCLPointCloud2&, sensor_msgs::PointCloud2&)
   void fromPCL(const pcl::PCLPointCloud2 &pcl_pc2, sensor_msgs::PointCloud2 &pc2)
[01;32m[K        ^[m[K
[01m[K/opt/ros/kinetic/include/pcl_conversions/pcl_conversions.h:251:8:[m[K [01;36m[Knote: [m[K  no known conversion for argument 1 from ‘[01m[Kpcl::PointCloud<pcl::PointXYZ>[m[K’ to ‘[01m[Kconst pcl::PCLPointCloud2&[m[K’
[01m[K/opt/ros/kinetic/include/pcl_conversions/pcl_conversions.h:294:8:[m[K [01;36m[Knote: [m[Kcandidate: void pcl_conversions::fromPCL(const pcl::PointIndices&, pcl_msgs::PointIndices&)
   void fromPCL(const pcl::PointIndices &pcl_pi, pcl_msgs::PointIndices &pi)
[01;32m[K        ^[m[K
[01m[K/opt/ros/kinetic/include/pcl_conversions/pcl_conversions.h:294:8:[m[K [01;36m[Knote: [m[K  no known conversion for argument 1 from ‘[01m[Kpcl::PointCloud<pcl::PointXYZ>[m[K’ to ‘[01m[Kconst pcl::PointIndices&[m[K’
[01m[K/opt/ros/kinetic/include/pcl_conversions/pcl_conversions.h:324:8:[m[K [01;36m[Knote: [m[Kcandidate: void pcl_conversions::fromPCL(const pcl::ModelCoefficients&, pcl_msgs::ModelCoefficients&)
   void fromPCL(const pcl::ModelCoefficients &pcl_mc, pcl_msgs::ModelCoefficients &mc)
[01;32m[K        ^[m[K
[01m[K/opt/ros/kinetic/include/pcl_conversions/pcl_conversions.h:324:8:[m[K [01;36m[Knote: [m[K  no known conversion for argument 1 from ‘[01m[Kpcl::PointCloud<pcl::PointXYZ>[m[K’ to ‘[01m[Kconst pcl::ModelCoefficients&[m[K’
[01m[K/opt/ros/kinetic/include/pcl_conversions/pcl_conversions.h:354:8:[m[K [01;36m[Knote: [m[Kcandidate: void pcl_conversions::fromPCL(const pcl::Vertices&, pcl_msgs::Vertices&)
   void fromPCL(const pcl::Vertices &pcl_vert, pcl_msgs::Vertices &vert)
[01;32m[K        ^[m[K
[01m[K/opt/ros/kinetic/include/pcl_conversions/pcl_conversions.h:354:8:[m[K [01;36m[Knote: [m[K  no known conversion for argument 1 from ‘[01m[Kpcl::PointCloud<pcl::PointXYZ>[m[K’ to ‘[01m[Kconst pcl::Vertices&[m[K’
[01m[K/opt/ros/kinetic/include/pcl_conversions/pcl_conversions.h:360:8:[m[K [01;36m[Knote: [m[Kcandidate: void pcl_conversions::fromPCL(const std::vector<pcl::Vertices>&, std::vector<pcl_msgs::Vertices_<std::allocator<void> > >&)
   void fromPCL(const std::vector<pcl::Vertices> &pcl_verts, std::vector<pcl_msgs::Vertices> &verts)
[01;32m[K        ^[m[K
[01m[K/opt/ros/kinetic/include/pcl_conversions/pcl_conversions.h:360:8:[m[K [01;36m[Knote: [m[K  no known conversion for argument 1 from ‘[01m[Kpcl::PointCloud<pcl::PointXYZ>[m[K’ to ‘[01m[Kconst std::vector<pcl::Vertices>&[m[K’
[01m[K/opt/ros/kinetic/include/pcl_conversions/pcl_conversions.h:377:8:[m[K [01;36m[Knote: [m[Kcandidate: void pcl_conversions::fromPCL(std::vector<pcl::Vertices>&, std::vector<pcl_msgs::Vertices_<std::allocator<void> > >&)
   void fromPCL(std::vector<pcl::Vertices> &pcl_verts, std::vector<pcl_msgs::Vertices> &verts)
[01;32m[K        ^[m[K
[01m[K/opt/ros/kinetic/include/pcl_conversions/pcl_conversions.h:377:8:[m[K [01;36m[Knote: [m[K  no known conversion for argument 1 from ‘[01m[Kpcl::PointCloud<pcl::PointXYZ>[m[K’ to ‘[01m[Kstd::vector<pcl::Vertices>&[m[K’
[01m[K/opt/ros/kinetic/include/pcl_conversions/pcl_conversions.h:424:8:[m[K [01;36m[Knote: [m[Kcandidate: void pcl_conversions::fromPCL(const pcl::PolygonMesh&, pcl_msgs::PolygonMesh&)
   void fromPCL(const pcl::PolygonMesh &pcl_mesh, pcl_msgs::PolygonMesh &mesh)
[01;32m[K        ^[m[K
[01m[K/opt/ros/kinetic/include/pcl_conversions/pcl_conversions.h:424:8:[m[K [01;36m[Knote: [m[K  no known conversion for argument 1 from ‘[01m[Kpcl::PointCloud<pcl::PointXYZ>[m[K’ to ‘[01m[Kconst pcl::PolygonMesh&[m[K’
make[2]: *** [CMakeFiles/cylider_seg.dir/cylider_seg.cpp.o] Error 1
make[1]: *** [CMakeFiles/cylider_seg.dir/all] Error 2
make: *** [all] Error 2
