[35m[1mScanning dependencies of target cylider_seg[0m
[ 50%] Built target pcl_subscriber
[ 75%] [32mBuilding CXX object CMakeFiles/cylider_seg.dir/cylider_seg.cpp.o[0m
[01m[K/home/mohammadreza/Documents/CMU-Project/RED/catkin_ws/src/pointcloud/cylider_seg.cpp:[m[K In function ‘[01m[Kvoid cloud_cb(const PointCloud2ConstPtr&)[m[K’:
[01m[K/home/mohammadreza/Documents/CMU-Project/RED/catkin_ws/src/pointcloud/cylider_seg.cpp:182:103:[m[K [01;31m[Kerror: [m[Kredeclaration of ‘[01m[Kpcl::ModelCoefficients::Ptr coefficients_cylinder[m[K’
   pcl::ModelCoefficients::Ptr coefficients_plane4 (new pcl::ModelCoefficients), coefficients_cylinder (new pcl::ModelCoefficients);
[01;32m[K                                                                                                       ^[m[K
[01m[K/home/mohammadreza/Documents/CMU-Project/RED/catkin_ws/src/pointcloud/cylider_seg.cpp:47:80:[m[K [01;36m[Knote: [m[K‘[01m[Kpcl::ModelCoefficients::Ptr coefficients_cylinder[m[K’ previously declared here
   pcl::ModelCoefficients::Ptr coefficients_plane (new pcl::ModelCoefficients), coefficients_cylinder (new pcl::ModelCoefficients);
[01;32m[K                                                                                ^[m[K
[01m[K/home/mohammadreza/Documents/CMU-Project/RED/catkin_ws/src/pointcloud/cylider_seg.cpp:183:83:[m[K [01;31m[Kerror: [m[Kredeclaration of ‘[01m[Kpcl::PointIndices::Ptr inliers_cylinder[m[K’
   pcl::PointIndices::Ptr inliers_plane4 (new pcl::PointIndices), inliers_cylinder (new pcl::PointIndices);
[01;32m[K                                                                                   ^[m[K
[01m[K/home/mohammadreza/Documents/CMU-Project/RED/catkin_ws/src/pointcloud/cylider_seg.cpp:48:65:[m[K [01;36m[Knote: [m[K‘[01m[Kpcl::PointIndices::Ptr inliers_cylinder[m[K’ previously declared here
   pcl::PointIndices::Ptr inliers_plane (new pcl::PointIndices), inliers_cylinder (new pcl::PointIndices);
[01;32m[K                                                                 ^[m[K
[01m[K/home/mohammadreza/Documents/CMU-Project/RED/catkin_ws/src/pointcloud/cylider_seg.cpp:188:51:[m[K [01;31m[Kerror: [m[Kredeclaration of ‘[01m[Kpcl::PCLPointCloud2ConstPtr cloudPtr[m[K’
   pcl::PCLPointCloud2ConstPtr cloudPtr(cloud_temp4);
[01;32m[K                                                   ^[m[K
[01m[K/home/mohammadreza/Documents/CMU-Project/RED/catkin_ws/src/pointcloud/cylider_seg.cpp:53:31:[m[K [01;36m[Knote: [m[K‘[01m[Kpcl::PCLPointCloud2ConstPtr cloudPtr[m[K’ previously declared here
   pcl::PCLPointCloud2ConstPtr cloudPtr(cloud_temp);
[01;32m[K                               ^[m[K
[01m[K/home/mohammadreza/Documents/CMU-Project/RED/catkin_ws/src/pointcloud/cylider_seg.cpp:190:38:[m[K [01;31m[Kerror: [m[Kredeclaration of ‘[01m[Kpcl::PointCloud<pcl::PointXYZ>::Ptr cloud[m[K’
   pcl::PointCloud<PointT>::Ptr cloud (new pcl::PointCloud<PointT>);
[01;32m[K                                      ^[m[K
[01m[K/home/mohammadreza/Documents/CMU-Project/RED/catkin_ws/src/pointcloud/cylider_seg.cpp:55:32:[m[K [01;36m[Knote: [m[K‘[01m[Kpcl::PointCloud<pcl::PointXYZ>::Ptr cloud[m[K’ previously declared here
   pcl::PointCloud<PointT>::Ptr cloud (new pcl::PointCloud<PointT>);
[01;32m[K                                ^[m[K
[01m[K/home/mohammadreza/Documents/CMU-Project/RED/catkin_ws/src/pointcloud/cylider_seg.cpp:224:17:[m[K [01;31m[Kerror: [m[K‘[01m[Kinliers_cylinder4[m[K’ was not declared in this scope
   seg.segment (*inliers_cylinder4, *coefficients_cylinder4);
[01;32m[K                 ^[m[K
[01m[K/home/mohammadreza/Documents/CMU-Project/RED/catkin_ws/src/pointcloud/cylider_seg.cpp:224:37:[m[K [01;31m[Kerror: [m[K‘[01m[Kcoefficients_cylinder4[m[K’ was not declared in this scope
   seg.segment (*inliers_cylinder4, *coefficients_cylinder4);
[01;32m[K                                     ^[m[K
CMakeFiles/cylider_seg.dir/build.make:62: recipe for target 'CMakeFiles/cylider_seg.dir/cylider_seg.cpp.o' failed
make[2]: *** [CMakeFiles/cylider_seg.dir/cylider_seg.cpp.o] Error 1
make[1]: *** [CMakeFiles/cylider_seg.dir/all] Error 2
make: *** [all] Error 2
CMakeFiles/Makefile2:1672: recipe for target 'CMakeFiles/cylider_seg.dir/all' failed
Makefile:138: recipe for target 'all' failed
