[35m[1mScanning dependencies of target cylider_seg[0m
[ 50%] Built target pcl_subscriber
[ 75%] [32mBuilding CXX object CMakeFiles/cylider_seg.dir/cylider_seg.cpp.o[0m
[01m[K/home/mohammadreza/Documents/CMU-Project/RED/catkin_ws/src/pointcloud/cylider_seg.cpp:[m[K In function ‘[01m[Kvoid cloud_cb(const PointCloud2ConstPtr&)[m[K’:
[01m[K/home/mohammadreza/Documents/CMU-Project/RED/catkin_ws/src/pointcloud/cylider_seg.cpp:176:10:[m[K [01;31m[Kerror: [m[Kno match for ‘[01m[Koperator=[m[K’ (operand types are ‘[01m[Kstd_msgs::Byte {aka std_msgs::Byte_<std::allocator<void> >}[m[K’ and ‘[01m[Kfloat[m[K’)
     dist = (cloud_cylinder->points[i].x*cloud_cylinder->points[i].x) + (cloud_cylinder->points[i].y*cloud_cylinder->points[i].y);
[01;32m[K          ^[m[K
In file included from [01m[K/home/mohammadreza/Documents/CMU-Project/RED/catkin_ws/src/pointcloud/cylider_seg.cpp:20:0[m[K:
[01m[K/opt/ros/kinetic/include/std_msgs/Byte.h:22:8:[m[K [01;36m[Knote: [m[Kcandidate: std_msgs::Byte_<std::allocator<void> >& std_msgs::Byte_<std::allocator<void> >::operator=(const std_msgs::Byte_<std::allocator<void> >&)
 struct Byte_
[01;32m[K        ^[m[K
[01m[K/opt/ros/kinetic/include/std_msgs/Byte.h:22:8:[m[K [01;36m[Knote: [m[K  no known conversion for argument 1 from ‘[01m[Kfloat[m[K’ to ‘[01m[Kconst std_msgs::Byte_<std::allocator<void> >&[m[K’
[01m[K/home/mohammadreza/Documents/CMU-Project/RED/catkin_ws/src/pointcloud/cylider_seg.cpp:178:15:[m[K [01;31m[Kerror: [m[Kno match for ‘[01m[Koperator<[m[K’ (operand types are ‘[01m[Kstd_msgs::Byte {aka std_msgs::Byte_<std::allocator<void> >}[m[K’ and ‘[01m[Kint[m[K’)
     if ( dist < radius*radius )
[01;32m[K               ^[m[K
In file included from [01m[K/usr/include/vtk-6.2/vtkSmartPointer.h:23:0[m[K,
                 from [01m[K/usr/include/pcl-1.7/pcl/visualization/point_cloud_geometry_handlers.h:48[m[K,
                 from [01m[K/usr/include/pcl-1.7/pcl/visualization/point_cloud_handlers.h:41[m[K,
                 from [01m[K/usr/include/pcl-1.7/pcl/visualization/common/actor_map.h:40[m[K,
                 from [01m[K/usr/include/pcl-1.7/pcl/visualization/pcl_visualizer.h:48[m[K,
                 from [01m[K/usr/include/pcl-1.7/pcl/visualization/cloud_viewer.h:39[m[K,
                 from [01m[K/home/mohammadreza/Documents/CMU-Project/RED/catkin_ws/src/pointcloud/cylider_seg.cpp:19[m[K:
[01m[K/usr/include/vtk-6.2/vtkSmartPointerBase.h:107:1:[m[K [01;36m[Knote: [m[Kcandidate: bool operator<(const vtkSmartPointerBase&, const vtkSmartPointerBase&)
 VTK_SMART_POINTER_BASE_DEFINE_OPERATOR(<)
[01;32m[K ^[m[K
[01m[K/usr/include/vtk-6.2/vtkSmartPointerBase.h:107:1:[m[K [01;36m[Knote: [m[K  no known conversion for argument 1 from ‘[01m[Kstd_msgs::Byte {aka std_msgs::Byte_<std::allocator<void> >}[m[K’ to ‘[01m[Kconst vtkSmartPointerBase&[m[K’
[01m[K/usr/include/vtk-6.2/vtkSmartPointerBase.h:107:1:[m[K [01;36m[Knote: [m[Kcandidate: bool operator<(vtkObjectBase*, const vtkSmartPointerBase&)
 VTK_SMART_POINTER_BASE_DEFINE_OPERATOR(<)
[01;32m[K ^[m[K
[01m[K/usr/include/vtk-6.2/vtkSmartPointerBase.h:107:1:[m[K [01;36m[Knote: [m[K  no known conversion for argument 1 from ‘[01m[Kstd_msgs::Byte {aka std_msgs::Byte_<std::allocator<void> >}[m[K’ to ‘[01m[KvtkObjectBase*[m[K’
[01m[K/usr/include/vtk-6.2/vtkSmartPointerBase.h:107:1:[m[K [01;36m[Knote: [m[Kcandidate: bool operator<(const vtkSmartPointerBase&, vtkObjectBase*)
 VTK_SMART_POINTER_BASE_DEFINE_OPERATOR(<)
[01;32m[K ^[m[K
[01m[K/usr/include/vtk-6.2/vtkSmartPointerBase.h:107:1:[m[K [01;36m[Knote: [m[K  no known conversion for argument 1 from ‘[01m[Kstd_msgs::Byte {aka std_msgs::Byte_<std::allocator<void> >}[m[K’ to ‘[01m[Kconst vtkSmartPointerBase&[m[K’
In file included from [01m[K/usr/include/pcl-1.7/pcl/visualization/point_cloud_geometry_handlers.h:48:0[m[K,
                 from [01m[K/usr/include/pcl-1.7/pcl/visualization/point_cloud_handlers.h:41[m[K,
                 from [01m[K/usr/include/pcl-1.7/pcl/visualization/common/actor_map.h:40[m[K,
                 from [01m[K/usr/include/pcl-1.7/pcl/visualization/pcl_visualizer.h:48[m[K,
                 from [01m[K/usr/include/pcl-1.7/pcl/visualization/cloud_viewer.h:39[m[K,
                 from [01m[K/home/mohammadreza/Documents/CMU-Project/RED/catkin_ws/src/pointcloud/cylider_seg.cpp:19[m[K:
[01m[K/usr/include/vtk-6.2/vtkSmartPointer.h:196:1:[m[K [01;36m[Knote: [m[Kcandidate: template<class T> bool operator<(const vtkSmartPointer<T>&, const vtkSmartPointer<T>&)
 VTK_SMART_POINTER_DEFINE_OPERATOR(<)
[01;32m[K ^[m[K
[01m[K/usr/include/vtk-6.2/vtkSmartPointer.h:196:1:[m[K [01;36m[Knote: [m[K  template argument deduction/substitution failed:
[01m[K/home/mohammadreza/Documents/CMU-Project/RED/catkin_ws/src/pointcloud/cylider_seg.cpp:178:24:[m[K [01;36m[Knote: [m[K  ‘[01m[Kstd_msgs::Byte {aka std_msgs::Byte_<std::allocator<void> >}[m[K’ is not derived from ‘[01m[Kconst vtkSmartPointer<T>[m[K’
     if ( dist < radius*radius )
[01;32m[K                        ^[m[K
In file included from [01m[K/usr/include/pcl-1.7/pcl/visualization/point_cloud_geometry_handlers.h:48:0[m[K,
                 from [01m[K/usr/include/pcl-1.7/pcl/visualization/point_cloud_handlers.h:41[m[K,
                 from [01m[K/usr/include/pcl-1.7/pcl/visualization/common/actor_map.h:40[m[K,
                 from [01m[K/usr/include/pcl-1.7/pcl/visualization/pcl_visualizer.h:48[m[K,
                 from [01m[K/usr/include/pcl-1.7/pcl/visualization/cloud_viewer.h:39[m[K,
                 from [01m[K/home/mohammadreza/Documents/CMU-Project/RED/catkin_ws/src/pointcloud/cylider_seg.cpp:19[m[K:
[01m[K/usr/include/vtk-6.2/vtkSmartPointer.h:196:1:[m[K [01;36m[Knote: [m[Kcandidate: template<class T> bool operator<(T*, const vtkSmartPointer<T>&)
 VTK_SMART_POINTER_DEFINE_OPERATOR(<)
[01;32m[K ^[m[K
[01m[K/usr/include/vtk-6.2/vtkSmartPointer.h:196:1:[m[K [01;36m[Knote: [m[K  template argument deduction/substitution failed:
[01m[K/home/mohammadreza/Documents/CMU-Project/RED/catkin_ws/src/pointcloud/cylider_seg.cpp:178:24:[m[K [01;36m[Knote: [m[K  mismatched types ‘[01m[KT*[m[K’ and ‘[01m[Kstd_msgs::Byte_<std::allocator<void> >[m[K’
     if ( dist < radius*radius )
[01;32m[K                        ^[m[K
In file included from [01m[K/usr/include/pcl-1.7/pcl/visualization/point_cloud_geometry_handlers.h:48:0[m[K,
                 from [01m[K/usr/include/pcl-1.7/pcl/visualization/point_cloud_handlers.h:41[m[K,
                 from [01m[K/usr/include/pcl-1.7/pcl/visualization/common/actor_map.h:40[m[K,
                 from [01m[K/usr/include/pcl-1.7/pcl/visualization/pcl_visualizer.h:48[m[K,
                 from [01m[K/usr/include/pcl-1.7/pcl/visualization/cloud_viewer.h:39[m[K,
                 from [01m[K/home/mohammadreza/Documents/CMU-Project/RED/catkin_ws/src/pointcloud/cylider_seg.cpp:19[m[K:
[01m[K/usr/include/vtk-6.2/vtkSmartPointer.h:196:1:[m[K [01;36m[Knote: [m[Kcandidate: template<class T> bool operator<(const vtkSmartPointer<T>&, T*)
 VTK_SMART_POINTER_DEFINE_OPERATOR(<)
[01;32m[K ^[m[K
[01m[K/usr/include/vtk-6.2/vtkSmartPointer.h:196:1:[m[K [01;36m[Knote: [m[K  template argument deduction/substitution failed:
[01m[K/home/mohammadreza/Documents/CMU-Project/RED/catkin_ws/src/pointcloud/cylider_seg.cpp:178:24:[m[K [01;36m[Knote: [m[K  ‘[01m[Kstd_msgs::Byte {aka std_msgs::Byte_<std::allocator<void> >}[m[K’ is not derived from ‘[01m[Kconst vtkSmartPointer<T>[m[K’
     if ( dist < radius*radius )
[01;32m[K                        ^[m[K
In file included from [01m[K/usr/include/vtk-6.2/vtkObject.h:45:0[m[K,
                 from [01m[K/usr/include/vtk-6.2/vtkPoints.h:24[m[K,
                 from [01m[K/usr/include/pcl-1.7/pcl/visualization/point_cloud_geometry_handlers.h:49[m[K,
                 from [01m[K/usr/include/pcl-1.7/pcl/visualization/point_cloud_handlers.h:41[m[K,
                 from [01m[K/usr/include/pcl-1.7/pcl/visualization/common/actor_map.h:40[m[K,
                 from [01m[K/usr/include/pcl-1.7/pcl/visualization/pcl_visualizer.h:48[m[K,
                 from [01m[K/usr/include/pcl-1.7/pcl/visualization/cloud_viewer.h:39[m[K,
                 from [01m[K/home/mohammadreza/Documents/CMU-Project/RED/catkin_ws/src/pointcloud/cylider_seg.cpp:19[m[K:
[01m[K/usr/include/vtk-6.2/vtkWeakPointerBase.h:99:1:[m[K [01;36m[Knote: [m[Kcandidate: bool operator<(const vtkWeakPointerBase&, const vtkWeakPointerBase&)
 VTK_WEAK_POINTER_BASE_DEFINE_OPERATOR(<)
[01;32m[K ^[m[K
[01m[K/usr/include/vtk-6.2/vtkWeakPointerBase.h:99:1:[m[K [01;36m[Knote: [m[K  no known conversion for argument 1 from ‘[01m[Kstd_msgs::Byte {aka std_msgs::Byte_<std::allocator<void> >}[m[K’ to ‘[01m[Kconst vtkWeakPointerBase&[m[K’
[01m[K/usr/include/vtk-6.2/vtkWeakPointerBase.h:99:1:[m[K [01;36m[Knote: [m[Kcandidate: bool operator<(vtkObjectBase*, const vtkWeakPointerBase&)
 VTK_WEAK_POINTER_BASE_DEFINE_OPERATOR(<)
[01;32m[K ^[m[K
[01m[K/usr/include/vtk-6.2/vtkWeakPointerBase.h:99:1:[m[K [01;36m[Knote: [m[K  no known conversion for argument 1 from ‘[01m[Kstd_msgs::Byte {aka std_msgs::Byte_<std::allocator<void> >}[m[K’ to ‘[01m[KvtkObjectBase*[m[K’
[01m[K/usr/include/vtk-6.2/vtkWeakPointerBase.h:99:1:[m[K [01;36m[Knote: [m[Kcandidate: bool operator<(const vtkWeakPointerBase&, vtkObjectBase*)
 VTK_WEAK_POINTER_BASE_DEFINE_OPERATOR(<)
[01;32m[K ^[m[K
[01m[K/usr/include/vtk-6.2/vtkWeakPointerBase.h:99:1:[m[K [01;36m[Knote: [m[K  no known conversion for argument 1 from ‘[01m[Kstd_msgs::Byte {aka std_msgs::Byte_<std::allocator<void> >}[m[K’ to ‘[01m[Kconst vtkWeakPointerBase&[m[K’
In file included from [01m[K/usr/include/vtk-6.2/vtkVariant.h:37:0[m[K,
                 from [01m[K/usr/include/vtk-6.2/vtkAbstractArray.h:46[m[K,
                 from [01m[K/usr/include/vtk-6.2/vtkDataArray.h:38[m[K,
                 from [01m[K/usr/include/vtk-6.2/vtkPoints.h:26[m[K,
                 from [01m[K/usr/include/pcl-1.7/pcl/visualization/point_cloud_geometry_handlers.h:49[m[K,
                 from [01m[K/usr/include/pcl-1.7/pcl/visualization/point_cloud_handlers.h:41[m[K,
                 from [01m[K/usr/include/pcl-1.7/pcl/visualization/common/actor_map.h:40[m[K,
                 from [01m[K/usr/include/pcl-1.7/pcl/visualization/pcl_visualizer.h:48[m[K,
                 from [01m[K/usr/include/pcl-1.7/pcl/visualization/cloud_viewer.h:39[m[K,
                 from [01m[K/home/mohammadreza/Documents/CMU-Project/RED/catkin_ws/src/pointcloud/cylider_seg.cpp:19[m[K:
[01m[K/usr/include/vtk-6.2/vtkUnicodeString.h:237:27:[m[K [01;36m[Knote: [m[Kcandidate: bool operator<(const vtkUnicodeString&, const vtkUnicodeString&)
 VTKCOMMONCORE_EXPORT bool operator<(const vtkUnicodeString& lhs, const vtkUnicodeString& rhs);
[01;32m[K                           ^[m[K
[01m[K/usr/include/vtk-6.2/vtkUnicodeString.h:237:27:[m[K [01;36m[Knote: [m[K  no known conversion for argument 1 from ‘[01m[Kstd_msgs::Byte {aka std_msgs::Byte_<std::allocator<void> >}[m[K’ to ‘[01m[Kconst vtkUnicodeString&[m[K’
In file included from [01m[K/usr/include/c++/5/queue:64:0[m[K,
                 from [01m[K/usr/include/pcl-1.7/pcl/octree/octree_pointcloud.h:48[m[K,
                 from [01m[K/usr/include/pcl-1.7/pcl/octree/octree_search.h:45[m[K,
                 from [01m[K/usr/include/pcl-1.7/pcl/search/octree.h:43[m[K,
                 from [01m[K/usr/include/pcl-1.7/pcl/search/pcl_search.h:45[m[K,
                 from [01m[K/usr/include/pcl-1.7/pcl/features/impl/feature.hpp:44[m[K,
                 from [01m[K/usr/include/pcl-1.7/pcl/features/feature.h:498[m[K,
                 from [01m[K/usr/include/pcl-1.7/pcl/features/normal_3d.h:44[m[K,
                 from [01m[K/home/mohammadreza/Documents/CMU-Project/RED/catkin_ws/src/pointcloud/cylider_seg.cpp:15[m[K:
[01m[K/usr/include/c++/5/bits/stl_queue.h:289:5:[m[K [01;36m[Knote: [m[Kcandidate: template<class _Tp, class _Seq> bool std::operator<(const std::queue<_Tp, _Seq>&, const std::queue<_Tp, _Seq>&)
     operator<(const queue<_Tp, _Seq>& __x, const queue<_Tp, _Seq>& __y)
[01;32m[K     ^[m[K
[01m[K/usr/include/c++/5/bits/stl_queue.h:289:5:[m[K [01;36m[Knote: [m[K  template argument deduction/substitution failed:
[01m[K/home/mohammadreza/Documents/CMU-Project/RED/catkin_ws/src/pointcloud/cylider_seg.cpp:178:24:[m[K [01;36m[Knote: [m[K  ‘[01m[Kstd_msgs::Byte {aka std_msgs::Byte_<std::allocator<void> >}[m[K’ is not derived from ‘[01m[Kconst std::queue<_Tp, _Seq>[m[K’
     if ( dist < radius*radius )
[01;32m[K                        ^[m[K
In file included from [01m[K/usr/include/c++/5/stack:61:0[m[K,
                 from [01m[K/usr/include/boost/filesystem/operations.hpp:43[m[K,
                 from [01m[K/usr/include/boost/filesystem.hpp:17[m[K,
                 from [01m[K/usr/include/pcl-1.7/pcl/io/boost.h:52[m[K,
                 from [01m[K/usr/include/pcl-1.7/pcl/io/file_io.h:43[m[K,
                 from [01m[K/usr/include/pcl-1.7/pcl/io/pcd_io.h:44[m[K,
                 from [01m[K/opt/ros/kinetic/include/pcl_conversions/pcl_conversions.h:70[m[K,
                 from [01m[K/home/mohammadreza/Documents/CMU-Project/RED/catkin_ws/src/pointcloud/cylider_seg.cpp:4[m[K:
[01m[K/usr/include/c++/5/bits/stl_stack.h:264:5:[m[K [01;36m[Knote: [m[Kcandidate: template<class _Tp, class _Seq> bool std::operator<(const std::stack<_Tp, _Seq>&, const std::stack<_Tp, _Seq>&)
     operator<(const stack<_Tp, _Seq>& __x, const stack<_Tp, _Seq>& __y)
[01;32m[K     ^[m[K
[01m[K/usr/include/c++/5/bits/stl_stack.h:264:5:[m[K [01;36m[Knote: [m[K  template argument deduction/substitution failed:
[01m[K/home/mohammadreza/Documents/CMU-Project/RED/catkin_ws/src/pointcloud/cylider_seg.cpp:178:24:[m[K [01;36m[Knote: [m[K  ‘[01m[Kstd_msgs::Byte {aka std_msgs::Byte_<std::allocator<void> >}[m[K’ is not derived from ‘[01m[Kconst std::stack<_Tp, _Seq>[m[K’
     if ( dist < radius*radius )
[01;32m[K                        ^[m[K
In file included from [01m[K/usr/include/c++/5/deque:64:0[m[K,
                 from [01m[K/usr/include/boost/detail/container_fwd.hpp:91[m[K,
                 from [01m[K/usr/include/boost/functional/hash/extensions.hpp:22[m[K,
                 from [01m[K/usr/include/boost/functional/hash/hash.hpp:558[m[K,
                 from [01m[K/usr/include/boost/functional/hash.hpp:6[m[K,
                 from [01m[K/usr/include/boost/thread/detail/thread.hpp:38[m[K,
                 from [01m[K/usr/include/boost/thread/thread_only.hpp:22[m[K,
                 from [01m[K/usr/include/boost/thread/thread.hpp:12[m[K,
                 from [01m[K/usr/include/boost/thread.hpp:13[m[K,
                 from [01m[K/usr/include/pcl-1.7/pcl/io/boost.h:50[m[K,
                 from [01m[K/usr/include/pcl-1.7/pcl/io/file_io.h:43[m[K,
                 from [01m[K/usr/include/pcl-1.7/pcl/io/pcd_io.h:44[m[K,
                 from [01m[K/opt/ros/kinetic/include/pcl_conversions/pcl_conversions.h:70[m[K,
                 from [01m[K/home/mohammadreza/Documents/CMU-Project/RED/catkin_ws/src/pointcloud/cylider_seg.cpp:4[m[K:
[01m[K/usr/include/c++/5/bits/stl_deque.h:2238:5:[m[K [01;36m[Knote: [m[Kcandidate: template<class _Tp, class _Alloc> bool std::operator<(const std::deque<_Tp, _Alloc>&, const std::deque<_Tp, _Alloc>&)
     operator<(const deque<_Tp, _Alloc>& __x,
[01;32m[K     ^[m[K
[01m[K/usr/include/c++/5/bits/stl_deque.h:2238:5:[m[K [01;36m[Knote: [m[K  template argument deduction/substitution failed:
[01m[K/home/mohammadreza/Documents/CMU-Project/RED/catkin_ws/src/pointcloud/cylider_seg.cpp:178:24:[m[K [01;36m[Knote: [m[K  ‘[01m[Kstd_msgs::Byte {aka std_msgs::Byte_<std::allocator<void> >}[m[K’ is not derived from ‘[01m[Kconst std::deque<_Tp, _Alloc>[m[K’
     if ( dist < radius*radius )
[01;32m[K                        ^[m[K
In file included from [01m[K/usr/include/c++/5/deque:64:0[m[K,
                 from [01m[K/usr/include/boost/detail/container_fwd.hpp:91[m[K,
                 from [01m[K/usr/include/boost/functional/hash/extensions.hpp:22[m[K,
                 from [01m[K/usr/include/boost/functional/hash/hash.hpp:558[m[K,
                 from [01m[K/usr/include/boost/functional/hash.hpp:6[m[K,
                 from [01m[K/usr/include/boost/thread/detail/thread.hpp:38[m[K,
                 from [01m[K/usr/include/boost/thread/thread_only.hpp:22[m[K,
                 from [01m[K/usr/include/boost/thread/thread.hpp:12[m[K,
                 from [01m[K/usr/include/boost/thread.hpp:13[m[K,
                 from [01m[K/usr/include/pcl-1.7/pcl/io/boost.h:50[m[K,
                 from [01m[K/usr/include/pcl-1.7/pcl/io/file_io.h:43[m[K,
                 from [01m[K/usr/include/pcl-1.7/pcl/io/pcd_io.h:44[m[K,
                 from [01m[K/opt/ros/kinetic/include/pcl_conversions/pcl_conversions.h:70[m[K,
                 from [01m[K/home/mohammadreza/Documents/CMU-Project/RED/catkin_ws/src/pointcloud/cylider_seg.cpp:4[m[K:
[01m[K/usr/include/c++/5/bits/stl_deque.h:299:5:[m[K [01;36m[Knote: [m[Kcandidate: template<class _Tp, class _RefL, class _PtrL, class _RefR, class _PtrR> bool std::operator<(const std::_Deque_iterator<_Tp, _Ref, _Ptr>&, const std::_Deque_iterator<_Tp, _RefR, _PtrR>&)
     operator<(const _Deque_iterator<_Tp, _RefL, _PtrL>& __x,
[01;32m[K     ^[m[K
[01m[K/usr/include/c++/5/bits/stl_deque.h:299:5:[m[K [01;36m[Knote: [m[K  template argument deduction/substitution failed:
[01m[K/home/mohammadreza/Documents/CMU-Project/RED/catkin_ws/src/pointcloud/cylider_seg.cpp:178:24:[m[K [01;36m[Knote: [m[K  ‘[01m[Kstd_msgs::Byte {aka std_msgs::Byte_<std::allocator<void> >}[m[K’ is not derived from ‘[01m[Kconst std::_Deque_iterator<_Tp, _Ref, _Ptr>[m[K’
     if ( dist < radius*radius )
[01;32m[K                        ^[m[K
In file included from [01m[K/usr/include/c++/5/deque:64:0[m[K,
                 from [01m[K/usr/include/boost/detail/container_fwd.hpp:91[m[K,
                 from [01m[K/usr/include/boost/functional/hash/extensions.hpp:22[m[K,
                 from [01m[K/usr/include/boost/functional/hash/hash.hpp:558[m[K,
                 from [01m[K/usr/include/boost/functional/hash.hpp:6[m[K,
                 from [01m[K/usr/include/boost/thread/detail/thread.hpp:38[m[K,
                 from [01m[K/usr/include/boost/thread/thread_only.hpp:22[m[K,
                 from [01m[K/usr/include/boost/thread/thread.hpp:12[m[K,
                 from [01m[K/usr/include/boost/thread.hpp:13[m[K,
                 from [01m[K/usr/include/pcl-1.7/pcl/io/boost.h:50[m[K,
                 from [01m[K/usr/include/pcl-1.7/pcl/io/file_io.h:43[m[K,
                 from [01m[K/usr/include/pcl-1.7/pcl/io/pcd_io.h:44[m[K,
                 from [01m[K/opt/ros/kinetic/include/pcl_conversions/pcl_conversions.h:70[m[K,
                 from [01m[K/home/mohammadreza/Documents/CMU-Project/RED/catkin_ws/src/pointcloud/cylider_seg.cpp:4[m[K:
[01m[K/usr/include/c++/5/bits/stl_deque.h:291:5:[m[K [01;36m[Knote: [m[Kcandidate: template<class _Tp, class _Ref, class _Ptr> bool std::operator<(const std::_Deque_iterator<_Tp, _Ref, _Ptr>&, const std::_Deque_iterator<_Tp, _Ref, _Ptr>&)
     operator<(const _Deque_iterator<_Tp, _Ref, _Ptr>& __x,
[01;32m[K     ^[m[K
[01m[K/usr/include/c++/5/bits/stl_deque.h:291:5:[m[K [01;36m[Knote: [m[K  template argument deduction/substitution failed:
[01m[K/home/mohammadreza/Documents/CMU-Project/RED/catkin_ws/src/pointcloud/cylider_seg.cpp:178:24:[m[K [01;36m[Knote: [m[K  ‘[01m[Kstd_msgs::Byte {aka std_msgs::Byte_<std::allocator<void> >}[m[K’ is not derived from ‘[01m[Kconst std::_Deque_iterator<_Tp, _Ref, _Ptr>[m[K’
     if ( dist < radius*radius )
[01;32m[K                        ^[m[K
In file included from [01m[K/usr/include/c++/5/list:63:0[m[K,
                 from [01m[K/opt/ros/kinetic/include/ros/forwards.h:35[m[K,
                 from [01m[K/opt/ros/kinetic/include/ros/common.h:37[m[K,
                 from [01m[K/opt/ros/kinetic/include/ros/ros.h:43[m[K,
                 from [01m[K/home/mohammadreza/Documents/CMU-Project/RED/catkin_ws/src/pointcloud/cylider_seg.cpp:1[m[K:
[01m[K/usr/include/c++/5/bits/stl_list.h:1836:5:[m[K [01;36m[Knote: [m[Kcandidate: template<class _Tp, class _Alloc> bool std::operator<(const std::__cxx11::list<_Tp, _Alloc>&, const std::__cxx11::list<_Tp, _Alloc>&)
     operator<(const list<_Tp, _Alloc>& __x, const list<_Tp, _Alloc>& __y)
[01;32m[K     ^[m[K
[01m[K/usr/include/c++/5/bits/stl_list.h:1836:5:[m[K [01;36m[Knote: [m[K  template argument deduction/substitution failed:
[01m[K/home/mohammadreza/Documents/CMU-Project/RED/catkin_ws/src/pointcloud/cylider_seg.cpp:178:24:[m[K [01;36m[Knote: [m[K  ‘[01m[Kstd_msgs::Byte {aka std_msgs::Byte_<std::allocator<void> >}[m[K’ is not derived from ‘[01m[Kconst std::__cxx11::list<_Tp, _Alloc>[m[K’
     if ( dist < radius*radius )
[01;32m[K                        ^[m[K
In file included from [01m[K/usr/include/c++/5/set:62:0[m[K,
                 from [01m[K/opt/ros/kinetic/include/ros/forwards.h:34[m[K,
                 from [01m[K/opt/ros/kinetic/include/ros/common.h:37[m[K,
                 from [01m[K/opt/ros/kinetic/include/ros/ros.h:43[m[K,
                 from [01m[K/home/mohammadreza/Documents/CMU-Project/RED/catkin_ws/src/pointcloud/cylider_seg.cpp:1[m[K:
[01m[K/usr/include/c++/5/bits/stl_multiset.h:842:5:[m[K [01;36m[Knote: [m[Kcandidate: template<class _Key, class _Compare, class _Alloc> bool std::operator<(const std::multiset<_Key, _Compare, _Alloc>&, const std::multiset<_Key, _Compare, _Alloc>&)
     operator<(const multiset<_Key, _Compare, _Alloc>& __x,
[01;32m[K     ^[m[K
[01m[K/usr/include/c++/5/bits/stl_multiset.h:842:5:[m[K [01;36m[Knote: [m[K  template argument deduction/substitution failed:
[01m[K/home/mohammadreza/Documents/CMU-Project/RED/catkin_ws/src/pointcloud/cylider_seg.cpp:178:24:[m[K [01;36m[Knote: [m[K  ‘[01m[Kstd_msgs::Byte {aka std_msgs::Byte_<std::allocator<void> >}[m[K’ is not derived from ‘[01m[Kconst std::multiset<_Key, _Compare, _Alloc>[m[K’
     if ( dist < radius*radius )
[01;32m[K                        ^[m[K
In file included from [01m[K/usr/include/c++/5/set:61:0[m[K,
                 from [01m[K/opt/ros/kinetic/include/ros/forwards.h:34[m[K,
                 from [01m[K/opt/ros/kinetic/include/ros/common.h:37[m[K,
                 from [01m[K/opt/ros/kinetic/include/ros/ros.h:43[m[K,
                 from [01m[K/home/mohammadreza/Documents/CMU-Project/RED/catkin_ws/src/pointcloud/cylider_seg.cpp:1[m[K:
[01m[K/usr/include/c++/5/bits/stl_set.h:859:5:[m[K [01;36m[Knote: [m[Kcandidate: template<class _Key, class _Compare, class _Alloc> bool std::operator<(const std::set<_Key, _Compare, _Alloc>&, const std::set<_Key, _Compare, _Alloc>&)
     operator<(const set<_Key, _Compare, _Alloc>& __x,
[01;32m[K     ^[m[K
[01m[K/usr/include/c++/5/bits/stl_set.h:859:5:[m[K [01;36m[Knote: [m[K  template argument deduction/substitution failed:
[01m[K/home/mohammadreza/Documents/CMU-Project/RED/catkin_ws/src/pointcloud/cylider_seg.cpp:178:24:[m[K [01;36m[Knote: [m[K  ‘[01m[Kstd_msgs::Byte {aka std_msgs::Byte_<std::allocator<void> >}[m[K’ is not derived from ‘[01m[Kconst std::set<_Key, _Compare, _Alloc>[m[K’
     if ( dist < radius*radius )
[01;32m[K                        ^[m[K
In file included from [01m[K/usr/include/c++/5/map:62:0[m[K,
                 from [01m[K/opt/ros/kinetic/include/ros/console.h:42[m[K,
                 from [01m[K/opt/ros/kinetic/include/ros/ros.h:40[m[K,
                 from [01m[K/home/mohammadreza/Documents/CMU-Project/RED/catkin_ws/src/pointcloud/cylider_seg.cpp:1[m[K:
[01m[K/usr/include/c++/5/bits/stl_multimap.h:991:5:[m[K [01;36m[Knote: [m[Kcandidate: template<class _Key, class _Tp, class _Compare, class _Alloc> bool std::operator<(const std::multimap<_Key, _Tp, _Compare, _Alloc>&, const std::multimap<_Key, _Tp, _Compare, _Alloc>&)
     operator<(const multimap<_Key, _Tp, _Compare, _Alloc>& __x,
[01;32m[K     ^[m[K
[01m[K/usr/include/c++/5/bits/stl_multimap.h:991:5:[m[K [01;36m[Knote: [m[K  template argument deduction/substitution failed:
[01m[K/home/mohammadreza/Documents/CMU-Project/RED/catkin_ws/src/pointcloud/cylider_seg.cpp:178:24:[m[K [01;36m[Knote: [m[K  ‘[01m[Kstd_msgs::Byte {aka std_msgs::Byte_<std::allocator<void> >}[m[K’ is not derived from ‘[01m[Kconst std::multimap<_Key, _Tp, _Compare, _Alloc>[m[K’
     if ( dist < radius*radius )
[01;32m[K                        ^[m[K
In file included from [01m[K/usr/include/c++/5/map:61:0[m[K,
                 from [01m[K/opt/ros/kinetic/include/ros/console.h:42[m[K,
                 from [01m[K/opt/ros/kinetic/include/ros/ros.h:40[m[K,
                 from [01m[K/home/mohammadreza/Documents/CMU-Project/RED/catkin_ws/src/pointcloud/cylider_seg.cpp:1[m[K:
[01m[K/usr/include/c++/5/bits/stl_map.h:1090:5:[m[K [01;36m[Knote: [m[Kcandidate: template<class _Key, class _Tp, class _Compare, class _Alloc> bool std::operator<(const std::map<_Key, _Tp, _Compare, _Alloc>&, const std::map<_Key, _Tp, _Compare, _Alloc>&)
     operator<(const map<_Key, _Tp, _Compare, _Alloc>& __x,
[01;32m[K     ^[m[K
[01m[K/usr/include/c++/5/bits/stl_map.h:1090:5:[m[K [01;36m[Knote: [m[K  template argument deduction/substitution failed:
[01m[K/home/mohammadreza/Documents/CMU-Project/RED/catkin_ws/src/pointcloud/cylider_seg.cpp:178:24:[m[K [01;36m[Knote: [m[K  ‘[01m[Kstd_msgs::Byte {aka std_msgs::Byte_<std::allocator<void> >}[m[K’ is not derived from ‘[01m[Kconst std::map<_Key, _Tp, _Compare, _Alloc>[m[K’
     if ( dist < radius*radius )
[01;32m[K                        ^[m[K
In file included from [01m[K/usr/include/c++/5/map:60:0[m[K,
                 from [01m[K/opt/ros/kinetic/include/ros/console.h:42[m[K,
                 from [01m[K/opt/ros/kinetic/include/ros/ros.h:40[m[K,
                 from [01m[K/home/mohammadreza/Documents/CMU-Project/RED/catkin_ws/src/pointcloud/cylider_seg.cpp:1[m[K:
[01m[K/usr/include/c++/5/bits/stl_tree.h:1283:5:[m[K [01;36m[Knote: [m[Kcandidate: template<class _Key, class _Val, class _KeyOfValue, class _Compare, class _Alloc> bool std::operator<(const std::_Rb_tree<_Key, _Val, _KeyOfValue, _Compare, _Alloc>&, const std::_Rb_tree<_Key, _Val, _KeyOfValue, _Compare, _Alloc>&)
     operator<(const _Rb_tree<_Key, _Val, _KeyOfValue, _Compare, _Alloc>& __x,
[01;32m[K     ^[m[K
[01m[K/usr/include/c++/5/bits/stl_tree.h:1283:5:[m[K [01;36m[Knote: [m[K  template argument deduction/substitution failed:
[01m[K/home/mohammadreza/Documents/CMU-Project/RED/catkin_ws/src/pointcloud/cylider_seg.cpp:178:24:[m[K [01;36m[Knote: [m[K  ‘[01m[Kstd_msgs::Byte {aka std_msgs::Byte_<std::allocator<void> >}[m[K’ is not derived from ‘[01m[Kconst std::_Rb_tree<_Key, _Val, _KeyOfValue, _Compare, _Alloc>[m[K’
     if ( dist < radius*radius )
[01;32m[K                        ^[m[K
In file included from [01m[K/usr/include/c++/5/vector:64:0[m[K,
                 from [01m[K/usr/include/boost/format.hpp:17[m[K,
                 from [01m[K/usr/include/boost/math/policies/error_handling.hpp:31[m[K,
                 from [01m[K/usr/include/boost/math/special_functions/round.hpp:14[m[K,
                 from [01m[K/opt/ros/kinetic/include/ros/time.h:58[m[K,
                 from [01m[K/opt/ros/kinetic/include/ros/ros.h:38[m[K,
                 from [01m[K/home/mohammadreza/Documents/CMU-Project/RED/catkin_ws/src/pointcloud/cylider_seg.cpp:1[m[K:
[01m[K/usr/include/c++/5/bits/stl_vector.h:1528:5:[m[K [01;36m[Knote: [m[Kcandidate: template<class _Tp, class _Alloc> bool std::operator<(const std::vector<_Tp, _Alloc>&, const std::vector<_Tp, _Alloc>&)
     operator<(const vector<_Tp, _Alloc>& __x, const vector<_Tp, _Alloc>& __y)
[01;32m[K     ^[m[K
[01m[K/usr/include/c++/5/bits/stl_vector.h:1528:5:[m[K [01;36m[Knote: [m[K  template argument deduction/substitution failed:
[01m[K/home/mohammadreza/Documents/CMU-Project/RED/catkin_ws/src/pointcloud/cylider_seg.cpp:178:24:[m[K [01;36m[Knote: [m[K  ‘[01m[Kstd_msgs::Byte {aka std_msgs::Byte_<std::allocator<void> >}[m[K’ is not derived from ‘[01m[Kconst std::vector<_Tp, _Alloc>[m[K’
     if ( dist < radius*radius )
[01;32m[K                        ^[m[K
In file included from [01m[K/usr/include/c++/5/string:52:0[m[K,
                 from [01m[K/opt/ros/kinetic/include/ros/platform.h:55[m[K,
                 from [01m[K/opt/ros/kinetic/include/ros/time.h:53[m[K,
                 from [01m[K/opt/ros/kinetic/include/ros/ros.h:38[m[K,
                 from [01m[K/home/mohammadreza/Documents/CMU-Project/RED/catkin_ws/src/pointcloud/cylider_seg.cpp:1[m[K:
[01m[K/usr/include/c++/5/bits/basic_string.h:5011:5:[m[K [01;36m[Knote: [m[Kcandidate: template<class _CharT, class _Traits, class _Alloc> bool std::operator<(const _CharT*, const std::__cxx11::basic_string<_CharT, _Traits, _Alloc>&)
     operator<(const _CharT* __lhs,
[01;32m[K     ^[m[K
[01m[K/usr/include/c++/5/bits/basic_string.h:5011:5:[m[K [01;36m[Knote: [m[K  template argument deduction/substitution failed:
[01m[K/home/mohammadreza/Documents/CMU-Project/RED/catkin_ws/src/pointcloud/cylider_seg.cpp:178:24:[m[K [01;36m[Knote: [m[K  mismatched types ‘[01m[Kconst _CharT*[m[K’ and ‘[01m[Kstd_msgs::Byte_<std::allocator<void> >[m[K’
     if ( dist < radius*radius )
[01;32m[K                        ^[m[K
In file included from [01m[K/usr/include/c++/5/string:52:0[m[K,
                 from [01m[K/opt/ros/kinetic/include/ros/platform.h:55[m[K,
                 from [01m[K/opt/ros/kinetic/include/ros/time.h:53[m[K,
                 from [01m[K/opt/ros/kinetic/include/ros/ros.h:38[m[K,
                 from [01m[K/home/mohammadreza/Documents/CMU-Project/RED/catkin_ws/src/pointcloud/cylider_seg.cpp:1[m[K:
[01m[K/usr/include/c++/5/bits/basic_string.h:4999:5:[m[K [01;36m[Knote: [m[Kcandidate: template<class _CharT, class _Traits, class _Alloc> bool std::operator<(const std::__cxx11::basic_string<_CharT, _Traits, _Alloc>&, const _CharT*)
     operator<(const basic_string<_CharT, _Traits, _Alloc>& __lhs,
[01;32m[K     ^[m[K
[01m[K/usr/include/c++/5/bits/basic_string.h:4999:5:[m[K [01;36m[Knote: [m[K  template argument deduction/substitution failed:
[01m[K/home/mohammadreza/Documents/CMU-Project/RED/catkin_ws/src/pointcloud/cylider_seg.cpp:178:24:[m[K [01;36m[Knote: [m[K  ‘[01m[Kstd_msgs::Byte {aka std_msgs::Byte_<std::allocator<void> >}[m[K’ is not derived from ‘[01m[Kconst std::__cxx11::basic_string<_CharT, _Traits, _Alloc>[m[K’
     if ( dist < radius*radius )
[01;32m[K                        ^[m[K
In file included from [01m[K/usr/include/c++/5/string:52:0[m[K,
                 from [01m[K/opt/ros/kinetic/include/ros/platform.h:55[m[K,
                 from [01m[K/opt/ros/kinetic/include/ros/time.h:53[m[K,
                 from [01m[K/opt/ros/kinetic/include/ros/ros.h:38[m[K,
                 from [01m[K/home/mohammadreza/Documents/CMU-Project/RED/catkin_ws/src/pointcloud/cylider_seg.cpp:1[m[K:
[01m[K/usr/include/c++/5/bits/basic_string.h:4987:5:[m[K [01;36m[Knote: [m[Kcandidate: template<class _CharT, class _Traits, class _Alloc> bool std::operator<(const std::__cxx11::basic_string<_CharT, _Traits, _Alloc>&, const std::__cxx11::basic_string<_CharT, _Traits, _Alloc>&)
     operator<(const basic_string<_CharT, _Traits, _Alloc>& __lhs,
[01;32m[K     ^[m[K
[01m[K/usr/include/c++/5/bits/basic_string.h:4987:5:[m[K [01;36m[Knote: [m[K  template argument deduction/substitution failed:
[01m[K/home/mohammadreza/Documents/CMU-Project/RED/catkin_ws/src/pointcloud/cylider_seg.cpp:178:24:[m[K [01;36m[Knote: [m[K  ‘[01m[Kstd_msgs::Byte {aka std_msgs::Byte_<std::allocator<void> >}[m[K’ is not derived from ‘[01m[Kconst std::__cxx11::basic_string<_CharT, _Traits, _Alloc>[m[K’
     if ( dist < radius*radius )
[01;32m[K                        ^[m[K
In file included from [01m[K/usr/include/c++/5/bits/stl_algobase.h:67:0[m[K,
                 from [01m[K/usr/include/c++/5/bits/char_traits.h:39[m[K,
                 from [01m[K/usr/include/c++/5/string:40[m[K,
                 from [01m[K/opt/ros/kinetic/include/ros/platform.h:55[m[K,
                 from [01m[K/opt/ros/kinetic/include/ros/time.h:53[m[K,
                 from [01m[K/opt/ros/kinetic/include/ros/ros.h:38[m[K,
                 from [01m[K/home/mohammadreza/Documents/CMU-Project/RED/catkin_ws/src/pointcloud/cylider_seg.cpp:1[m[K:
[01m[K/usr/include/c++/5/bits/stl_iterator.h:348:5:[m[K [01;36m[Knote: [m[Kcandidate: template<class _IteratorL, class _IteratorR> bool std::operator<(const std::reverse_iterator<_Iterator>&, const std::reverse_iterator<_IteratorR>&)
     operator<(const reverse_iterator<_IteratorL>& __x,
[01;32m[K     ^[m[K
[01m[K/usr/include/c++/5/bits/stl_iterator.h:348:5:[m[K [01;36m[Knote: [m[K  template argument deduction/substitution failed:
[01m[K/home/mohammadreza/Documents/CMU-Project/RED/catkin_ws/src/pointcloud/cylider_seg.cpp:178:24:[m[K [01;36m[Knote: [m[K  ‘[01m[Kstd_msgs::Byte {aka std_msgs::Byte_<std::allocator<void> >}[m[K’ is not derived from ‘[01m[Kconst std::reverse_iterator<_Iterator>[m[K’
     if ( dist < radius*radius )
[01;32m[K                        ^[m[K
In file included from [01m[K/usr/include/c++/5/bits/stl_algobase.h:67:0[m[K,
                 from [01m[K/usr/include/c++/5/bits/char_traits.h:39[m[K,
                 from [01m[K/usr/include/c++/5/string:40[m[K,
                 from [01m[K/opt/ros/kinetic/include/ros/platform.h:55[m[K,
                 from [01m[K/opt/ros/kinetic/include/ros/time.h:53[m[K,
                 from [01m[K/opt/ros/kinetic/include/ros/ros.h:38[m[K,
                 from [01m[K/home/mohammadreza/Documents/CMU-Project/RED/catkin_ws/src/pointcloud/cylider_seg.cpp:1[m[K:
[01m[K/usr/include/c++/5/bits/stl_iterator.h:298:5:[m[K [01;36m[Knote: [m[Kcandidate: template<class _Iterator> bool std::operator<(const std::reverse_iterator<_Iterator>&, const std::reverse_iterator<_Iterator>&)
     operator<(const reverse_iterator<_Iterator>& __x,
[01;32m[K     ^[m[K
[01m[K/usr/include/c++/5/bits/stl_iterator.h:298:5:[m[K [01;36m[Knote: [m[K  template argument deduction/substitution failed:
[01m[K/home/mohammadreza/Documents/CMU-Project/RED/catkin_ws/src/pointcloud/cylider_seg.cpp:178:24:[m[K [01;36m[Knote: [m[K  ‘[01m[Kstd_msgs::Byte {aka std_msgs::Byte_<std::allocator<void> >}[m[K’ is not derived from ‘[01m[Kconst std::reverse_iterator<_Iterator>[m[K’
     if ( dist < radius*radius )
[01;32m[K                        ^[m[K
In file included from [01m[K/usr/include/c++/5/bits/stl_algobase.h:64:0[m[K,
                 from [01m[K/usr/include/c++/5/bits/char_traits.h:39[m[K,
                 from [01m[K/usr/include/c++/5/string:40[m[K,
                 from [01m[K/opt/ros/kinetic/include/ros/platform.h:55[m[K,
                 from [01m[K/opt/ros/kinetic/include/ros/time.h:53[m[K,
                 from [01m[K/opt/ros/kinetic/include/ros/ros.h:38[m[K,
                 from [01m[K/home/mohammadreza/Documents/CMU-Project/RED/catkin_ws/src/pointcloud/cylider_seg.cpp:1[m[K:
[01m[K/usr/include/c++/5/bits/stl_pair.h:220:5:[m[K [01;36m[Knote: [m[Kcandidate: template<class _T1, class _T2> bool std::operator<(const std::pair<_T1, _T2>&, const std::pair<_T1, _T2>&)
     operator<(const pair<_T1, _T2>& __x, const pair<_T1, _T2>& __y)
[01;32m[K     ^[m[K
[01m[K/usr/include/c++/5/bits/stl_pair.h:220:5:[m[K [01;36m[Knote: [m[K  template argument deduction/substitution failed:
[01m[K/home/mohammadreza/Documents/CMU-Project/RED/catkin_ws/src/pointcloud/cylider_seg.cpp:178:24:[m[K [01;36m[Knote: [m[K  ‘[01m[Kstd_msgs::Byte {aka std_msgs::Byte_<std::allocator<void> >}[m[K’ is not derived from ‘[01m[Kconst std::pair<_T1, _T2>[m[K’
     if ( dist < radius*radius )
[01;32m[K                        ^[m[K
CMakeFiles/cylider_seg.dir/build.make:62: recipe for target 'CMakeFiles/cylider_seg.dir/cylider_seg.cpp.o' failed
make[2]: *** [CMakeFiles/cylider_seg.dir/cylider_seg.cpp.o] Error 1
CMakeFiles/Makefile2:1672: recipe for target 'CMakeFiles/cylider_seg.dir/all' failed
make[1]: *** [CMakeFiles/cylider_seg.dir/all] Error 2
Makefile:138: recipe for target 'all' failed
make: *** [all] Error 2
