[01m[K/home/mohammadreza/Documents/CMU-Project/RED/catkin_ws/src/pointcloud/cylider_seg.cpp:[m[K In function ‘[01m[Kvoid cloud_cb(const PointCloud2ConstPtr&)[m[K’:
[01m[K/home/mohammadreza/Documents/CMU-Project/RED/catkin_ws/src/pointcloud/cylider_seg.cpp:28:20:[m[K [01;31m[Kerror: [m[K‘[01m[KPointT[m[K’ was not declared in this scope
   pcl::PassThrough<PointT> pass;
[01;32m[K                    ^[m[K
[01m[K/home/mohammadreza/Documents/CMU-Project/RED/catkin_ws/src/pointcloud/cylider_seg.cpp:28:26:[m[K [01;31m[Kerror: [m[Ktemplate argument 1 is invalid
   pcl::PassThrough<PointT> pass;
[01;32m[K                          ^[m[K
[01m[K/home/mohammadreza/Documents/CMU-Project/RED/catkin_ws/src/pointcloud/cylider_seg.cpp:29:44:[m[K [01;31m[Kerror: [m[Ktype/value mismatch at argument 1 in template parameter list for ‘[01m[Ktemplate<class PointInT, class PointOutT> class pcl::NormalEstimation[m[K’
   pcl::NormalEstimation<PointT, pcl::Normal> ne;
[01;32m[K                                            ^[m[K
[01m[K/home/mohammadreza/Documents/CMU-Project/RED/catkin_ws/src/pointcloud/cylider_seg.cpp:29:44:[m[K [01;36m[Knote: [m[K  expected a type, got ‘[01m[KPointT[m[K’
[01m[K/home/mohammadreza/Documents/CMU-Project/RED/catkin_ws/src/pointcloud/cylider_seg.cpp:30:54:[m[K [01;31m[Kerror: [m[Ktype/value mismatch at argument 1 in template parameter list for ‘[01m[Ktemplate<class PointT, class PointNT> class pcl::SACSegmentationFromNormals[m[K’
   pcl::SACSegmentationFromNormals<PointT, pcl::Normal> seg; 
[01;32m[K                                                      ^[m[K
[01m[K/home/mohammadreza/Documents/CMU-Project/RED/catkin_ws/src/pointcloud/cylider_seg.cpp:30:54:[m[K [01;36m[Knote: [m[K  expected a type, got ‘[01m[KPointT[m[K’
[01m[K/home/mohammadreza/Documents/CMU-Project/RED/catkin_ws/src/pointcloud/cylider_seg.cpp:32:29:[m[K [01;31m[Kerror: [m[Ktype/value mismatch at argument 1 in template parameter list for ‘[01m[Ktemplate<class PointT> class pcl::ExtractIndices[m[K’
   pcl::ExtractIndices<PointT> extract;
[01;32m[K                             ^[m[K
[01m[K/home/mohammadreza/Documents/CMU-Project/RED/catkin_ws/src/pointcloud/cylider_seg.cpp:32:29:[m[K [01;36m[Knote: [m[K  expected a type, got ‘[01m[KPointT[m[K’
[01m[K/home/mohammadreza/Documents/CMU-Project/RED/catkin_ws/src/pointcloud/cylider_seg.cpp:34:29:[m[K [01;31m[Kerror: [m[Ktype/value mismatch at argument 1 in template parameter list for ‘[01m[Ktemplate<class PointT, class Tree> class pcl::search::KdTree[m[K’
   pcl::search::KdTree<PointT>::Ptr tree (new pcl::search::KdTree<PointT> ());
[01;32m[K                             ^[m[K
[01m[K/home/mohammadreza/Documents/CMU-Project/RED/catkin_ws/src/pointcloud/cylider_seg.cpp:34:29:[m[K [01;36m[Knote: [m[K  expected a type, got ‘[01m[KPointT[m[K’
[01m[K/home/mohammadreza/Documents/CMU-Project/RED/catkin_ws/src/pointcloud/cylider_seg.cpp:34:29:[m[K [01;31m[Kerror: [m[Ktemplate argument 2 is invalid
[01m[K/home/mohammadreza/Documents/CMU-Project/RED/catkin_ws/src/pointcloud/cylider_seg.cpp:34:36:[m[K [01;31m[Kerror: [m[Kexpected initializer before ‘[01m[Ktree[m[K’
   pcl::search::KdTree<PointT>::Ptr tree (new pcl::search::KdTree<PointT> ());
[01;32m[K                                    ^[m[K
[01m[K/home/mohammadreza/Documents/CMU-Project/RED/catkin_ws/src/pointcloud/cylider_seg.cpp:36:25:[m[K [01;31m[Kerror: [m[Ktype/value mismatch at argument 1 in template parameter list for ‘[01m[Ktemplate<class PointT> class pcl::PointCloud[m[K’
   pcl::PointCloud<PointT>::Ptr cloud_filtered (new pcl::PointCloud<PointT>);
[01;32m[K                         ^[m[K
[01m[K/home/mohammadreza/Documents/CMU-Project/RED/catkin_ws/src/pointcloud/cylider_seg.cpp:36:25:[m[K [01;36m[Knote: [m[K  expected a type, got ‘[01m[KPointT[m[K’
[01m[K/home/mohammadreza/Documents/CMU-Project/RED/catkin_ws/src/pointcloud/cylider_seg.cpp:36:32:[m[K [01;31m[Kerror: [m[Kexpected initializer before ‘[01m[Kcloud_filtered[m[K’
   pcl::PointCloud<PointT>::Ptr cloud_filtered (new pcl::PointCloud<PointT>);
[01;32m[K                                ^[m[K
[01m[K/home/mohammadreza/Documents/CMU-Project/RED/catkin_ws/src/pointcloud/cylider_seg.cpp:38:25:[m[K [01;31m[Kerror: [m[Ktype/value mismatch at argument 1 in template parameter list for ‘[01m[Ktemplate<class PointT> class pcl::PointCloud[m[K’
   pcl::PointCloud<PointT>::Ptr cloud_filtered2 (new pcl::PointCloud<PointT>);
[01;32m[K                         ^[m[K
[01m[K/home/mohammadreza/Documents/CMU-Project/RED/catkin_ws/src/pointcloud/cylider_seg.cpp:38:25:[m[K [01;36m[Knote: [m[K  expected a type, got ‘[01m[KPointT[m[K’
[01m[K/home/mohammadreza/Documents/CMU-Project/RED/catkin_ws/src/pointcloud/cylider_seg.cpp:38:32:[m[K [01;31m[Kerror: [m[Kexpected initializer before ‘[01m[Kcloud_filtered2[m[K’
   pcl::PointCloud<PointT>::Ptr cloud_filtered2 (new pcl::PointCloud<PointT>);
[01;32m[K                                ^[m[K
[01m[K/home/mohammadreza/Documents/CMU-Project/RED/catkin_ws/src/pointcloud/cylider_seg.cpp:52:45:[m[K [01;31m[Kerror: [m[K‘[01m[Kstruct pcl::PCLPointCloud2[m[K’ has no member named ‘[01m[Kpoints[m[K’
   std::cerr << "PointCloud has: " << cloud->points.size () << " data points." << std::endl;
[01;32m[K                                             ^[m[K
[01m[K/home/mohammadreza/Documents/CMU-Project/RED/catkin_ws/src/pointcloud/cylider_seg.cpp:62:8:[m[K [01;31m[Kerror: [m[Krequest for member ‘[01m[KsetInputCloud[m[K’ in ‘[01m[Kpass[m[K’, which is of non-class type ‘[01m[Kint[m[K’
   pass.setInputCloud (cloud);
[01;32m[K        ^[m[K
[01m[K/home/mohammadreza/Documents/CMU-Project/RED/catkin_ws/src/pointcloud/cylider_seg.cpp:63:8:[m[K [01;31m[Kerror: [m[Krequest for member ‘[01m[KsetFilterFieldName[m[K’ in ‘[01m[Kpass[m[K’, which is of non-class type ‘[01m[Kint[m[K’
   pass.setFilterFieldName ("z");
[01;32m[K        ^[m[K
[01m[K/home/mohammadreza/Documents/CMU-Project/RED/catkin_ws/src/pointcloud/cylider_seg.cpp:64:8:[m[K [01;31m[Kerror: [m[Krequest for member ‘[01m[KsetFilterLimits[m[K’ in ‘[01m[Kpass[m[K’, which is of non-class type ‘[01m[Kint[m[K’
   pass.setFilterLimits (0, 1.5);
[01;32m[K        ^[m[K
[01m[K/home/mohammadreza/Documents/CMU-Project/RED/catkin_ws/src/pointcloud/cylider_seg.cpp:65:8:[m[K [01;31m[Kerror: [m[Krequest for member ‘[01m[Kfilter[m[K’ in ‘[01m[Kpass[m[K’, which is of non-class type ‘[01m[Kint[m[K’
   pass.filter (*cloud_filtered);
[01;32m[K        ^[m[K
[01m[K/home/mohammadreza/Documents/CMU-Project/RED/catkin_ws/src/pointcloud/cylider_seg.cpp:65:16:[m[K [01;31m[Kerror: [m[Kno match for ‘[01m[Koperator*[m[K’ (operand type is ‘[01m[Kpcl::PCLPointCloud2[m[K’)
   pass.filter (*cloud_filtered);
[01;32m[K                ^[m[K
[01m[K/home/mohammadreza/Documents/CMU-Project/RED/catkin_ws/src/pointcloud/cylider_seg.cpp:66:68:[m[K [01;31m[Kerror: [m[Kbase operand of ‘[01m[K->[m[K’ has non-pointer type ‘[01m[Kpcl::PCLPointCloud2[m[K’
   std::cerr << "PointCloud after filtering has: " << cloud_filtered->points.size () << " data points." << std::endl;
[01;32m[K                                                                    ^[m[K
[01m[K/home/mohammadreza/Documents/CMU-Project/RED/catkin_ws/src/pointcloud/cylider_seg.cpp:69:6:[m[K [01;31m[Kerror: [m[Krequest for member ‘[01m[KsetSearchMethod[m[K’ in ‘[01m[Kne[m[K’, which is of non-class type ‘[01m[Kint[m[K’
   ne.setSearchMethod (tree);
[01;32m[K      ^[m[K
[01m[K/home/mohammadreza/Documents/CMU-Project/RED/catkin_ws/src/pointcloud/cylider_seg.cpp:69:23:[m[K [01;31m[Kerror: [m[K‘[01m[Ktree[m[K’ was not declared in this scope
   ne.setSearchMethod (tree);
[01;32m[K                       ^[m[K
[01m[K/home/mohammadreza/Documents/CMU-Project/RED/catkin_ws/src/pointcloud/cylider_seg.cpp:70:6:[m[K [01;31m[Kerror: [m[Krequest for member ‘[01m[KsetInputCloud[m[K’ in ‘[01m[Kne[m[K’, which is of non-class type ‘[01m[Kint[m[K’
   ne.setInputCloud (cloud_filtered);
[01;32m[K      ^[m[K
[01m[K/home/mohammadreza/Documents/CMU-Project/RED/catkin_ws/src/pointcloud/cylider_seg.cpp:71:6:[m[K [01;31m[Kerror: [m[Krequest for member ‘[01m[KsetKSearch[m[K’ in ‘[01m[Kne[m[K’, which is of non-class type ‘[01m[Kint[m[K’
   ne.setKSearch (50);
[01;32m[K      ^[m[K
[01m[K/home/mohammadreza/Documents/CMU-Project/RED/catkin_ws/src/pointcloud/cylider_seg.cpp:72:6:[m[K [01;31m[Kerror: [m[Krequest for member ‘[01m[Kcompute[m[K’ in ‘[01m[Kne[m[K’, which is of non-class type ‘[01m[Kint[m[K’
   ne.compute (*cloud_normals);
[01;32m[K      ^[m[K
[01m[K/home/mohammadreza/Documents/CMU-Project/RED/catkin_ws/src/pointcloud/cylider_seg.cpp:75:7:[m[K [01;31m[Kerror: [m[Krequest for member ‘[01m[KsetOptimizeCoefficients[m[K’ in ‘[01m[Kseg[m[K’, which is of non-class type ‘[01m[Kint[m[K’
   seg.setOptimizeCoefficients (true);
[01;32m[K       ^[m[K
[01m[K/home/mohammadreza/Documents/CMU-Project/RED/catkin_ws/src/pointcloud/cylider_seg.cpp:76:7:[m[K [01;31m[Kerror: [m[Krequest for member ‘[01m[KsetModelType[m[K’ in ‘[01m[Kseg[m[K’, which is of non-class type ‘[01m[Kint[m[K’
   seg.setModelType (pcl::SACMODEL_NORMAL_PLANE);
[01;32m[K       ^[m[K
[01m[K/home/mohammadreza/Documents/CMU-Project/RED/catkin_ws/src/pointcloud/cylider_seg.cpp:77:7:[m[K [01;31m[Kerror: [m[Krequest for member ‘[01m[KsetNormalDistanceWeight[m[K’ in ‘[01m[Kseg[m[K’, which is of non-class type ‘[01m[Kint[m[K’
   seg.setNormalDistanceWeight (0.1);
[01;32m[K       ^[m[K
[01m[K/home/mohammadreza/Documents/CMU-Project/RED/catkin_ws/src/pointcloud/cylider_seg.cpp:78:7:[m[K [01;31m[Kerror: [m[Krequest for member ‘[01m[KsetMethodType[m[K’ in ‘[01m[Kseg[m[K’, which is of non-class type ‘[01m[Kint[m[K’
   seg.setMethodType (pcl::SAC_RANSAC);
[01;32m[K       ^[m[K
[01m[K/home/mohammadreza/Documents/CMU-Project/RED/catkin_ws/src/pointcloud/cylider_seg.cpp:79:7:[m[K [01;31m[Kerror: [m[Krequest for member ‘[01m[KsetMaxIterations[m[K’ in ‘[01m[Kseg[m[K’, which is of non-class type ‘[01m[Kint[m[K’
   seg.setMaxIterations (100);
[01;32m[K       ^[m[K
[01m[K/home/mohammadreza/Documents/CMU-Project/RED/catkin_ws/src/pointcloud/cylider_seg.cpp:80:7:[m[K [01;31m[Kerror: [m[Krequest for member ‘[01m[KsetDistanceThreshold[m[K’ in ‘[01m[Kseg[m[K’, which is of non-class type ‘[01m[Kint[m[K’
   seg.setDistanceThreshold (0.03);
[01;32m[K       ^[m[K
[01m[K/home/mohammadreza/Documents/CMU-Project/RED/catkin_ws/src/pointcloud/cylider_seg.cpp:81:7:[m[K [01;31m[Kerror: [m[Krequest for member ‘[01m[KsetInputCloud[m[K’ in ‘[01m[Kseg[m[K’, which is of non-class type ‘[01m[Kint[m[K’
   seg.setInputCloud (cloud_filtered);
[01;32m[K       ^[m[K
[01m[K/home/mohammadreza/Documents/CMU-Project/RED/catkin_ws/src/pointcloud/cylider_seg.cpp:82:7:[m[K [01;31m[Kerror: [m[Krequest for member ‘[01m[KsetInputNormals[m[K’ in ‘[01m[Kseg[m[K’, which is of non-class type ‘[01m[Kint[m[K’
   seg.setInputNormals (cloud_normals);
[01;32m[K       ^[m[K
[01m[K/home/mohammadreza/Documents/CMU-Project/RED/catkin_ws/src/pointcloud/cylider_seg.cpp:84:7:[m[K [01;31m[Kerror: [m[Krequest for member ‘[01m[Ksegment[m[K’ in ‘[01m[Kseg[m[K’, which is of non-class type ‘[01m[Kint[m[K’
   seg.segment (*inliers_plane, *coefficients_plane);
[01;32m[K       ^[m[K
[01m[K/home/mohammadreza/Documents/CMU-Project/RED/catkin_ws/src/pointcloud/cylider_seg.cpp:88:11:[m[K [01;31m[Kerror: [m[Krequest for member ‘[01m[KsetInputCloud[m[K’ in ‘[01m[Kextract[m[K’, which is of non-class type ‘[01m[Kint[m[K’
   extract.setInputCloud (cloud_filtered);
[01;32m[K           ^[m[K
[01m[K/home/mohammadreza/Documents/CMU-Project/RED/catkin_ws/src/pointcloud/cylider_seg.cpp:89:11:[m[K [01;31m[Kerror: [m[Krequest for member ‘[01m[KsetIndices[m[K’ in ‘[01m[Kextract[m[K’, which is of non-class type ‘[01m[Kint[m[K’
   extract.setIndices (inliers_plane);
[01;32m[K           ^[m[K
[01m[K/home/mohammadreza/Documents/CMU-Project/RED/catkin_ws/src/pointcloud/cylider_seg.cpp:90:11:[m[K [01;31m[Kerror: [m[Krequest for member ‘[01m[KsetNegative[m[K’ in ‘[01m[Kextract[m[K’, which is of non-class type ‘[01m[Kint[m[K’
   extract.setNegative (false);
[01;32m[K           ^[m[K
[01m[K/home/mohammadreza/Documents/CMU-Project/RED/catkin_ws/src/pointcloud/cylider_seg.cpp:93:25:[m[K [01;31m[Kerror: [m[Ktype/value mismatch at argument 1 in template parameter list for ‘[01m[Ktemplate<class PointT> class pcl::PointCloud[m[K’
   pcl::PointCloud<PointT>::Ptr cloud_plane (new pcl::PointCloud<PointT> ());
[01;32m[K                         ^[m[K
[01m[K/home/mohammadreza/Documents/CMU-Project/RED/catkin_ws/src/pointcloud/cylider_seg.cpp:93:25:[m[K [01;36m[Knote: [m[K  expected a type, got ‘[01m[KPointT[m[K’
[01m[K/home/mohammadreza/Documents/CMU-Project/RED/catkin_ws/src/pointcloud/cylider_seg.cpp:93:32:[m[K [01;31m[Kerror: [m[Kexpected initializer before ‘[01m[Kcloud_plane[m[K’
   pcl::PointCloud<PointT>::Ptr cloud_plane (new pcl::PointCloud<PointT> ());
[01;32m[K                                ^[m[K
[01m[K/home/mohammadreza/Documents/CMU-Project/RED/catkin_ws/src/pointcloud/cylider_seg.cpp:94:11:[m[K [01;31m[Kerror: [m[Krequest for member ‘[01m[Kfilter[m[K’ in ‘[01m[Kextract[m[K’, which is of non-class type ‘[01m[Kint[m[K’
   extract.filter (*cloud_plane);
[01;32m[K           ^[m[K
[01m[K/home/mohammadreza/Documents/CMU-Project/RED/catkin_ws/src/pointcloud/cylider_seg.cpp:94:20:[m[K [01;31m[Kerror: [m[K‘[01m[Kcloud_plane[m[K’ was not declared in this scope
   extract.filter (*cloud_plane);
[01;32m[K                    ^[m[K
[01m[K/home/mohammadreza/Documents/CMU-Project/RED/catkin_ws/src/pointcloud/cylider_seg.cpp:99:11:[m[K [01;31m[Kerror: [m[Krequest for member ‘[01m[KsetNegative[m[K’ in ‘[01m[Kextract[m[K’, which is of non-class type ‘[01m[Kint[m[K’
   extract.setNegative (true);
[01;32m[K           ^[m[K
[01m[K/home/mohammadreza/Documents/CMU-Project/RED/catkin_ws/src/pointcloud/cylider_seg.cpp:100:11:[m[K [01;31m[Kerror: [m[Krequest for member ‘[01m[Kfilter[m[K’ in ‘[01m[Kextract[m[K’, which is of non-class type ‘[01m[Kint[m[K’
   extract.filter (*cloud_filtered2);
[01;32m[K           ^[m[K
[01m[K/home/mohammadreza/Documents/CMU-Project/RED/catkin_ws/src/pointcloud/cylider_seg.cpp:100:20:[m[K [01;31m[Kerror: [m[K‘[01m[Kcloud_filtered2[m[K’ was not declared in this scope
   extract.filter (*cloud_filtered2);
[01;32m[K                    ^[m[K
[01m[K/home/mohammadreza/Documents/CMU-Project/RED/catkin_ws/src/pointcloud/cylider_seg.cpp:107:7:[m[K [01;31m[Kerror: [m[Krequest for member ‘[01m[KsetOptimizeCoefficients[m[K’ in ‘[01m[Kseg[m[K’, which is of non-class type ‘[01m[Kint[m[K’
   seg.setOptimizeCoefficients (true);
[01;32m[K       ^[m[K
[01m[K/home/mohammadreza/Documents/CMU-Project/RED/catkin_ws/src/pointcloud/cylider_seg.cpp:108:7:[m[K [01;31m[Kerror: [m[Krequest for member ‘[01m[KsetModelType[m[K’ in ‘[01m[Kseg[m[K’, which is of non-class type ‘[01m[Kint[m[K’
   seg.setModelType (pcl::SACMODEL_CYLINDER);
[01;32m[K       ^[m[K
[01m[K/home/mohammadreza/Documents/CMU-Project/RED/catkin_ws/src/pointcloud/cylider_seg.cpp:109:7:[m[K [01;31m[Kerror: [m[Krequest for member ‘[01m[KsetMethodType[m[K’ in ‘[01m[Kseg[m[K’, which is of non-class type ‘[01m[Kint[m[K’
   seg.setMethodType (pcl::SAC_RANSAC);
[01;32m[K       ^[m[K
[01m[K/home/mohammadreza/Documents/CMU-Project/RED/catkin_ws/src/pointcloud/cylider_seg.cpp:110:7:[m[K [01;31m[Kerror: [m[Krequest for member ‘[01m[KsetNormalDistanceWeight[m[K’ in ‘[01m[Kseg[m[K’, which is of non-class type ‘[01m[Kint[m[K’
   seg.setNormalDistanceWeight (0.1);
[01;32m[K       ^[m[K
[01m[K/home/mohammadreza/Documents/CMU-Project/RED/catkin_ws/src/pointcloud/cylider_seg.cpp:111:7:[m[K [01;31m[Kerror: [m[Krequest for member ‘[01m[KsetMaxIterations[m[K’ in ‘[01m[Kseg[m[K’, which is of non-class type ‘[01m[Kint[m[K’
   seg.setMaxIterations (10000);
[01;32m[K       ^[m[K
[01m[K/home/mohammadreza/Documents/CMU-Project/RED/catkin_ws/src/pointcloud/cylider_seg.cpp:112:7:[m[K [01;31m[Kerror: [m[Krequest for member ‘[01m[KsetDistanceThreshold[m[K’ in ‘[01m[Kseg[m[K’, which is of non-class type ‘[01m[Kint[m[K’
   seg.setDistanceThreshold (0.05);
[01;32m[K       ^[m[K
[01m[K/home/mohammadreza/Documents/CMU-Project/RED/catkin_ws/src/pointcloud/cylider_seg.cpp:113:7:[m[K [01;31m[Kerror: [m[Krequest for member ‘[01m[KsetRadiusLimits[m[K’ in ‘[01m[Kseg[m[K’, which is of non-class type ‘[01m[Kint[m[K’
   seg.setRadiusLimits (0, 0.1);
[01;32m[K       ^[m[K
[01m[K/home/mohammadreza/Documents/CMU-Project/RED/catkin_ws/src/pointcloud/cylider_seg.cpp:114:7:[m[K [01;31m[Kerror: [m[Krequest for member ‘[01m[KsetInputCloud[m[K’ in ‘[01m[Kseg[m[K’, which is of non-class type ‘[01m[Kint[m[K’
   seg.setInputCloud (cloud_filtered2);
[01;32m[K       ^[m[K
[01m[K/home/mohammadreza/Documents/CMU-Project/RED/catkin_ws/src/pointcloud/cylider_seg.cpp:115:7:[m[K [01;31m[Kerror: [m[Krequest for member ‘[01m[KsetInputNormals[m[K’ in ‘[01m[Kseg[m[K’, which is of non-class type ‘[01m[Kint[m[K’
   seg.setInputNormals (cloud_normals2);
[01;32m[K       ^[m[K
[01m[K/home/mohammadreza/Documents/CMU-Project/RED/catkin_ws/src/pointcloud/cylider_seg.cpp:118:7:[m[K [01;31m[Kerror: [m[Krequest for member ‘[01m[Ksegment[m[K’ in ‘[01m[Kseg[m[K’, which is of non-class type ‘[01m[Kint[m[K’
   seg.segment (*inliers_cylinder, *coefficients_cylinder);
[01;32m[K       ^[m[K
[01m[K/home/mohammadreza/Documents/CMU-Project/RED/catkin_ws/src/pointcloud/cylider_seg.cpp:122:11:[m[K [01;31m[Kerror: [m[Krequest for member ‘[01m[KsetInputCloud[m[K’ in ‘[01m[Kextract[m[K’, which is of non-class type ‘[01m[Kint[m[K’
   extract.setInputCloud (cloud_filtered2);
[01;32m[K           ^[m[K
[01m[K/home/mohammadreza/Documents/CMU-Project/RED/catkin_ws/src/pointcloud/cylider_seg.cpp:123:11:[m[K [01;31m[Kerror: [m[Krequest for member ‘[01m[KsetIndices[m[K’ in ‘[01m[Kextract[m[K’, which is of non-class type ‘[01m[Kint[m[K’
   extract.setIndices (inliers_cylinder);
[01;32m[K           ^[m[K
[01m[K/home/mohammadreza/Documents/CMU-Project/RED/catkin_ws/src/pointcloud/cylider_seg.cpp:124:11:[m[K [01;31m[Kerror: [m[Krequest for member ‘[01m[KsetNegative[m[K’ in ‘[01m[Kextract[m[K’, which is of non-class type ‘[01m[Kint[m[K’
   extract.setNegative (false);
[01;32m[K           ^[m[K
[01m[K/home/mohammadreza/Documents/CMU-Project/RED/catkin_ws/src/pointcloud/cylider_seg.cpp:125:25:[m[K [01;31m[Kerror: [m[Ktype/value mismatch at argument 1 in template parameter list for ‘[01m[Ktemplate<class PointT> class pcl::PointCloud[m[K’
   pcl::PointCloud<PointT>::Ptr cloud_cylinder (new pcl::PointCloud<PointT> ());
[01;32m[K                         ^[m[K
[01m[K/home/mohammadreza/Documents/CMU-Project/RED/catkin_ws/src/pointcloud/cylider_seg.cpp:125:25:[m[K [01;36m[Knote: [m[K  expected a type, got ‘[01m[KPointT[m[K’
[01m[K/home/mohammadreza/Documents/CMU-Project/RED/catkin_ws/src/pointcloud/cylider_seg.cpp:125:32:[m[K [01;31m[Kerror: [m[Kexpected initializer before ‘[01m[Kcloud_cylinder[m[K’
   pcl::PointCloud<PointT>::Ptr cloud_cylinder (new pcl::PointCloud<PointT> ());
[01;32m[K                                ^[m[K
[01m[K/home/mohammadreza/Documents/CMU-Project/RED/catkin_ws/src/pointcloud/cylider_seg.cpp:126:11:[m[K [01;31m[Kerror: [m[Krequest for member ‘[01m[Kfilter[m[K’ in ‘[01m[Kextract[m[K’, which is of non-class type ‘[01m[Kint[m[K’
   extract.filter (*cloud_cylinder);
[01;32m[K           ^[m[K
[01m[K/home/mohammadreza/Documents/CMU-Project/RED/catkin_ws/src/pointcloud/cylider_seg.cpp:126:20:[m[K [01;31m[Kerror: [m[K‘[01m[Kcloud_cylinder[m[K’ was not declared in this scope
   extract.filter (*cloud_cylinder);
[01;32m[K                    ^[m[K
make[2]: *** [CMakeFiles/cylider_seg.dir/cylider_seg.cpp.o] Error 1
make[1]: *** [CMakeFiles/cylider_seg.dir/all] Error 2
make: *** [all] Error 2
