[01m[K/home/mohammad/Documents/CMU/RED/catkin_ws/src/pointcloud/safeguard_main.cpp:[m[K In function ‘[01m[Kvoid cloud_cb(const PointCloud2ConstPtr&)[m[K’:
[01m[K/home/mohammad/Documents/CMU/RED/catkin_ws/src/pointcloud/safeguard_main.cpp:184:12:[m[K [01;31m[Kerror: [m[Kredeclaration of ‘[01m[Kdouble obstacle_min[m[K’
     double obstacle_min, obstacle_max, cylinder_max;
[01;32m[K            ^[m[K
[01m[K/home/mohammad/Documents/CMU/RED/catkin_ws/src/pointcloud/safeguard_main.cpp:158:12:[m[K [01;36m[Knote: [m[K‘[01m[Kdouble obstacle_min[m[K’ previously declared here
     double obstacle_min, obstacle_max, obstacle_ave, cylinder_min, cylinder_max, cylinder_ave;
[01;32m[K            ^[m[K
[01m[K/home/mohammad/Documents/CMU/RED/catkin_ws/src/pointcloud/safeguard_main.cpp:184:26:[m[K [01;31m[Kerror: [m[Kredeclaration of ‘[01m[Kdouble obstacle_max[m[K’
     double obstacle_min, obstacle_max, cylinder_max;
[01;32m[K                          ^[m[K
[01m[K/home/mohammad/Documents/CMU/RED/catkin_ws/src/pointcloud/safeguard_main.cpp:158:26:[m[K [01;36m[Knote: [m[K‘[01m[Kdouble obstacle_max[m[K’ previously declared here
     double obstacle_min, obstacle_max, obstacle_ave, cylinder_min, cylinder_max, cylinder_ave;
[01;32m[K                          ^[m[K
[01m[K/home/mohammad/Documents/CMU/RED/catkin_ws/src/pointcloud/safeguard_main.cpp:184:40:[m[K [01;31m[Kerror: [m[Kredeclaration of ‘[01m[Kdouble cylinder_max[m[K’
     double obstacle_min, obstacle_max, cylinder_max;
[01;32m[K                                        ^[m[K
[01m[K/home/mohammad/Documents/CMU/RED/catkin_ws/src/pointcloud/safeguard_main.cpp:158:68:[m[K [01;36m[Knote: [m[K‘[01m[Kdouble cylinder_max[m[K’ previously declared here
     double obstacle_min, obstacle_max, obstacle_ave, cylinder_min, cylinder_max, cylinder_ave;
[01;32m[K                                                                    ^[m[K
make[2]: *** [CMakeFiles/safeguard_main.dir/safeguard_main.cpp.o] Error 1
make[2]: *** Waiting for unfinished jobs....
make[1]: *** [CMakeFiles/safeguard_main.dir/all] Error 2
make: *** [all] Error 2
