[01m[K/home/mohammadreza/Documents/CMU-Project/RED/catkin_ws/src/pointcloud/cylider_seg.cpp:[m[K In function ‘[01m[Kvoid cloud_cb(const PointCloud2ConstPtr&)[m[K’:
[01m[K/home/mohammadreza/Documents/CMU-Project/RED/catkin_ws/src/pointcloud/cylider_seg.cpp:214:12:[m[K [01;31m[Kerror: [m[K‘[01m[Kclass ros::Publisher[m[K’ has no member named ‘[01m[Kdata[m[K’
   decision.data = temp1;
[01;32m[K            ^[m[K
In file included from [01m[K/opt/ros/kinetic/include/ros/serialization.h:37:0[m[K,
                 from [01m[K/opt/ros/kinetic/include/ros/publisher.h:34[m[K,
                 from [01m[K/opt/ros/kinetic/include/ros/node_handle.h:32[m[K,
                 from [01m[K/opt/ros/kinetic/include/ros/ros.h:45[m[K,
                 from [01m[K/home/mohammadreza/Documents/CMU-Project/RED/catkin_ws/src/pointcloud/cylider_seg.cpp:1[m[K:
/opt/ros/kinetic/include/ros/message_traits.h: In instantiation of ‘[01m[Kstatic const char* ros::message_traits::MD5Sum<M>::value(const M&) [with M = ros::Publisher][m[K’:
[01m[K/opt/ros/kinetic/include/ros/message_traits.h:255:102:[m[K   required from ‘[01m[Kconst char* ros::message_traits::md5sum(const M&) [with M = ros::Publisher][m[K’
[01m[K/opt/ros/kinetic/include/ros/publisher.h:112:7:[m[K   required from ‘[01m[Kvoid ros::Publisher::publish(const M&) const [with M = ros::Publisher][m[K’
[01m[K/home/mohammadreza/Documents/CMU-Project/RED/catkin_ws/src/pointcloud/cylider_seg.cpp:215:23:[m[K   required from here
[01m[K/opt/ros/kinetic/include/ros/message_traits.h:126:34:[m[K [01;31m[Kerror: [m[K‘[01m[Kconst class ros::Publisher[m[K’ has no member named ‘[01m[K__getMD5Sum[m[K’
     return m.__getMD5Sum().c_str();
[01;32m[K                                  ^[m[K
/opt/ros/kinetic/include/ros/message_traits.h: In instantiation of ‘[01m[Kstatic const char* ros::message_traits::DataType<M>::value(const M&) [with M = ros::Publisher][m[K’:
[01m[K/opt/ros/kinetic/include/ros/message_traits.h:264:104:[m[K   required from ‘[01m[Kconst char* ros::message_traits::datatype(const M&) [with M = ros::Publisher][m[K’
[01m[K/opt/ros/kinetic/include/ros/publisher.h:112:7:[m[K   required from ‘[01m[Kvoid ros::Publisher::publish(const M&) const [with M = ros::Publisher][m[K’
[01m[K/home/mohammadreza/Documents/CMU-Project/RED/catkin_ws/src/pointcloud/cylider_seg.cpp:215:23:[m[K   required from here
[01m[K/opt/ros/kinetic/include/ros/message_traits.h:143:36:[m[K [01;31m[Kerror: [m[K‘[01m[Kconst class ros::Publisher[m[K’ has no member named ‘[01m[K__getDataType[m[K’
     return m.__getDataType().c_str();
[01;32m[K                                    ^[m[K
In file included from [01m[K/opt/ros/kinetic/include/ros/publisher.h:34:0[m[K,
                 from [01m[K/opt/ros/kinetic/include/ros/node_handle.h:32[m[K,
                 from [01m[K/opt/ros/kinetic/include/ros/ros.h:45[m[K,
                 from [01m[K/home/mohammadreza/Documents/CMU-Project/RED/catkin_ws/src/pointcloud/cylider_seg.cpp:1[m[K:
/opt/ros/kinetic/include/ros/serialization.h: In instantiation of ‘[01m[Kstatic uint32_t ros::serialization::Serializer<T>::serializedLength(typename boost::call_traits<T>::param_type) [with T = ros::Publisher; uint32_t = unsigned int; typename boost::call_traits<T>::param_type = const ros::Publisher&][m[K’:
[01m[K/opt/ros/kinetic/include/ros/serialization.h:172:41:[m[K   required from ‘[01m[Kuint32_t ros::serialization::serializationLength(const T&) [with T = ros::Publisher; uint32_t = unsigned int][m[K’
[01m[K/opt/ros/kinetic/include/ros/serialization.h:848:37:[m[K   required from ‘[01m[Kros::SerializedMessage ros::serialization::serializeMessage(const M&) [with M = ros::Publisher][m[K’
[01m[K/opt/ros/kinetic/include/ros/publisher.h:118:26:[m[K   required from ‘[01m[Kvoid ros::Publisher::publish(const M&) const [with M = ros::Publisher][m[K’
[01m[K/home/mohammadreza/Documents/CMU-Project/RED/catkin_ws/src/pointcloud/cylider_seg.cpp:215:23:[m[K   required from here
[01m[K/opt/ros/kinetic/include/ros/serialization.h:144:34:[m[K [01;31m[Kerror: [m[K‘[01m[Kconst class ros::Publisher[m[K’ has no member named ‘[01m[KserializationLength[m[K’
     return t.serializationLength();
[01;32m[K                                  ^[m[K
/opt/ros/kinetic/include/ros/serialization.h: In instantiation of ‘[01m[Kstatic void ros::serialization::Serializer<T>::write(Stream&, typename boost::call_traits<T>::param_type) [with Stream = ros::serialization::OStream; T = ros::Publisher; typename boost::call_traits<T>::param_type = const ros::Publisher&][m[K’:
[01m[K/opt/ros/kinetic/include/ros/serialization.h:154:23:[m[K   required from ‘[01m[Kvoid ros::serialization::serialize(Stream&, const T&) [with T = ros::Publisher; Stream = ros::serialization::OStream][m[K’
[01m[K/opt/ros/kinetic/include/ros/serialization.h:855:12:[m[K   required from ‘[01m[Kros::SerializedMessage ros::serialization::serializeMessage(const M&) [with M = ros::Publisher][m[K’
[01m[K/opt/ros/kinetic/include/ros/publisher.h:118:26:[m[K   required from ‘[01m[Kvoid ros::Publisher::publish(const M&) const [with M = ros::Publisher][m[K’
[01m[K/home/mohammadreza/Documents/CMU-Project/RED/catkin_ws/src/pointcloud/cylider_seg.cpp:215:23:[m[K   required from here
[01m[K/opt/ros/kinetic/include/ros/serialization.h:127:5:[m[K [01;31m[Kerror: [m[K‘[01m[Kconst class ros::Publisher[m[K’ has no member named ‘[01m[Kserialize[m[K’
     t.serialize(stream.getData(), 0);
[01;32m[K     ^[m[K
make[2]: *** [CMakeFiles/cylider_seg.dir/cylider_seg.cpp.o] Error 1
make[1]: *** [CMakeFiles/cylider_seg.dir/all] Error 2
make: *** [all] Error 2
