[01m[K/home/mohammadreza/Documents/CMU-Project/RED/catkin_ws/src/pointcloud/cylider_seg.cpp:[m[K In function ‘[01m[Kint main(int, char**)[m[K’:
[01m[K/home/mohammadreza/Documents/CMU-Project/RED/catkin_ws/src/pointcloud/cylider_seg.cpp:180:3:[m[K [01;31m[Kerror: [m[K‘[01m[Kdecision[m[K’ was not declared in this scope
   decision = nh.advertise<std_msgs::Bool> ("decision", 1);
[01;32m[K   ^[m[K
[01m[K/home/mohammadreza/Documents/CMU-Project/RED/catkin_ws/src/pointcloud/cylider_seg.cpp:181:3:[m[K [01;31m[Kerror: [m[K‘[01m[Kdistance[m[K’ was not declared in this scope
   distance = nh.advertise<std_msgs::Byte> ("distance", 1);
[01;32m[K   ^[m[K
[01m[K/home/mohammadreza/Documents/CMU-Project/RED/catkin_ws/src/pointcloud/cylider_seg.cpp:181:3:[m[K [01;36m[Knote: [m[Ksuggested alternatives:
In file included from [01m[K/usr/include/c++/5/bits/stl_algobase.h:66:0[m[K,
                 from [01m[K/usr/include/c++/5/bits/char_traits.h:39[m[K,
                 from [01m[K/usr/include/c++/5/string:40[m[K,
                 from [01m[K/opt/ros/kinetic/include/ros/platform.h:55[m[K,
                 from [01m[K/opt/ros/kinetic/include/ros/time.h:53[m[K,
                 from [01m[K/opt/ros/kinetic/include/ros/ros.h:38[m[K,
                 from [01m[K/home/mohammadreza/Documents/CMU-Project/RED/catkin_ws/src/pointcloud/cylider_seg.cpp:1[m[K:
[01m[K/usr/include/c++/5/bits/stl_iterator_base_funcs.h:114:5:[m[K [01;36m[Knote: [m[K  ‘[01m[Kstd::distance[m[K’
     distance(_InputIterator __first, _InputIterator __last)
[01;32m[K     ^[m[K
In file included from [01m[K/usr/include/boost/range/functions.hpp:21:0[m[K,
                 from [01m[K/usr/include/boost/range/iterator_range_core.hpp:38[m[K,
                 from [01m[K/usr/include/boost/lexical_cast.hpp:30[m[K,
                 from [01m[K/opt/ros/kinetic/include/ros/transport_hints.h:34[m[K,
                 from [01m[K/opt/ros/kinetic/include/ros/subscribe_options.h:33[m[K,
                 from [01m[K/opt/ros/kinetic/include/ros/node_handle.h:42[m[K,
                 from [01m[K/opt/ros/kinetic/include/ros/ros.h:45[m[K,
                 from [01m[K/home/mohammadreza/Documents/CMU-Project/RED/catkin_ws/src/pointcloud/cylider_seg.cpp:1[m[K:
[01m[K/usr/include/boost/range/distance.hpp:27:5:[m[K [01;36m[Knote: [m[K  ‘[01m[Kboost::distance[m[K’
     distance( const T& r )
[01;32m[K     ^[m[K
In file included from [01m[K/usr/include/boost/mpl/vector/aux_/iterator.hpp:22:0[m[K,
                 from [01m[K/usr/include/boost/mpl/vector/aux_/vector0.hpp:22[m[K,
                 from [01m[K/usr/include/boost/mpl/vector/aux_/clear.hpp:18[m[K,
                 from [01m[K/usr/include/boost/mpl/vector/vector0.hpp:24[m[K,
                 from [01m[K/usr/include/boost/mpl/vector/vector10.hpp:18[m[K,
                 from [01m[K/usr/include/boost/mpl/vector/vector20.hpp:18[m[K,
                 from [01m[K/usr/include/boost/mpl/vector.hpp:36[m[K,
                 from [01m[K/usr/include/boost/math/policies/policy.hpp:14[m[K,
                 from [01m[K/usr/include/boost/math/policies/error_handling.hpp:19[m[K,
                 from [01m[K/usr/include/boost/math/special_functions/round.hpp:14[m[K,
                 from [01m[K/opt/ros/kinetic/include/ros/time.h:58[m[K,
                 from [01m[K/opt/ros/kinetic/include/ros/ros.h:38[m[K,
                 from [01m[K/home/mohammadreza/Documents/CMU-Project/RED/catkin_ws/src/pointcloud/cylider_seg.cpp:1[m[K:
[01m[K/usr/include/boost/mpl/distance_fwd.hpp:24:50:[m[K [01;36m[Knote: [m[K  ‘[01m[Kboost::mpl::distance[m[K’
 template< typename First, typename Last > struct distance;
[01;32m[K                                                  ^[m[K
In file included from [01m[K/usr/include/c++/5/bits/stl_algobase.h:66:0[m[K,
                 from [01m[K/usr/include/c++/5/bits/char_traits.h:39[m[K,
                 from [01m[K/usr/include/c++/5/string:40[m[K,
                 from [01m[K/opt/ros/kinetic/include/ros/platform.h:55[m[K,
                 from [01m[K/opt/ros/kinetic/include/ros/time.h:53[m[K,
                 from [01m[K/opt/ros/kinetic/include/ros/ros.h:38[m[K,
                 from [01m[K/home/mohammadreza/Documents/CMU-Project/RED/catkin_ws/src/pointcloud/cylider_seg.cpp:1[m[K:
[01m[K/usr/include/c++/5/bits/stl_iterator_base_funcs.h:114:5:[m[K [01;36m[Knote: [m[K  ‘[01m[Kstd::distance[m[K’
     distance(_InputIterator __first, _InputIterator __last)
[01;32m[K     ^[m[K
In file included from [01m[K/usr/include/boost/fusion/iterator/mpl/fusion_iterator.hpp:15:0[m[K,
                 from [01m[K/usr/include/boost/fusion/iterator/mpl.hpp:12[m[K,
                 from [01m[K/usr/include/boost/fusion/mpl.hpp:11[m[K,
                 from [01m[K/usr/include/boost/fusion/include/mpl.hpp:12[m[K,
                 from [01m[K/usr/include/pcl-1.7/pcl/common/impl/accumulators.hpp:44[m[K,
                 from [01m[K/usr/include/pcl-1.7/pcl/common/centroid.h:954[m[K,
                 from [01m[K/usr/include/pcl-1.7/pcl/common/transforms.h:44[m[K,
                 from [01m[K/opt/ros/kinetic/include/pcl_ros/transforms.h:41[m[K,
                 from [01m[K/home/mohammadreza/Documents/CMU-Project/RED/catkin_ws/src/pointcloud/cylider_seg.cpp:8[m[K:
[01m[K/usr/include/boost/fusion/iterator/distance.hpp:74:5:[m[K [01;36m[Knote: [m[K  ‘[01m[Kboost::fusion::distance[m[K’
     distance(First const& a, Last const& b)
[01;32m[K     ^[m[K
[01m[K/usr/include/boost/fusion/iterator/distance.hpp:61:16:[m[K [01;36m[Knote: [m[K  ‘[01m[Kboost::fusion::result_of::distance[m[K’
         struct distance
[01;32m[K                ^[m[K
In file included from [01m[K/usr/include/c++/5/bits/stl_algobase.h:66:0[m[K,
                 from [01m[K/usr/include/c++/5/bits/char_traits.h:39[m[K,
                 from [01m[K/usr/include/c++/5/string:40[m[K,
                 from [01m[K/opt/ros/kinetic/include/ros/platform.h:55[m[K,
                 from [01m[K/opt/ros/kinetic/include/ros/time.h:53[m[K,
                 from [01m[K/opt/ros/kinetic/include/ros/ros.h:38[m[K,
                 from [01m[K/home/mohammadreza/Documents/CMU-Project/RED/catkin_ws/src/pointcloud/cylider_seg.cpp:1[m[K:
[01m[K/usr/include/c++/5/bits/stl_iterator_base_funcs.h:114:5:[m[K [01;36m[Knote: [m[K  ‘[01m[Kstd::distance[m[K’
     distance(_InputIterator __first, _InputIterator __last)
[01;32m[K     ^[m[K
make[2]: *** [CMakeFiles/cylider_seg.dir/cylider_seg.cpp.o] Error 1
make[1]: *** [CMakeFiles/cylider_seg.dir/all] Error 2
make: *** [all] Error 2
