Determining if the pthread_create exist failed with the following output:
Change Dir: /home/mohammadreza/Documents/CMU-Project/RED/catkin_ws/build/pcl_processor/CMakeFiles/CMakeTmp

Run Build Command:"/usr/bin/make" "cmTC_77548/fast"
/usr/bin/make -f CMakeFiles/cmTC_77548.dir/build.make CMakeFiles/cmTC_77548.dir/build
make[1]: Entering directory '/home/mohammadreza/Documents/CMU-Project/RED/catkin_ws/build/pcl_processor/CMakeFiles/CMakeTmp'
Building C object CMakeFiles/cmTC_77548.dir/CheckSymbolExists.c.o
/usr/bin/cc     -o CMakeFiles/cmTC_77548.dir/CheckSymbolExists.c.o   -c /home/mohammadreza/Documents/CMU-Project/RED/catkin_ws/build/pcl_processor/CMakeFiles/CMakeTmp/CheckSymbolExists.c
Linking C executable cmTC_77548
/usr/bin/cmake -E cmake_link_script CMakeFiles/cmTC_77548.dir/link.txt --verbose=1
/usr/bin/cc       CMakeFiles/cmTC_77548.dir/CheckSymbolExists.c.o  -o cmTC_77548 -rdynamic 
CMakeFiles/cmTC_77548.dir/CheckSymbolExists.c.o: In function `main':
CheckSymbolExists.c:(.text+0x16): undefined reference to `pthread_create'
collect2: error: ld returned 1 exit status
CMakeFiles/cmTC_77548.dir/build.make:97: recipe for target 'cmTC_77548' failed
make[1]: *** [cmTC_77548] Error 1
make[1]: Leaving directory '/home/mohammadreza/Documents/CMU-Project/RED/catkin_ws/build/pcl_processor/CMakeFiles/CMakeTmp'
Makefile:126: recipe for target 'cmTC_77548/fast' failed
make: *** [cmTC_77548/fast] Error 2

File /home/mohammadreza/Documents/CMU-Project/RED/catkin_ws/build/pcl_processor/CMakeFiles/CMakeTmp/CheckSymbolExists.c:
/* */
#include <pthread.h>

int main(int argc, char** argv)
{
  (void)argv;
#ifndef pthread_create
  return ((int*)(&pthread_create))[argc];
#else
  (void)argc;
  return 0;
#endif
}

Determining if the function pthread_create exists in the pthreads failed with the following output:
Change Dir: /home/mohammadreza/Documents/CMU-Project/RED/catkin_ws/build/pcl_processor/CMakeFiles/CMakeTmp

Run Build Command:"/usr/bin/make" "cmTC_5d972/fast"
/usr/bin/make -f CMakeFiles/cmTC_5d972.dir/build.make CMakeFiles/cmTC_5d972.dir/build
make[1]: Entering directory '/home/mohammadreza/Documents/CMU-Project/RED/catkin_ws/build/pcl_processor/CMakeFiles/CMakeTmp'
Building C object CMakeFiles/cmTC_5d972.dir/CheckFunctionExists.c.o
/usr/bin/cc    -DCHECK_FUNCTION_EXISTS=pthread_create   -o CMakeFiles/cmTC_5d972.dir/CheckFunctionExists.c.o   -c /usr/share/cmake-3.5/Modules/CheckFunctionExists.c
Linking C executable cmTC_5d972
/usr/bin/cmake -E cmake_link_script CMakeFiles/cmTC_5d972.dir/link.txt --verbose=1
/usr/bin/cc   -DCHECK_FUNCTION_EXISTS=pthread_create    CMakeFiles/cmTC_5d972.dir/CheckFunctionExists.c.o  -o cmTC_5d972 -rdynamic -lpthreads 
/usr/bin/ld: cannot find -lpthreads
collect2: error: ld returned 1 exit status
CMakeFiles/cmTC_5d972.dir/build.make:97: recipe for target 'cmTC_5d972' failed
make[1]: *** [cmTC_5d972] Error 1
make[1]: Leaving directory '/home/mohammadreza/Documents/CMU-Project/RED/catkin_ws/build/pcl_processor/CMakeFiles/CMakeTmp'
Makefile:126: recipe for target 'cmTC_5d972/fast' failed
make: *** [cmTC_5d972/fast] Error 2


