Determining if the pthread_create exist failed with the following output:
Change Dir: /home/mohammad/Documents/CMU/RED/catkin_ws/src/cmake-build-debug/CMakeFiles/CMakeTmp

Run Build Command:"/usr/bin/make" "cmTC_c55b3/fast"
/usr/bin/make -f CMakeFiles/cmTC_c55b3.dir/build.make CMakeFiles/cmTC_c55b3.dir/build
make[1]: Entering directory '/home/mohammad/Documents/CMU/RED/catkin_ws/src/cmake-build-debug/CMakeFiles/CMakeTmp'
Building C object CMakeFiles/cmTC_c55b3.dir/CheckSymbolExists.c.o
/usr/bin/cc    -o CMakeFiles/cmTC_c55b3.dir/CheckSymbolExists.c.o   -c /home/mohammad/Documents/CMU/RED/catkin_ws/src/cmake-build-debug/CMakeFiles/CMakeTmp/CheckSymbolExists.c
Linking C executable cmTC_c55b3
"/home/mohammad/Desktop/JetBrains CLion 2017.3.1 Build 173.4127.32 Linux/clion-2017.3.1/bin/cmake/bin/cmake" -E cmake_link_script CMakeFiles/cmTC_c55b3.dir/link.txt --verbose=1
/usr/bin/cc      -rdynamic CMakeFiles/cmTC_c55b3.dir/CheckSymbolExists.c.o  -o cmTC_c55b3 
CMakeFiles/cmTC_c55b3.dir/CheckSymbolExists.c.o: In function `main':
CheckSymbolExists.c:(.text+0x16): undefined reference to `pthread_create'
collect2: error: ld returned 1 exit status
CMakeFiles/cmTC_c55b3.dir/build.make:97: recipe for target 'cmTC_c55b3' failed
make[1]: *** [cmTC_c55b3] Error 1
make[1]: Leaving directory '/home/mohammad/Documents/CMU/RED/catkin_ws/src/cmake-build-debug/CMakeFiles/CMakeTmp'
Makefile:126: recipe for target 'cmTC_c55b3/fast' failed
make: *** [cmTC_c55b3/fast] Error 2

File /home/mohammad/Documents/CMU/RED/catkin_ws/src/cmake-build-debug/CMakeFiles/CMakeTmp/CheckSymbolExists.c:
/* */
#include <pthread.h>

int main(int argc, char** argv)
{
  (void)argv;
#ifndef pthread_create
  return ((int*)(&pthread_create))[argc];
#else
  (void)argc;
  return 0;
#endif
}

Determining if the function pthread_create exists in the pthreads failed with the following output:
Change Dir: /home/mohammad/Documents/CMU/RED/catkin_ws/src/cmake-build-debug/CMakeFiles/CMakeTmp

Run Build Command:"/usr/bin/make" "cmTC_b7662/fast"
/usr/bin/make -f CMakeFiles/cmTC_b7662.dir/build.make CMakeFiles/cmTC_b7662.dir/build
make[1]: Entering directory '/home/mohammad/Documents/CMU/RED/catkin_ws/src/cmake-build-debug/CMakeFiles/CMakeTmp'
Building C object CMakeFiles/cmTC_b7662.dir/CheckFunctionExists.c.o
/usr/bin/cc   -DCHECK_FUNCTION_EXISTS=pthread_create   -o CMakeFiles/cmTC_b7662.dir/CheckFunctionExists.c.o   -c "/home/mohammad/Desktop/JetBrains CLion 2017.3.1 Build 173.4127.32 Linux/clion-2017.3.1/bin/cmake/share/cmake-3.9/Modules/CheckFunctionExists.c"
Linking C executable cmTC_b7662
"/home/mohammad/Desktop/JetBrains CLion 2017.3.1 Build 173.4127.32 Linux/clion-2017.3.1/bin/cmake/bin/cmake" -E cmake_link_script CMakeFiles/cmTC_b7662.dir/link.txt --verbose=1
/usr/bin/cc  -DCHECK_FUNCTION_EXISTS=pthread_create    -rdynamic CMakeFiles/cmTC_b7662.dir/CheckFunctionExists.c.o  -o cmTC_b7662 -lpthreads 
/usr/bin/ld: cannot find -lpthreads
collect2: error: ld returned 1 exit status
CMakeFiles/cmTC_b7662.dir/build.make:97: recipe for target 'cmTC_b7662' failed
make[1]: *** [cmTC_b7662] Error 1
make[1]: Leaving directory '/home/mohammad/Documents/CMU/RED/catkin_ws/src/cmake-build-debug/CMakeFiles/CMakeTmp'
Makefile:126: recipe for target 'cmTC_b7662/fast' failed
make: *** [cmTC_b7662/fast] Error 2


